ARM GAS  C:\Users\ADMINI~1\AppData\Local\Temp\cckE1Ewh.s 			page 1


   1              		.syntax unified
   2              		.cpu cortex-m3
   3              		.fpu softvfp
   4              		.eabi_attribute 20, 1
   5              		.eabi_attribute 21, 1
   6              		.eabi_attribute 23, 3
   7              		.eabi_attribute 24, 1
   8              		.eabi_attribute 25, 1
   9              		.eabi_attribute 26, 1
  10              		.eabi_attribute 30, 1
  11              		.eabi_attribute 34, 1
  12              		.eabi_attribute 18, 4
  13              		.thumb
  14              		.file	"Control.c"
  15              		.text
  16              	.Ltext0:
  17              		.cfi_sections	.debug_frame
  18              		.section	.text.Control_Func_InitVariable,"ax",%progbits
  19              		.align	2
  20              		.global	Control_Func_InitVariable
  21              		.thumb
  22              		.thumb_func
  23              		.type	Control_Func_InitVariable, %function
  24              	Control_Func_InitVariable:
  25              	.LFB63:
  26              		.file 1 ".\\Control.c"
   1:.\Control.c   **** #include "Control.h"
   2:.\Control.c   **** 
   3:.\Control.c   **** //æ¥è‡ªè“ç‰™çš„æ•°æ®
   4:.\Control.c   **** extern int BT_Throttle, BT_Yaw, BT_Pitch, BT_Roll;
   5:.\Control.c   **** extern float roll_angle_offset, pitch_angle_offset;
   6:.\Control.c   **** extern float Desire_angle_pitch, Desire_angle_roll, Desire_w_yaw;
   7:.\Control.c   **** //æ¥è‡ªJY901çš„æ•°æ®
   8:.\Control.c   **** extern float AccelX, AccelY, AccelZ;     //ä¸‰è½´åŠ é€Ÿåº¦ï¼Œå•ä½ä¸ºg
   9:.\Control.c   **** extern float OmegaX, OmegaY, OmegaZ;     //ä¸‰è½´è§’é€Ÿåº¦ï¼Œå•ä½ä¸ºÂ°/s
  10:.\Control.c   **** extern float Temperature;                //æµ‹é‡æ¸©åº¦
  11:.\Control.c   **** extern float Roll, Pitch, Yaw;           //ä¸‰è½´è§’åº¦ï¼Œå•ä½ä¸ºÂ°
  12:.\Control.c   **** extern int MagX, MagY, MagZ;             //ä¸‰è½´ç£åœº
  13:.\Control.c   **** 
  14:.\Control.c   **** //å…¶ä»–ä¸´æ—¶å˜é‡
  15:.\Control.c   **** int set_speed_1, set_speed_2, set_speed_3, set_speed_4; //å‚¨å­˜è®¾å®šçš„é€Ÿåº¦
  16:.\Control.c   **** float Error_roll, Error_pitch, Error_w_yaw; //ä¸‰è½´è§’åº¦/Yawè§’é€Ÿåº¦çš„è¯¯å·®
  17:.\Control.c   **** float last_Error_roll, last_Error_pitch, last_Error_w_yaw; //ä¸Šä¸€æ—¶åˆ»çš„è§’åº¦è¯¯å·®ï¼Œç”¨äºæ±
  18:.\Control.c   **** float int_Error_roll, int_Error_pitch, int_Error_w_yaw; //è¯¯å·®çš„ç§¯åˆ†
  19:.\Control.c   **** 
  20:.\Control.c   **** float Desire_w_roll, Desire_w_pitch; //æœŸæœ›çš„Rollå’ŒPitchçš„è§’é€Ÿåº¦
  21:.\Control.c   **** float Error_w_roll, Error_w_pitch; //Rollå’ŒPitchè§’é€Ÿåº¦çš„è¯¯å·®
  22:.\Control.c   **** float last_Error_w_roll, last_Error_w_pitch; //ä¸Šä¸€æ—¶åˆ»çš„Rollå’ŒPitchè§’é€Ÿåº¦è¯¯å·®ï¼Œç”¨äºæ
  23:.\Control.c   **** float int_Error_w_roll, int_Error_w_pitch; //è§’é€Ÿåº¦è¯¯å·®çš„ç§¯åˆ†
  24:.\Control.c   **** float Control_Roll, Control_Pitch, Control_Yaw;
  25:.\Control.c   **** 
  26:.\Control.c   **** //PIDç›¸å…³å‚æ•°
  27:.\Control.c   **** #define angle_P_roll  10.0 //PIDå‚æ•°æœ‰å¾…è°ƒæ•´
  28:.\Control.c   **** #define angle_I_roll  0.0
  29:.\Control.c   **** #define angle_D_roll  0.0
  30:.\Control.c   **** #define angle_P_pitch 10.0
  31:.\Control.c   **** #define angle_I_pitch 0.0
ARM GAS  C:\Users\ADMINI~1\AppData\Local\Temp\cckE1Ewh.s 			page 2


  32:.\Control.c   **** #define angle_D_pitch 0.0
  33:.\Control.c   **** #define Omega_P_roll  10.0
  34:.\Control.c   **** #define Omega_I_roll  0.0
  35:.\Control.c   **** #define Omega_D_roll  0.0
  36:.\Control.c   **** #define Omega_P_pitch 10.0
  37:.\Control.c   **** #define Omega_I_pitch 0.0
  38:.\Control.c   **** #define Omega_D_pitch 0.0
  39:.\Control.c   **** #define Omega_P_yaw   0.0
  40:.\Control.c   **** #define Omega_I_yaw   0.0
  41:.\Control.c   **** #define Omega_D_yaw   0.0
  42:.\Control.c   **** 
  43:.\Control.c   **** //ç§¯åˆ†ä¸Šé™
  44:.\Control.c   **** #define Angle_Int_Sup 1000.0
  45:.\Control.c   **** #define Omega_Int_Sup 1000.0
  46:.\Control.c   **** 
  47:.\Control.c   **** //æœŸæœ›åè§’/è§’é€Ÿåº¦é™åˆ¶
  48:.\Control.c   **** #define Angle_Roll_Sup   30.0
  49:.\Control.c   **** #define Angle_Roll_Inf  -30.0
  50:.\Control.c   **** #define Angle_Pitch_Sup  30.0
  51:.\Control.c   **** #define Angle_Pitch_Inf -30.0
  52:.\Control.c   **** #define Omega_Yaw_Sup    40.0
  53:.\Control.c   **** #define Omega_Yaw_Inf   -40.0
  54:.\Control.c   **** 
  55:.\Control.c   **** //ç”µæœºè½¬é€Ÿ
  56:.\Control.c   **** extern int Motor_v_1, Motor_v_2,  Motor_v_3,  Motor_v_4;
  57:.\Control.c   **** 
  58:.\Control.c   **** int tmpcount = 0; //================================
  59:.\Control.c   **** 
  60:.\Control.c   **** //åˆå§‹åŒ–æ‰€æœ‰å˜é‡
  61:.\Control.c   **** void Control_Func_InitVariable() {
  27              		.loc 1 61 0
  28              		.cfi_startproc
  29              		@ args = 0, pretend = 0, frame = 0
  30              		@ frame_needed = 0, uses_anonymous_args = 0
  31              		@ link register save eliminated.
  62:.\Control.c   ****     set_speed_1 = set_speed_2 = set_speed_3 = set_speed_4 = 0;
  32              		.loc 1 62 0
  33 0000 0023     		movs	r3, #0
  34 0002 194A     		ldr	r2, .L2
  35 0004 1360     		str	r3, [r2]
  36 0006 194A     		ldr	r2, .L2+4
  37 0008 1360     		str	r3, [r2]
  38 000a 194A     		ldr	r2, .L2+8
  39 000c 1360     		str	r3, [r2]
  40 000e 194A     		ldr	r2, .L2+12
  41 0010 1360     		str	r3, [r2]
  63:.\Control.c   ****     Error_roll = Error_pitch = Error_w_yaw = Error_w_pitch = Error_w_roll = 0.0;
  42              		.loc 1 63 0
  43 0012 0023     		movs	r3, #0
  44 0014 184A     		ldr	r2, .L2+16
  45 0016 1360     		str	r3, [r2]	@ float
  46 0018 184A     		ldr	r2, .L2+20
  47 001a 1360     		str	r3, [r2]	@ float
  48 001c 184A     		ldr	r2, .L2+24
  49 001e 1360     		str	r3, [r2]	@ float
  50 0020 184A     		ldr	r2, .L2+28
  51 0022 1360     		str	r3, [r2]	@ float
ARM GAS  C:\Users\ADMINI~1\AppData\Local\Temp\cckE1Ewh.s 			page 3


  52 0024 184A     		ldr	r2, .L2+32
  53 0026 1360     		str	r3, [r2]	@ float
  64:.\Control.c   ****     last_Error_roll = last_Error_pitch = last_Error_w_yaw = last_Error_w_pitch = last_Error_w_roll 
  54              		.loc 1 64 0
  55 0028 184A     		ldr	r2, .L2+36
  56 002a 1360     		str	r3, [r2]	@ float
  57 002c 184A     		ldr	r2, .L2+40
  58 002e 1360     		str	r3, [r2]	@ float
  59 0030 184A     		ldr	r2, .L2+44
  60 0032 1360     		str	r3, [r2]	@ float
  61 0034 184A     		ldr	r2, .L2+48
  62 0036 1360     		str	r3, [r2]	@ float
  63 0038 184A     		ldr	r2, .L2+52
  64 003a 1360     		str	r3, [r2]	@ float
  65:.\Control.c   ****     int_Error_pitch = int_Error_roll = int_Error_w_pitch = int_Error_w_roll = int_Error_w_yaw = 0.0
  65              		.loc 1 65 0
  66 003c 184A     		ldr	r2, .L2+56
  67 003e 1360     		str	r3, [r2]	@ float
  68 0040 184A     		ldr	r2, .L2+60
  69 0042 1360     		str	r3, [r2]	@ float
  70 0044 184A     		ldr	r2, .L2+64
  71 0046 1360     		str	r3, [r2]	@ float
  72 0048 184A     		ldr	r2, .L2+68
  73 004a 1360     		str	r3, [r2]	@ float
  74 004c 184A     		ldr	r2, .L2+72
  75 004e 1360     		str	r3, [r2]	@ float
  66:.\Control.c   ****     Desire_w_pitch = Desire_w_roll = 0.0;
  76              		.loc 1 66 0
  77 0050 184A     		ldr	r2, .L2+76
  78 0052 1360     		str	r3, [r2]	@ float
  79 0054 184A     		ldr	r2, .L2+80
  80 0056 1360     		str	r3, [r2]	@ float
  67:.\Control.c   ****     Control_Roll = Control_Pitch = Control_Yaw = 0.0;
  81              		.loc 1 67 0
  82 0058 184A     		ldr	r2, .L2+84
  83 005a 1360     		str	r3, [r2]	@ float
  84 005c 184A     		ldr	r2, .L2+88
  85 005e 1360     		str	r3, [r2]	@ float
  86 0060 184A     		ldr	r2, .L2+92
  87 0062 1360     		str	r3, [r2]	@ float
  88 0064 7047     		bx	lr
  89              	.L3:
  90 0066 00BF     		.align	2
  91              	.L2:
  92 0068 00000000 		.word	set_speed_4
  93 006c 00000000 		.word	set_speed_3
  94 0070 00000000 		.word	set_speed_2
  95 0074 00000000 		.word	set_speed_1
  96 0078 00000000 		.word	Error_w_roll
  97 007c 00000000 		.word	Error_w_pitch
  98 0080 00000000 		.word	Error_w_yaw
  99 0084 00000000 		.word	Error_pitch
 100 0088 00000000 		.word	Error_roll
 101 008c 00000000 		.word	last_Error_w_roll
 102 0090 00000000 		.word	last_Error_w_pitch
 103 0094 00000000 		.word	last_Error_w_yaw
 104 0098 00000000 		.word	last_Error_pitch
ARM GAS  C:\Users\ADMINI~1\AppData\Local\Temp\cckE1Ewh.s 			page 4


 105 009c 00000000 		.word	last_Error_roll
 106 00a0 00000000 		.word	int_Error_w_yaw
 107 00a4 00000000 		.word	int_Error_w_roll
 108 00a8 00000000 		.word	int_Error_w_pitch
 109 00ac 00000000 		.word	int_Error_roll
 110 00b0 00000000 		.word	int_Error_pitch
 111 00b4 00000000 		.word	Desire_w_roll
 112 00b8 00000000 		.word	Desire_w_pitch
 113 00bc 00000000 		.word	Control_Yaw
 114 00c0 00000000 		.word	Control_Pitch
 115 00c4 00000000 		.word	Control_Roll
 116              		.cfi_endproc
 117              	.LFE63:
 118              		.size	Control_Func_InitVariable, .-Control_Func_InitVariable
 119              		.global	__aeabi_i2f
 120              		.global	__aeabi_f2d
 121              		.global	__aeabi_dsub
 122              		.global	__aeabi_dmul
 123              		.global	__aeabi_d2f
 124              		.global	__aeabi_fadd
 125              		.global	__aeabi_fcmplt
 126              		.global	__aeabi_fcmpgt
 127              		.global	__aeabi_fsub
 128              		.global	__aeabi_dadd
 129              		.global	__aeabi_f2iz
 130              		.section	.text.Control_Main,"ax",%progbits
 131              		.align	2
 132              		.global	Control_Main
 133              		.thumb
 134              		.thumb_func
 135              		.type	Control_Main, %function
 136              	Control_Main:
 137              	.LFB64:
  68:.\Control.c   **** }
  69:.\Control.c   **** 
  70:.\Control.c   **** //ä¸»è¦æ§åˆ¶ç®—æ³•
  71:.\Control.c   **** void Control_Main() {
 138              		.loc 1 71 0
 139              		.cfi_startproc
 140              		@ args = 0, pretend = 0, frame = 8
 141              		@ frame_needed = 0, uses_anonymous_args = 0
 142 0000 2DE9F04F 		push	{r4, r5, r6, r7, r8, r9, r10, fp, lr}
 143              		.cfi_def_cfa_offset 36
 144              		.cfi_offset 4, -36
 145              		.cfi_offset 5, -32
 146              		.cfi_offset 6, -28
 147              		.cfi_offset 7, -24
 148              		.cfi_offset 8, -20
 149              		.cfi_offset 9, -16
 150              		.cfi_offset 10, -12
 151              		.cfi_offset 11, -8
 152              		.cfi_offset 14, -4
 153 0004 83B0     		sub	sp, sp, #12
 154              		.cfi_def_cfa_offset 48
  72:.\Control.c   ****     //è®¾å®šæ ¹æ®æ²¹é—¨å¤§å°è®¾å®šè½¬é€Ÿï¼Œå¹¶ç•™å‡ºæ§åˆ¶ä½™é‡
  73:.\Control.c   ****     set_speed_1 = BT_Throttle * 900 / 1024;
 155              		.loc 1 73 0
ARM GAS  C:\Users\ADMINI~1\AppData\Local\Temp\cckE1Ewh.s 			page 5


 156 0006 674B     		ldr	r3, .L56
 157 0008 1C68     		ldr	r4, [r3]
 158 000a 4FF46173 		mov	r3, #900
 159 000e 03FB04F4 		mul	r4, r3, r4
 160 0012 002C     		cmp	r4, #0
 161 0014 01DA     		bge	.L5
 162 0016 04F2FF34 		addw	r4, r4, #1023
 163              	.L5:
 164 001a A412     		asrs	r4, r4, #10
  74:.\Control.c   ****     set_speed_2 = BT_Throttle * 900 / 1024;
  75:.\Control.c   ****     set_speed_3 = BT_Throttle * 900 / 1024;
  76:.\Control.c   ****     set_speed_4 = BT_Throttle * 900 / 1024;
  77:.\Control.c   ****     
  78:.\Control.c   ****     //è§£ç è“ç‰™ä¼ è¾“çš„è®¾å®šè§’åº¦
  79:.\Control.c   ****     Desire_angle_pitch = -((float)BT_Pitch - 512.0) * 30.0 / 512.0;
 165              		.loc 1 79 0
 166 001c 624B     		ldr	r3, .L56+4
 167 001e 1868     		ldr	r0, [r3]
 168 0020 FFF7FEFF 		bl	__aeabi_i2f
 169              	.LVL0:
 170 0024 FFF7FEFF 		bl	__aeabi_f2d
 171              	.LVL1:
 172 0028 0022     		movs	r2, #0
 173 002a 4FF08143 		mov	r3, #1082130432
 174 002e FFF7FEFF 		bl	__aeabi_dsub
 175              	.LVL2:
 176 0032 0246     		mov	r2, r0
 177 0034 0B46     		mov	r3, r1
 178 0036 1046     		mov	r0, r2
 179 0038 03F10041 		add	r1, r3, #-2147483648
 180 003c 0022     		movs	r2, #0
 181 003e 5B4B     		ldr	r3, .L56+8
 182 0040 FFF7FEFF 		bl	__aeabi_dmul
 183              	.LVL3:
 184 0044 0022     		movs	r2, #0
 185 0046 5A4B     		ldr	r3, .L56+12
 186 0048 FFF7FEFF 		bl	__aeabi_dmul
 187              	.LVL4:
 188 004c FFF7FEFF 		bl	__aeabi_d2f
 189              	.LVL5:
 190 0050 0546     		mov	r5, r0
  80:.\Control.c   ****     Desire_angle_roll = ((float)BT_Roll - 512.0) * 30.0 / 512.0;
 191              		.loc 1 80 0
 192 0052 584B     		ldr	r3, .L56+16
 193 0054 1868     		ldr	r0, [r3]
 194 0056 FFF7FEFF 		bl	__aeabi_i2f
 195              	.LVL6:
 196 005a FFF7FEFF 		bl	__aeabi_f2d
 197              	.LVL7:
 198 005e 0022     		movs	r2, #0
 199 0060 4FF08143 		mov	r3, #1082130432
 200 0064 FFF7FEFF 		bl	__aeabi_dsub
 201              	.LVL8:
 202 0068 0022     		movs	r2, #0
 203 006a 504B     		ldr	r3, .L56+8
 204 006c FFF7FEFF 		bl	__aeabi_dmul
 205              	.LVL9:
ARM GAS  C:\Users\ADMINI~1\AppData\Local\Temp\cckE1Ewh.s 			page 6


 206 0070 0022     		movs	r2, #0
 207 0072 4F4B     		ldr	r3, .L56+12
 208 0074 FFF7FEFF 		bl	__aeabi_dmul
 209              	.LVL10:
 210 0078 FFF7FEFF 		bl	__aeabi_d2f
 211              	.LVL11:
 212 007c 0646     		mov	r6, r0
  81:.\Control.c   ****     Desire_w_yaw = ((float)BT_Yaw - 512.0) * 40.0 / 512.0;
 213              		.loc 1 81 0
 214 007e 4E4B     		ldr	r3, .L56+20
 215 0080 1868     		ldr	r0, [r3]
 216 0082 FFF7FEFF 		bl	__aeabi_i2f
 217              	.LVL12:
 218 0086 FFF7FEFF 		bl	__aeabi_f2d
 219              	.LVL13:
 220 008a 0022     		movs	r2, #0
 221 008c 4FF08143 		mov	r3, #1082130432
 222 0090 FFF7FEFF 		bl	__aeabi_dsub
 223              	.LVL14:
 224 0094 0022     		movs	r2, #0
 225 0096 494B     		ldr	r3, .L56+24
 226 0098 FFF7FEFF 		bl	__aeabi_dmul
 227              	.LVL15:
 228 009c 0022     		movs	r2, #0
 229 009e 444B     		ldr	r3, .L56+12
 230 00a0 FFF7FEFF 		bl	__aeabi_dmul
 231              	.LVL16:
 232 00a4 FFF7FEFF 		bl	__aeabi_d2f
 233              	.LVL17:
 234 00a8 8146     		mov	r9, r0
  82:.\Control.c   ****     
  83:.\Control.c   ****     //åº”ç”¨è§’åº¦åç½®
  84:.\Control.c   ****     Roll += roll_angle_offset;
 235              		.loc 1 84 0
 236 00aa 454F     		ldr	r7, .L56+28
 237 00ac 3868     		ldr	r0, [r7]	@ float
 238 00ae 454B     		ldr	r3, .L56+32
 239 00b0 1968     		ldr	r1, [r3]	@ float
 240 00b2 FFF7FEFF 		bl	__aeabi_fadd
 241              	.LVL18:
 242 00b6 8046     		mov	r8, r0
 243 00b8 3860     		str	r0, [r7]	@ float
  85:.\Control.c   ****     Pitch += pitch_angle_offset;
 244              		.loc 1 85 0
 245 00ba DFF844A1 		ldr	r10, .L56+92
 246 00be DAF80000 		ldr	r0, [r10]	@ float
 247 00c2 414B     		ldr	r3, .L56+36
 248 00c4 1968     		ldr	r1, [r3]	@ float
 249 00c6 FFF7FEFF 		bl	__aeabi_fadd
 250              	.LVL19:
 251 00ca 0746     		mov	r7, r0
 252 00cc CAF80000 		str	r0, [r10]	@ float
  86:.\Control.c   ****     
  87:.\Control.c   ****     //PIDæ§åˆ¶
  88:.\Control.c   ****     //å¯¹äºRollå’ŒPitchï¼Œä½¿ç”¨ä¸¤å±‚é—­ç¯PID
  89:.\Control.c   ****     //ç¬¬ä¸€å±‚æ ¹æ®è§’åº¦çš„è¯¯å·®ç”ŸæˆæœŸæœ›è§’é€Ÿåº¦
  90:.\Control.c   ****     //ç¬¬äºŒå±‚æ ¹æ®è§’é€Ÿåº¦è¯¯å·®è¿›è¡Œæ§åˆ¶
ARM GAS  C:\Users\ADMINI~1\AppData\Local\Temp\cckE1Ewh.s 			page 7


  91:.\Control.c   ****     //å¯¹äºYawï¼Œå› ä¸ºæ— æ³•ç²¾ç¡®è®¡ç®—è§’åº¦ï¼Œä»…å¯¹è§’é€Ÿåº¦è¿›è¡Œä¸€å±‚é—­ç¯çš„PIDæ§åˆ¶
  92:.\Control.c   ****     
  93:.\Control.c   ****     //é™åˆ¶æœŸæœ›åè§’
  94:.\Control.c   ****     Desire_angle_pitch = (Desire_angle_pitch < Angle_Pitch_Inf)?(Angle_Pitch_Inf):((Desire_angle_pi
 253              		.loc 1 94 0
 254 00d0 2846     		mov	r0, r5
 255 00d2 3E49     		ldr	r1, .L56+40
 256 00d4 FFF7FEFF 		bl	__aeabi_fcmplt
 257              	.LVL20:
 258 00d8 30B9     		cbnz	r0, .L35
 259              		.loc 1 94 0 is_stmt 0 discriminator 2
 260 00da 2846     		mov	r0, r5
 261 00dc 3C49     		ldr	r1, .L56+44
 262 00de FFF7FEFF 		bl	__aeabi_fcmpgt
 263              	.LVL21:
 264 00e2 10B1     		cbz	r0, .L6
 265              		.loc 1 94 0
 266 00e4 3A4D     		ldr	r5, .L56+44
 267 00e6 00E0     		b	.L6
 268              	.L35:
 269 00e8 384D     		ldr	r5, .L56+40
 270              	.L6:
 271              		.loc 1 94 0 discriminator 8
 272 00ea 3A4B     		ldr	r3, .L56+48
 273 00ec 1D60     		str	r5, [r3]	@ float
  95:.\Control.c   ****     Desire_angle_roll = (Desire_angle_roll < Angle_Roll_Inf)?(Angle_Roll_Inf):((Desire_angle_roll >
 274              		.loc 1 95 0 is_stmt 1 discriminator 8
 275 00ee 3046     		mov	r0, r6
 276 00f0 3649     		ldr	r1, .L56+40
 277 00f2 FFF7FEFF 		bl	__aeabi_fcmplt
 278              	.LVL22:
 279 00f6 30B9     		cbnz	r0, .L36
 280              		.loc 1 95 0 is_stmt 0 discriminator 2
 281 00f8 3046     		mov	r0, r6
 282 00fa 3549     		ldr	r1, .L56+44
 283 00fc FFF7FEFF 		bl	__aeabi_fcmpgt
 284              	.LVL23:
 285 0100 10B1     		cbz	r0, .L9
 286              		.loc 1 95 0
 287 0102 334E     		ldr	r6, .L56+44
 288 0104 00E0     		b	.L9
 289              	.L36:
 290 0106 314E     		ldr	r6, .L56+40
 291              	.L9:
 292              		.loc 1 95 0 discriminator 8
 293 0108 334B     		ldr	r3, .L56+52
 294 010a 1E60     		str	r6, [r3]	@ float
  96:.\Control.c   ****     Desire_w_yaw = (Desire_w_yaw < Omega_Yaw_Inf)?(Omega_Yaw_Inf):((Desire_w_yaw > Omega_Yaw_Sup)?(
 295              		.loc 1 96 0 is_stmt 1 discriminator 8
 296 010c 4846     		mov	r0, r9
 297 010e 3349     		ldr	r1, .L56+56
 298 0110 FFF7FEFF 		bl	__aeabi_fcmplt
 299              	.LVL24:
 300 0114 38B9     		cbnz	r0, .L37
 301              		.loc 1 96 0 is_stmt 0 discriminator 2
 302 0116 4846     		mov	r0, r9
 303 0118 3149     		ldr	r1, .L56+60
ARM GAS  C:\Users\ADMINI~1\AppData\Local\Temp\cckE1Ewh.s 			page 8


 304 011a FFF7FEFF 		bl	__aeabi_fcmpgt
 305              	.LVL25:
 306 011e 20B1     		cbz	r0, .L12
 307              		.loc 1 96 0
 308 0120 DFF8BC90 		ldr	r9, .L56+60
 309 0124 01E0     		b	.L12
 310              	.L37:
 311 0126 DFF8B490 		ldr	r9, .L56+56
 312              	.L12:
 313              		.loc 1 96 0 discriminator 8
 314 012a 2E4B     		ldr	r3, .L56+64
 315 012c C3F80090 		str	r9, [r3]	@ float
  97:.\Control.c   ****     
  98:.\Control.c   ****     //å¯¹Pitchå’ŒRollè§’åº¦ä¸¤å±‚PIDæ§åˆ¶
  99:.\Control.c   ****     //è®¡ç®—è§’åº¦è¯¯å·®
 100:.\Control.c   ****     Error_roll = Desire_angle_roll - Roll;
 316              		.loc 1 100 0 is_stmt 1 discriminator 8
 317 0130 3046     		mov	r0, r6
 318 0132 4146     		mov	r1, r8
 319 0134 FFF7FEFF 		bl	__aeabi_fsub
 320              	.LVL26:
 321 0138 8046     		mov	r8, r0
 322 013a 2B4B     		ldr	r3, .L56+68
 323 013c 1860     		str	r0, [r3]	@ float
 101:.\Control.c   ****     Error_pitch = Desire_angle_pitch - Pitch;
 324              		.loc 1 101 0 discriminator 8
 325 013e 2846     		mov	r0, r5
 326 0140 3946     		mov	r1, r7
 327 0142 FFF7FEFF 		bl	__aeabi_fsub
 328              	.LVL27:
 329 0146 0546     		mov	r5, r0
 330 0148 284B     		ldr	r3, .L56+72
 331 014a 1860     		str	r0, [r3]	@ float
 102:.\Control.c   ****     
 103:.\Control.c   ****     //ç§¯åˆ†å’Œç§¯åˆ†é™å¹…
 104:.\Control.c   ****     int_Error_roll += Error_roll;
 332              		.loc 1 104 0 discriminator 8
 333 014c 4046     		mov	r0, r8
 334 014e 284B     		ldr	r3, .L56+76
 335 0150 1968     		ldr	r1, [r3]	@ float
 336 0152 FFF7FEFF 		bl	__aeabi_fadd
 337              	.LVL28:
 338 0156 8346     		mov	fp, r0
 105:.\Control.c   ****     int_Error_pitch += Error_pitch;
 339              		.loc 1 105 0 discriminator 8
 340 0158 2846     		mov	r0, r5
 341 015a 264B     		ldr	r3, .L56+80
 342 015c 1968     		ldr	r1, [r3]	@ float
 343 015e FFF7FEFF 		bl	__aeabi_fadd
 344              	.LVL29:
 345 0162 8246     		mov	r10, r0
 106:.\Control.c   ****     int_Error_roll = (int_Error_roll > Angle_Int_Sup)?(Angle_Int_Sup):((int_Error_roll < -Angle_Int
 346              		.loc 1 106 0 discriminator 8
 347 0164 5846     		mov	r0, fp
 348 0166 2449     		ldr	r1, .L56+84
 349 0168 FFF7FEFF 		bl	__aeabi_fcmpgt
 350              	.LVL30:
ARM GAS  C:\Users\ADMINI~1\AppData\Local\Temp\cckE1Ewh.s 			page 9


 351 016c 38B9     		cbnz	r0, .L38
 352              		.loc 1 106 0 is_stmt 0 discriminator 2
 353 016e 5846     		mov	r0, fp
 354 0170 2249     		ldr	r1, .L56+88
 355 0172 FFF7FEFF 		bl	__aeabi_fcmplt
 356              	.LVL31:
 357 0176 20B1     		cbz	r0, .L15
 358              		.loc 1 106 0
 359 0178 DFF880B0 		ldr	fp, .L56+88
 360 017c 01E0     		b	.L15
 361              	.L38:
 362 017e DFF878B0 		ldr	fp, .L56+84
 363              	.L15:
 364              		.loc 1 106 0 discriminator 8
 365 0182 1B4B     		ldr	r3, .L56+76
 366 0184 C3F800B0 		str	fp, [r3]	@ float
 107:.\Control.c   ****     int_Error_pitch = (int_Error_pitch > Angle_Int_Sup)?(Angle_Int_Sup):((int_Error_pitch < -Angle_
 367              		.loc 1 107 0 is_stmt 1 discriminator 8
 368 0188 5046     		mov	r0, r10
 369 018a 1B49     		ldr	r1, .L56+84
 370 018c FFF7FEFF 		bl	__aeabi_fcmpgt
 371              	.LVL32:
 372 0190 C0BB     		cbnz	r0, .L39
 373              		.loc 1 107 0 is_stmt 0 discriminator 2
 374 0192 5046     		mov	r0, r10
 375 0194 1949     		ldr	r1, .L56+88
 376 0196 FFF7FEFF 		bl	__aeabi_fcmplt
 377              	.LVL33:
 378 019a A8B3     		cbz	r0, .L18
 379              		.loc 1 107 0
 380 019c DFF85CA0 		ldr	r10, .L56+88
 381 01a0 32E0     		b	.L18
 382              	.L57:
 383 01a2 00BF     		.align	2
 384              	.L56:
 385 01a4 00000000 		.word	BT_Throttle
 386 01a8 00000000 		.word	BT_Pitch
 387 01ac 00003E40 		.word	1077805056
 388 01b0 0000603F 		.word	1063256064
 389 01b4 00000000 		.word	BT_Roll
 390 01b8 00000000 		.word	BT_Yaw
 391 01bc 00004440 		.word	1078198272
 392 01c0 00000000 		.word	Roll
 393 01c4 00000000 		.word	roll_angle_offset
 394 01c8 00000000 		.word	pitch_angle_offset
 395 01cc 0000F0C1 		.word	-1041235968
 396 01d0 0000F041 		.word	1106247680
 397 01d4 00000000 		.word	Desire_angle_pitch
 398 01d8 00000000 		.word	Desire_angle_roll
 399 01dc 000020C2 		.word	-1038090240
 400 01e0 00002042 		.word	1109393408
 401 01e4 00000000 		.word	Desire_w_yaw
 402 01e8 00000000 		.word	Error_roll
 403 01ec 00000000 		.word	Error_pitch
 404 01f0 00000000 		.word	int_Error_roll
 405 01f4 00000000 		.word	int_Error_pitch
 406 01f8 00007A44 		.word	1148846080
ARM GAS  C:\Users\ADMINI~1\AppData\Local\Temp\cckE1Ewh.s 			page 10


 407 01fc 00007AC4 		.word	-998637568
 408 0200 00000000 		.word	Pitch
 409              	.L39:
 410 0204 DFF868A2 		ldr	r10, .L58+44
 411              	.L18:
 412              		.loc 1 107 0 discriminator 8
 413 0208 8E4B     		ldr	r3, .L58
 414 020a C3F800A0 		str	r10, [r3]	@ float
 108:.\Control.c   ****     
 109:.\Control.c   ****     //PIDç”ŸæˆæœŸæœ›è§’é€Ÿåº¦
 110:.\Control.c   ****     Desire_w_roll = Error_roll*angle_P_roll + int_Error_roll*angle_I_roll + (Error_roll - last_Erro
 415              		.loc 1 110 0 is_stmt 1 discriminator 8
 416 020e 4046     		mov	r0, r8
 417 0210 FFF7FEFF 		bl	__aeabi_f2d
 418              	.LVL34:
 419 0214 0022     		movs	r2, #0
 420 0216 8C4B     		ldr	r3, .L58+4
 421 0218 FFF7FEFF 		bl	__aeabi_dmul
 422              	.LVL35:
 423 021c 0646     		mov	r6, r0
 424 021e 0F46     		mov	r7, r1
 425 0220 5846     		mov	r0, fp
 426 0222 FFF7FEFF 		bl	__aeabi_f2d
 427              	.LVL36:
 428 0226 0022     		movs	r2, #0
 429 0228 0023     		movs	r3, #0
 430 022a FFF7FEFF 		bl	__aeabi_dmul
 431              	.LVL37:
 432 022e 0246     		mov	r2, r0
 433 0230 0B46     		mov	r3, r1
 434 0232 3046     		mov	r0, r6
 435 0234 3946     		mov	r1, r7
 436 0236 FFF7FEFF 		bl	__aeabi_dadd
 437              	.LVL38:
 438 023a 0646     		mov	r6, r0
 439 023c 0F46     		mov	r7, r1
 440 023e DFF850B2 		ldr	fp, .L58+76
 441 0242 4046     		mov	r0, r8
 442 0244 DBF80010 		ldr	r1, [fp]	@ float
 443 0248 FFF7FEFF 		bl	__aeabi_fsub
 444              	.LVL39:
 445 024c FFF7FEFF 		bl	__aeabi_f2d
 446              	.LVL40:
 447 0250 0022     		movs	r2, #0
 448 0252 0023     		movs	r3, #0
 449 0254 FFF7FEFF 		bl	__aeabi_dmul
 450              	.LVL41:
 451 0258 0246     		mov	r2, r0
 452 025a 0B46     		mov	r3, r1
 453 025c 3046     		mov	r0, r6
 454 025e 3946     		mov	r1, r7
 455 0260 FFF7FEFF 		bl	__aeabi_dadd
 456              	.LVL42:
 457 0264 FFF7FEFF 		bl	__aeabi_d2f
 458              	.LVL43:
 459 0268 0646     		mov	r6, r0
 460 026a 784B     		ldr	r3, .L58+8
ARM GAS  C:\Users\ADMINI~1\AppData\Local\Temp\cckE1Ewh.s 			page 11


 461 026c 1860     		str	r0, [r3]	@ float
 111:.\Control.c   ****     Desire_w_pitch = Error_pitch*angle_P_roll + int_Error_pitch*angle_I_roll + (Error_pitch - last_
 462              		.loc 1 111 0 discriminator 8
 463 026e 2846     		mov	r0, r5
 464 0270 FFF7FEFF 		bl	__aeabi_f2d
 465              	.LVL44:
 466 0274 0022     		movs	r2, #0
 467 0276 744B     		ldr	r3, .L58+4
 468 0278 FFF7FEFF 		bl	__aeabi_dmul
 469              	.LVL45:
 470 027c CDE90001 		strd	r0, [sp]
 471 0280 5046     		mov	r0, r10
 472 0282 FFF7FEFF 		bl	__aeabi_f2d
 473              	.LVL46:
 474 0286 0022     		movs	r2, #0
 475 0288 0023     		movs	r3, #0
 476 028a FFF7FEFF 		bl	__aeabi_dmul
 477              	.LVL47:
 478 028e 0246     		mov	r2, r0
 479 0290 0B46     		mov	r3, r1
 480 0292 DDE90001 		ldrd	r0, [sp]
 481 0296 FFF7FEFF 		bl	__aeabi_dadd
 482              	.LVL48:
 483 029a CDE90001 		strd	r0, [sp]
 484 029e 6C4F     		ldr	r7, .L58+12
 485 02a0 2846     		mov	r0, r5
 486 02a2 3968     		ldr	r1, [r7]	@ float
 487 02a4 FFF7FEFF 		bl	__aeabi_fsub
 488              	.LVL49:
 489 02a8 FFF7FEFF 		bl	__aeabi_f2d
 490              	.LVL50:
 491 02ac 0022     		movs	r2, #0
 492 02ae 0023     		movs	r3, #0
 493 02b0 FFF7FEFF 		bl	__aeabi_dmul
 494              	.LVL51:
 495 02b4 0246     		mov	r2, r0
 496 02b6 0B46     		mov	r3, r1
 497 02b8 DDE90001 		ldrd	r0, [sp]
 498 02bc FFF7FEFF 		bl	__aeabi_dadd
 499              	.LVL52:
 500 02c0 FFF7FEFF 		bl	__aeabi_d2f
 501              	.LVL53:
 502 02c4 8246     		mov	r10, r0
 503 02c6 634B     		ldr	r3, .L58+16
 504 02c8 1860     		str	r0, [r3]	@ float
 112:.\Control.c   ****     
 113:.\Control.c   ****     //æ›´æ–°è§’åº¦è¯¯å·®
 114:.\Control.c   ****     last_Error_roll = Error_roll;
 505              		.loc 1 114 0 discriminator 8
 506 02ca CBF80080 		str	r8, [fp]	@ float
 115:.\Control.c   ****     last_Error_pitch = Error_pitch;
 507              		.loc 1 115 0 discriminator 8
 508 02ce 3D60     		str	r5, [r7]	@ float
 116:.\Control.c   ****     
 117:.\Control.c   ****     //è®¡ç®—è§’é€Ÿåº¦è¯¯å·®
 118:.\Control.c   ****     Error_w_roll = Desire_w_roll - OmegaX; //å…·ä½“çš„è½´ä¸è§’é€Ÿåº¦çš„å¯¹åº”å…³ç³»æœ‰å¾…æµ‹é‡
 509              		.loc 1 118 0 discriminator 8
ARM GAS  C:\Users\ADMINI~1\AppData\Local\Temp\cckE1Ewh.s 			page 12


 510 02d0 3046     		mov	r0, r6
 511 02d2 614B     		ldr	r3, .L58+20
 512 02d4 1968     		ldr	r1, [r3]	@ float
 513 02d6 FFF7FEFF 		bl	__aeabi_fsub
 514              	.LVL54:
 515 02da 8046     		mov	r8, r0
 516 02dc 5F4B     		ldr	r3, .L58+24
 517 02de 1860     		str	r0, [r3]	@ float
 119:.\Control.c   ****     Error_w_pitch = Desire_w_pitch - OmegaY;
 518              		.loc 1 119 0 discriminator 8
 519 02e0 5046     		mov	r0, r10
 520 02e2 5F4B     		ldr	r3, .L58+28
 521 02e4 1968     		ldr	r1, [r3]	@ float
 522 02e6 FFF7FEFF 		bl	__aeabi_fsub
 523              	.LVL55:
 524 02ea 0546     		mov	r5, r0
 525 02ec 5D4B     		ldr	r3, .L58+32
 526 02ee 1860     		str	r0, [r3]	@ float
 120:.\Control.c   ****     
 121:.\Control.c   ****     //è§’é€Ÿåº¦è¯¯å·®ç§¯åˆ†å’Œç§¯åˆ†é™å¹…
 122:.\Control.c   ****     int_Error_w_roll += Error_w_roll;
 527              		.loc 1 122 0 discriminator 8
 528 02f0 4046     		mov	r0, r8
 529 02f2 5D4B     		ldr	r3, .L58+36
 530 02f4 1968     		ldr	r1, [r3]	@ float
 531 02f6 FFF7FEFF 		bl	__aeabi_fadd
 532              	.LVL56:
 533 02fa 8346     		mov	fp, r0
 123:.\Control.c   ****     int_Error_w_pitch += Error_w_pitch;
 534              		.loc 1 123 0 discriminator 8
 535 02fc 2846     		mov	r0, r5
 536 02fe 5B4B     		ldr	r3, .L58+40
 537 0300 1968     		ldr	r1, [r3]	@ float
 538 0302 FFF7FEFF 		bl	__aeabi_fadd
 539              	.LVL57:
 540 0306 8246     		mov	r10, r0
 124:.\Control.c   ****     int_Error_w_roll = (int_Error_w_roll > Omega_Int_Sup)?(Omega_Int_Sup):((int_Error_w_roll < -Ome
 541              		.loc 1 124 0 discriminator 8
 542 0308 5846     		mov	r0, fp
 543 030a 5949     		ldr	r1, .L58+44
 544 030c FFF7FEFF 		bl	__aeabi_fcmpgt
 545              	.LVL58:
 546 0310 38B9     		cbnz	r0, .L40
 547              		.loc 1 124 0 is_stmt 0 discriminator 2
 548 0312 5846     		mov	r0, fp
 549 0314 5749     		ldr	r1, .L58+48
 550 0316 FFF7FEFF 		bl	__aeabi_fcmplt
 551              	.LVL59:
 552 031a 20B1     		cbz	r0, .L21
 553              		.loc 1 124 0
 554 031c DFF854B1 		ldr	fp, .L58+48
 555 0320 01E0     		b	.L21
 556              	.L40:
 557 0322 DFF84CB1 		ldr	fp, .L58+44
 558              	.L21:
 559              		.loc 1 124 0 discriminator 8
 560 0326 504B     		ldr	r3, .L58+36
ARM GAS  C:\Users\ADMINI~1\AppData\Local\Temp\cckE1Ewh.s 			page 13


 561 0328 C3F800B0 		str	fp, [r3]	@ float
 125:.\Control.c   ****     int_Error_w_pitch = (int_Error_w_pitch > Omega_Int_Sup)?(Omega_Int_Sup):((int_Error_w_pitch < -
 562              		.loc 1 125 0 is_stmt 1 discriminator 8
 563 032c 5046     		mov	r0, r10
 564 032e 5049     		ldr	r1, .L58+44
 565 0330 FFF7FEFF 		bl	__aeabi_fcmpgt
 566              	.LVL60:
 567 0334 38B9     		cbnz	r0, .L41
 568              		.loc 1 125 0 is_stmt 0 discriminator 2
 569 0336 5046     		mov	r0, r10
 570 0338 4E49     		ldr	r1, .L58+48
 571 033a FFF7FEFF 		bl	__aeabi_fcmplt
 572              	.LVL61:
 573 033e 20B1     		cbz	r0, .L24
 574              		.loc 1 125 0
 575 0340 DFF830A1 		ldr	r10, .L58+48
 576 0344 01E0     		b	.L24
 577              	.L41:
 578 0346 DFF828A1 		ldr	r10, .L58+44
 579              	.L24:
 580              		.loc 1 125 0 discriminator 8
 581 034a 484B     		ldr	r3, .L58+40
 582 034c C3F800A0 		str	r10, [r3]	@ float
 126:.\Control.c   ****     
 127:.\Control.c   ****     //PIDç”Ÿæˆæ§åˆ¶é‡
 128:.\Control.c   ****     Control_Roll = Error_w_roll*Omega_P_roll + int_Error_w_roll*Omega_I_roll + (Error_w_roll - last
 583              		.loc 1 128 0 is_stmt 1 discriminator 8
 584 0350 4046     		mov	r0, r8
 585 0352 FFF7FEFF 		bl	__aeabi_f2d
 586              	.LVL62:
 587 0356 0022     		movs	r2, #0
 588 0358 3B4B     		ldr	r3, .L58+4
 589 035a FFF7FEFF 		bl	__aeabi_dmul
 590              	.LVL63:
 591 035e 0646     		mov	r6, r0
 592 0360 0F46     		mov	r7, r1
 593 0362 5846     		mov	r0, fp
 594 0364 FFF7FEFF 		bl	__aeabi_f2d
 595              	.LVL64:
 596 0368 0022     		movs	r2, #0
 597 036a 0023     		movs	r3, #0
 598 036c FFF7FEFF 		bl	__aeabi_dmul
 599              	.LVL65:
 600 0370 0246     		mov	r2, r0
 601 0372 0B46     		mov	r3, r1
 602 0374 3046     		mov	r0, r6
 603 0376 3946     		mov	r1, r7
 604 0378 FFF7FEFF 		bl	__aeabi_dadd
 605              	.LVL66:
 606 037c 0646     		mov	r6, r0
 607 037e 0F46     		mov	r7, r1
 608 0380 DFF810B1 		ldr	fp, .L58+80
 609 0384 4046     		mov	r0, r8
 610 0386 DBF80010 		ldr	r1, [fp]	@ float
 611 038a FFF7FEFF 		bl	__aeabi_fsub
 612              	.LVL67:
 613 038e FFF7FEFF 		bl	__aeabi_f2d
ARM GAS  C:\Users\ADMINI~1\AppData\Local\Temp\cckE1Ewh.s 			page 14


 614              	.LVL68:
 615 0392 0022     		movs	r2, #0
 616 0394 0023     		movs	r3, #0
 617 0396 FFF7FEFF 		bl	__aeabi_dmul
 618              	.LVL69:
 619 039a 0246     		mov	r2, r0
 620 039c 0B46     		mov	r3, r1
 621 039e 3046     		mov	r0, r6
 622 03a0 3946     		mov	r1, r7
 623 03a2 FFF7FEFF 		bl	__aeabi_dadd
 624              	.LVL70:
 625 03a6 FFF7FEFF 		bl	__aeabi_d2f
 626              	.LVL71:
 627 03aa 0646     		mov	r6, r0
 628 03ac 324B     		ldr	r3, .L58+52
 629 03ae 1860     		str	r0, [r3]	@ float
 129:.\Control.c   ****     Control_Pitch = Error_w_pitch*Omega_P_pitch + int_Error_w_pitch*Omega_I_pitch + (Error_w_pitch 
 630              		.loc 1 129 0 discriminator 8
 631 03b0 2846     		mov	r0, r5
 632 03b2 FFF7FEFF 		bl	__aeabi_f2d
 633              	.LVL72:
 634 03b6 0022     		movs	r2, #0
 635 03b8 234B     		ldr	r3, .L58+4
 636 03ba FFF7FEFF 		bl	__aeabi_dmul
 637              	.LVL73:
 638 03be CDE90001 		strd	r0, [sp]
 639 03c2 5046     		mov	r0, r10
 640 03c4 FFF7FEFF 		bl	__aeabi_f2d
 641              	.LVL74:
 642 03c8 0022     		movs	r2, #0
 643 03ca 0023     		movs	r3, #0
 644 03cc FFF7FEFF 		bl	__aeabi_dmul
 645              	.LVL75:
 646 03d0 0246     		mov	r2, r0
 647 03d2 0B46     		mov	r3, r1
 648 03d4 DDE90001 		ldrd	r0, [sp]
 649 03d8 FFF7FEFF 		bl	__aeabi_dadd
 650              	.LVL76:
 651 03dc CDE90001 		strd	r0, [sp]
 652 03e0 264F     		ldr	r7, .L58+56
 653 03e2 2846     		mov	r0, r5
 654 03e4 3968     		ldr	r1, [r7]	@ float
 655 03e6 FFF7FEFF 		bl	__aeabi_fsub
 656              	.LVL77:
 657 03ea FFF7FEFF 		bl	__aeabi_f2d
 658              	.LVL78:
 659 03ee 0022     		movs	r2, #0
 660 03f0 0023     		movs	r3, #0
 661 03f2 FFF7FEFF 		bl	__aeabi_dmul
 662              	.LVL79:
 663 03f6 0246     		mov	r2, r0
 664 03f8 0B46     		mov	r3, r1
 665 03fa DDE90001 		ldrd	r0, [sp]
 666 03fe FFF7FEFF 		bl	__aeabi_dadd
 667              	.LVL80:
 668 0402 FFF7FEFF 		bl	__aeabi_d2f
 669              	.LVL81:
ARM GAS  C:\Users\ADMINI~1\AppData\Local\Temp\cckE1Ewh.s 			page 15


 670 0406 8246     		mov	r10, r0
 671 0408 1D4B     		ldr	r3, .L58+60
 672 040a 1860     		str	r0, [r3]	@ float
 130:.\Control.c   ****     
 131:.\Control.c   ****     //æ›´æ–°è§’é€Ÿåº¦è¯¯å·®
 132:.\Control.c   ****     last_Error_w_roll = Error_w_roll;
 673              		.loc 1 132 0 discriminator 8
 674 040c CBF80080 		str	r8, [fp]	@ float
 133:.\Control.c   ****     last_Error_w_pitch = Error_w_pitch;
 675              		.loc 1 133 0 discriminator 8
 676 0410 3D60     		str	r5, [r7]	@ float
 134:.\Control.c   **** 
 135:.\Control.c   ****     //å¯¹yawè§’åº¦çš„å¤„ç†ï¼Œå½¢æˆä¸€ä¸ªPIDé—­ç¯
 136:.\Control.c   ****     //å› ä¸ºå¯¹yawè§’åº¦æµ‹é‡ä¸å‡†ï¼Œå› æ­¤åªè€ƒè™‘è§’é€Ÿåº¦
 137:.\Control.c   ****     Error_w_yaw = Desire_w_yaw - OmegaZ;
 677              		.loc 1 137 0 discriminator 8
 678 0412 4846     		mov	r0, r9
 679 0414 1B4B     		ldr	r3, .L58+64
 680 0416 1968     		ldr	r1, [r3]	@ float
 681 0418 FFF7FEFF 		bl	__aeabi_fsub
 682              	.LVL82:
 683 041c 0546     		mov	r5, r0
 684 041e 1A4B     		ldr	r3, .L58+68
 685 0420 1860     		str	r0, [r3]	@ float
 138:.\Control.c   ****     int_Error_w_yaw += Error_w_yaw;
 686              		.loc 1 138 0 discriminator 8
 687 0422 1A4B     		ldr	r3, .L58+72
 688 0424 1968     		ldr	r1, [r3]	@ float
 689 0426 FFF7FEFF 		bl	__aeabi_fadd
 690              	.LVL83:
 691 042a 0746     		mov	r7, r0
 139:.\Control.c   ****     int_Error_w_yaw = (int_Error_w_yaw > Omega_Int_Sup)?(Omega_Int_Sup):((int_Error_w_yaw < -Omega_
 692              		.loc 1 139 0 discriminator 8
 693 042c 1049     		ldr	r1, .L58+44
 694 042e FFF7FEFF 		bl	__aeabi_fcmpgt
 695              	.LVL84:
 696 0432 88BB     		cbnz	r0, .L42
 697              		.loc 1 139 0 is_stmt 0 discriminator 2
 698 0434 3846     		mov	r0, r7
 699 0436 0F49     		ldr	r1, .L58+48
 700 0438 FFF7FEFF 		bl	__aeabi_fcmplt
 701              	.LVL85:
 702 043c 68B3     		cbz	r0, .L27
 703              		.loc 1 139 0
 704 043e 0D4F     		ldr	r7, .L58+48
 705 0440 2BE0     		b	.L27
 706              	.L59:
 707 0442 00BF     		.align	2
 708              	.L58:
 709 0444 00000000 		.word	int_Error_pitch
 710 0448 00002440 		.word	1076101120
 711 044c 00000000 		.word	Desire_w_roll
 712 0450 00000000 		.word	last_Error_pitch
 713 0454 00000000 		.word	Desire_w_pitch
 714 0458 00000000 		.word	OmegaX
 715 045c 00000000 		.word	Error_w_roll
 716 0460 00000000 		.word	OmegaY
ARM GAS  C:\Users\ADMINI~1\AppData\Local\Temp\cckE1Ewh.s 			page 16


 717 0464 00000000 		.word	Error_w_pitch
 718 0468 00000000 		.word	int_Error_w_roll
 719 046c 00000000 		.word	int_Error_w_pitch
 720 0470 00007A44 		.word	1148846080
 721 0474 00007AC4 		.word	-998637568
 722 0478 00000000 		.word	Control_Roll
 723 047c 00000000 		.word	last_Error_w_pitch
 724 0480 00000000 		.word	Control_Pitch
 725 0484 00000000 		.word	OmegaZ
 726 0488 00000000 		.word	Error_w_yaw
 727 048c 00000000 		.word	int_Error_w_yaw
 728 0490 00000000 		.word	last_Error_roll
 729 0494 00000000 		.word	last_Error_w_roll
 730              	.L42:
 731 0498 724F     		ldr	r7, .L60
 732              	.L27:
 733              		.loc 1 139 0 discriminator 8
 734 049a 734B     		ldr	r3, .L60+4
 735 049c 1F60     		str	r7, [r3]	@ float
 140:.\Control.c   ****     Control_Yaw = Error_w_yaw*Omega_P_yaw + int_Error_w_yaw*Omega_I_yaw + (Error_w_yaw - last_Error
 736              		.loc 1 140 0 is_stmt 1 discriminator 8
 737 049e 2846     		mov	r0, r5
 738 04a0 FFF7FEFF 		bl	__aeabi_f2d
 739              	.LVL86:
 740 04a4 0022     		movs	r2, #0
 741 04a6 0023     		movs	r3, #0
 742 04a8 FFF7FEFF 		bl	__aeabi_dmul
 743              	.LVL87:
 744 04ac 8046     		mov	r8, r0
 745 04ae 8946     		mov	r9, r1
 746 04b0 3846     		mov	r0, r7
 747 04b2 FFF7FEFF 		bl	__aeabi_f2d
 748              	.LVL88:
 749 04b6 0022     		movs	r2, #0
 750 04b8 0023     		movs	r3, #0
 751 04ba FFF7FEFF 		bl	__aeabi_dmul
 752              	.LVL89:
 753 04be 0246     		mov	r2, r0
 754 04c0 0B46     		mov	r3, r1
 755 04c2 4046     		mov	r0, r8
 756 04c4 4946     		mov	r1, r9
 757 04c6 FFF7FEFF 		bl	__aeabi_dadd
 758              	.LVL90:
 759 04ca 8046     		mov	r8, r0
 760 04cc 8946     		mov	r9, r1
 761 04ce DFF8B8B1 		ldr	fp, .L60+36
 762 04d2 2846     		mov	r0, r5
 763 04d4 DBF80010 		ldr	r1, [fp]	@ float
 764 04d8 FFF7FEFF 		bl	__aeabi_fsub
 765              	.LVL91:
 766 04dc FFF7FEFF 		bl	__aeabi_f2d
 767              	.LVL92:
 768 04e0 0022     		movs	r2, #0
 769 04e2 0023     		movs	r3, #0
 770 04e4 FFF7FEFF 		bl	__aeabi_dmul
 771              	.LVL93:
 772 04e8 0246     		mov	r2, r0
ARM GAS  C:\Users\ADMINI~1\AppData\Local\Temp\cckE1Ewh.s 			page 17


 773 04ea 0B46     		mov	r3, r1
 774 04ec 4046     		mov	r0, r8
 775 04ee 4946     		mov	r1, r9
 776 04f0 FFF7FEFF 		bl	__aeabi_dadd
 777              	.LVL94:
 778 04f4 FFF7FEFF 		bl	__aeabi_d2f
 779              	.LVL95:
 780 04f8 0746     		mov	r7, r0
 781 04fa 5C4B     		ldr	r3, .L60+8
 782 04fc 1860     		str	r0, [r3]	@ float
 141:.\Control.c   ****     last_Error_w_yaw = Error_w_yaw;
 783              		.loc 1 141 0 discriminator 8
 784 04fe CBF80050 		str	r5, [fp]	@ float
 142:.\Control.c   ****     
 143:.\Control.c   ****     //æ§åˆ¶é‡è½¬åŒ–ä¸ºç”µæœºè½¬é€Ÿå˜åŒ–
 144:.\Control.c   ****     //å®é™…æ—‹è½¬æ–¹å‘å’Œç”µæœºç¼–å·éœ€è¦è¿›ä¸€æ­¥ç¡®è®¤
 145:.\Control.c   ****     set_speed_1 +=  Control_Roll + Control_Pitch + Control_Yaw;
 785              		.loc 1 145 0 discriminator 8
 786 0502 2046     		mov	r0, r4
 787 0504 FFF7FEFF 		bl	__aeabi_i2f
 788              	.LVL96:
 789 0508 0446     		mov	r4, r0
 790 050a 3046     		mov	r0, r6
 791 050c 5146     		mov	r1, r10
 792 050e FFF7FEFF 		bl	__aeabi_fadd
 793              	.LVL97:
 794 0512 0146     		mov	r1, r0
 795 0514 3846     		mov	r0, r7
 796 0516 FFF7FEFF 		bl	__aeabi_fadd
 797              	.LVL98:
 798 051a 0146     		mov	r1, r0
 799 051c 2046     		mov	r0, r4
 800 051e FFF7FEFF 		bl	__aeabi_fadd
 801              	.LVL99:
 802 0522 FFF7FEFF 		bl	__aeabi_f2iz
 803              	.LVL100:
 804 0526 8146     		mov	r9, r0
 146:.\Control.c   ****     set_speed_2 += -Control_Roll + Control_Pitch - Control_Yaw;
 805              		.loc 1 146 0 discriminator 8
 806 0528 5046     		mov	r0, r10
 807 052a 3146     		mov	r1, r6
 808 052c FFF7FEFF 		bl	__aeabi_fsub
 809              	.LVL101:
 810 0530 3946     		mov	r1, r7
 811 0532 FFF7FEFF 		bl	__aeabi_fsub
 812              	.LVL102:
 813 0536 0146     		mov	r1, r0
 814 0538 2046     		mov	r0, r4
 815 053a FFF7FEFF 		bl	__aeabi_fadd
 816              	.LVL103:
 817 053e FFF7FEFF 		bl	__aeabi_f2iz
 818              	.LVL104:
 819 0542 8046     		mov	r8, r0
 147:.\Control.c   ****     set_speed_3 += -Control_Roll - Control_Pitch + Control_Yaw;
 820              		.loc 1 147 0 discriminator 8
 821 0544 06F10040 		add	r0, r6, #-2147483648
 822 0548 5146     		mov	r1, r10
ARM GAS  C:\Users\ADMINI~1\AppData\Local\Temp\cckE1Ewh.s 			page 18


 823 054a FFF7FEFF 		bl	__aeabi_fsub
 824              	.LVL105:
 825 054e 0146     		mov	r1, r0
 826 0550 3846     		mov	r0, r7
 827 0552 FFF7FEFF 		bl	__aeabi_fadd
 828              	.LVL106:
 829 0556 0146     		mov	r1, r0
 830 0558 2046     		mov	r0, r4
 831 055a FFF7FEFF 		bl	__aeabi_fadd
 832              	.LVL107:
 833 055e FFF7FEFF 		bl	__aeabi_f2iz
 834              	.LVL108:
 835 0562 0546     		mov	r5, r0
 148:.\Control.c   ****     set_speed_4 +=  Control_Roll - Control_Pitch - Control_Yaw;
 836              		.loc 1 148 0 discriminator 8
 837 0564 3046     		mov	r0, r6
 838 0566 5146     		mov	r1, r10
 839 0568 FFF7FEFF 		bl	__aeabi_fsub
 840              	.LVL109:
 841 056c 3946     		mov	r1, r7
 842 056e FFF7FEFF 		bl	__aeabi_fsub
 843              	.LVL110:
 844 0572 0146     		mov	r1, r0
 845 0574 2046     		mov	r0, r4
 846 0576 FFF7FEFF 		bl	__aeabi_fadd
 847              	.LVL111:
 848 057a FFF7FEFF 		bl	__aeabi_f2iz
 849              	.LVL112:
 149:.\Control.c   ****     
 150:.\Control.c   ****     //é™åˆ¶ç”µæœºè½¬é€Ÿåœ¨0-1000
 151:.\Control.c   ****     set_speed_1 = (set_speed_1 < 0)?(0):((set_speed_1 > 1000)?(1000):(set_speed_1));
 850              		.loc 1 151 0 discriminator 8
 851 057e B9F1000F 		cmp	r9, #0
 852 0582 06DB     		blt	.L43
 853              		.loc 1 151 0 is_stmt 0 discriminator 1
 854 0584 4B46     		mov	r3, r9
 855 0586 B9F57A7F 		cmp	r9, #1000
 856 058a A8BF     		it	ge
 857 058c 4FF47A73 		movge	r3, #1000
 858 0590 00E0     		b	.L30
 859              	.L43:
 860              		.loc 1 151 0
 861 0592 0023     		movs	r3, #0
 862              	.L30:
 863              		.loc 1 151 0 discriminator 4
 864 0594 364A     		ldr	r2, .L60+12
 865 0596 1360     		str	r3, [r2]
 152:.\Control.c   ****     set_speed_2 = (set_speed_2 < 0)?(0):((set_speed_2 > 1000)?(1000):(set_speed_2));
 866              		.loc 1 152 0 is_stmt 1 discriminator 4
 867 0598 B8F1000F 		cmp	r8, #0
 868 059c 06DB     		blt	.L44
 869              		.loc 1 152 0 is_stmt 0 discriminator 1
 870 059e 4346     		mov	r3, r8
 871 05a0 B8F57A7F 		cmp	r8, #1000
 872 05a4 A8BF     		it	ge
 873 05a6 4FF47A73 		movge	r3, #1000
 874 05aa 00E0     		b	.L31
ARM GAS  C:\Users\ADMINI~1\AppData\Local\Temp\cckE1Ewh.s 			page 19


 875              	.L44:
 876              		.loc 1 152 0
 877 05ac 0023     		movs	r3, #0
 878              	.L31:
 879              		.loc 1 152 0 discriminator 4
 880 05ae 314A     		ldr	r2, .L60+16
 881 05b0 1360     		str	r3, [r2]
 153:.\Control.c   ****     set_speed_3 = (set_speed_3 < 0)?(0):((set_speed_3 > 1000)?(1000):(set_speed_3));
 882              		.loc 1 153 0 is_stmt 1 discriminator 4
 883 05b2 002D     		cmp	r5, #0
 884 05b4 05DB     		blt	.L45
 885              		.loc 1 153 0 is_stmt 0 discriminator 1
 886 05b6 B5F57A7F 		cmp	r5, #1000
 887 05ba A8BF     		it	ge
 888 05bc 4FF47A75 		movge	r5, #1000
 889 05c0 00E0     		b	.L32
 890              	.L45:
 891              		.loc 1 153 0
 892 05c2 0025     		movs	r5, #0
 893              	.L32:
 894              		.loc 1 153 0 discriminator 4
 895 05c4 2C4B     		ldr	r3, .L60+20
 896 05c6 1D60     		str	r5, [r3]
 154:.\Control.c   ****     set_speed_4 = (set_speed_4 < 0)?(0):((set_speed_4 > 1000)?(1000):(set_speed_4));
 897              		.loc 1 154 0 is_stmt 1 discriminator 4
 898 05c8 0028     		cmp	r0, #0
 899 05ca 05DB     		blt	.L46
 900              		.loc 1 154 0 is_stmt 0 discriminator 1
 901 05cc B0F57A7F 		cmp	r0, #1000
 902 05d0 A8BF     		it	ge
 903 05d2 4FF47A70 		movge	r0, #1000
 904 05d6 00E0     		b	.L33
 905              	.L46:
 906              		.loc 1 154 0
 907 05d8 0020     		movs	r0, #0
 908              	.L33:
 909              		.loc 1 154 0 discriminator 4
 910 05da 284D     		ldr	r5, .L60+24
 911 05dc 2860     		str	r0, [r5]
 155:.\Control.c   ****     
 156:.\Control.c   ****     LCD_Position(0, 0);
 912              		.loc 1 156 0 is_stmt 1 discriminator 4
 913 05de 0020     		movs	r0, #0
 914 05e0 0146     		mov	r1, r0
 915 05e2 FFF7FEFF 		bl	LCD_Position
 916              	.LVL113:
 157:.\Control.c   ****     LCD_PrintDecUint16(set_speed_1); //=========================
 917              		.loc 1 157 0 discriminator 4
 918 05e6 224B     		ldr	r3, .L60+12
 919 05e8 1888     		ldrh	r0, [r3]
 920 05ea FFF7FEFF 		bl	LCD_PrintU32Number
 921              	.LVL114:
 158:.\Control.c   ****     LCD_PrintString("     ");
 922              		.loc 1 158 0 discriminator 4
 923 05ee 244C     		ldr	r4, .L60+28
 924 05f0 2046     		mov	r0, r4
 925 05f2 FFF7FEFF 		bl	LCD_PrintString
ARM GAS  C:\Users\ADMINI~1\AppData\Local\Temp\cckE1Ewh.s 			page 20


 926              	.LVL115:
 159:.\Control.c   ****     LCD_Position(0, 4);
 927              		.loc 1 159 0 discriminator 4
 928 05f6 0020     		movs	r0, #0
 929 05f8 0421     		movs	r1, #4
 930 05fa FFF7FEFF 		bl	LCD_Position
 931              	.LVL116:
 160:.\Control.c   ****     LCD_PrintDecUint16(set_speed_2);
 932              		.loc 1 160 0 discriminator 4
 933 05fe 1D4B     		ldr	r3, .L60+16
 934 0600 1888     		ldrh	r0, [r3]
 935 0602 FFF7FEFF 		bl	LCD_PrintU32Number
 936              	.LVL117:
 161:.\Control.c   ****     LCD_PrintString("     ");
 937              		.loc 1 161 0 discriminator 4
 938 0606 2046     		mov	r0, r4
 939 0608 FFF7FEFF 		bl	LCD_PrintString
 940              	.LVL118:
 162:.\Control.c   ****     LCD_Position(0, 8);
 941              		.loc 1 162 0 discriminator 4
 942 060c 0020     		movs	r0, #0
 943 060e 0821     		movs	r1, #8
 944 0610 FFF7FEFF 		bl	LCD_Position
 945              	.LVL119:
 163:.\Control.c   ****     LCD_PrintDecUint16(set_speed_3);
 946              		.loc 1 163 0 discriminator 4
 947 0614 184B     		ldr	r3, .L60+20
 948 0616 1888     		ldrh	r0, [r3]
 949 0618 FFF7FEFF 		bl	LCD_PrintU32Number
 950              	.LVL120:
 164:.\Control.c   ****     LCD_PrintString("     ");
 951              		.loc 1 164 0 discriminator 4
 952 061c 2046     		mov	r0, r4
 953 061e FFF7FEFF 		bl	LCD_PrintString
 954              	.LVL121:
 165:.\Control.c   ****     LCD_Position(0, 12);
 955              		.loc 1 165 0 discriminator 4
 956 0622 0020     		movs	r0, #0
 957 0624 0C21     		movs	r1, #12
 958 0626 FFF7FEFF 		bl	LCD_Position
 959              	.LVL122:
 166:.\Control.c   ****     LCD_PrintDecUint16(set_speed_4);
 960              		.loc 1 166 0 discriminator 4
 961 062a 2888     		ldrh	r0, [r5]
 962 062c FFF7FEFF 		bl	LCD_PrintU32Number
 963              	.LVL123:
 167:.\Control.c   ****     LCD_PrintString("     ");
 964              		.loc 1 167 0 discriminator 4
 965 0630 2046     		mov	r0, r4
 966 0632 FFF7FEFF 		bl	LCD_PrintString
 967              	.LVL124:
 168:.\Control.c   ****     
 169:.\Control.c   ****     /*LCD_Position(1, 0);
 170:.\Control.c   ****     LCD_PrintDecUint16((int)(Desire_w_roll*10.0)); //=========================
 171:.\Control.c   ****     LCD_Position(1, 5);
 172:.\Control.c   ****     LCD_PrintDecUint16((int)(Desire_w_pitch*10.0));
 173:.\Control.c   ****     LCD_Position(1, 10);
ARM GAS  C:\Users\ADMINI~1\AppData\Local\Temp\cckE1Ewh.s 			page 21


 174:.\Control.c   ****     LCD_PrintDecUint16((int)(Desire_w_yaw*10.0));*/
 175:.\Control.c   ****     tmpcount++;
 968              		.loc 1 175 0 discriminator 4
 969 0636 134A     		ldr	r2, .L60+32
 970 0638 1368     		ldr	r3, [r2]
 971 063a 0133     		adds	r3, r3, #1
 972 063c 1360     		str	r3, [r2]
 176:.\Control.c   ****     if(tmpcount >= 100)
 973              		.loc 1 176 0 discriminator 4
 974 063e 632B     		cmp	r3, #99
 975 0640 02DD     		ble	.L34
 177:.\Control.c   ****         tmpcount = 0;
 976              		.loc 1 177 0
 977 0642 0022     		movs	r2, #0
 978 0644 0F4B     		ldr	r3, .L60+32
 979 0646 1A60     		str	r2, [r3]
 980              	.L34:
 178:.\Control.c   ****     LCD_Position(1, 0);
 981              		.loc 1 178 0
 982 0648 0120     		movs	r0, #1
 983 064a 0021     		movs	r1, #0
 984 064c FFF7FEFF 		bl	LCD_Position
 985              	.LVL125:
 179:.\Control.c   ****     LCD_PrintDecUint16(tmpcount);
 986              		.loc 1 179 0
 987 0650 0C4B     		ldr	r3, .L60+32
 988 0652 1888     		ldrh	r0, [r3]
 989 0654 FFF7FEFF 		bl	LCD_PrintU32Number
 990              	.LVL126:
 180:.\Control.c   ****     LCD_PrintString("     ");
 991              		.loc 1 180 0
 992 0658 0948     		ldr	r0, .L60+28
 993 065a FFF7FEFF 		bl	LCD_PrintString
 994              	.LVL127:
 181:.\Control.c   ****     
 182:.\Control.c   ****     //Motor_v_1 = Motor_v_2 = Motor_v_3 = Motor_v_4 = 0;
 183:.\Control.c   ****     /*Motor_v_1 = set_speed_1;
 184:.\Control.c   ****     Motor_v_2 = set_speed_2;
 185:.\Control.c   ****     Motor_v_3 = set_speed_3;
 186:.\Control.c   ****     Motor_v_4 = set_speed_4;*/
 187:.\Control.c   **** }
 995              		.loc 1 187 0
 996 065e 03B0     		add	sp, sp, #12
 997              		.cfi_def_cfa_offset 36
 998              		@ sp needed
 999 0660 BDE8F08F 		pop	{r4, r5, r6, r7, r8, r9, r10, fp, pc}
 1000              	.L61:
 1001              		.align	2
 1002              	.L60:
 1003 0664 00007A44 		.word	1148846080
 1004 0668 00000000 		.word	int_Error_w_yaw
 1005 066c 00000000 		.word	Control_Yaw
 1006 0670 00000000 		.word	set_speed_1
 1007 0674 00000000 		.word	set_speed_2
 1008 0678 00000000 		.word	set_speed_3
 1009 067c 00000000 		.word	set_speed_4
 1010 0680 00000000 		.word	.LC0
ARM GAS  C:\Users\ADMINI~1\AppData\Local\Temp\cckE1Ewh.s 			page 22


 1011 0684 00000000 		.word	.LANCHOR0
 1012 0688 00000000 		.word	last_Error_w_yaw
 1013              		.cfi_endproc
 1014              	.LFE64:
 1015              		.size	Control_Main, .-Control_Main
 1016              		.global	tmpcount
 1017              		.comm	Control_Yaw,4,4
 1018              		.comm	Control_Pitch,4,4
 1019              		.comm	Control_Roll,4,4
 1020              		.comm	int_Error_w_pitch,4,4
 1021              		.comm	int_Error_w_roll,4,4
 1022              		.comm	last_Error_w_pitch,4,4
 1023              		.comm	last_Error_w_roll,4,4
 1024              		.comm	Error_w_pitch,4,4
 1025              		.comm	Error_w_roll,4,4
 1026              		.comm	Desire_w_pitch,4,4
 1027              		.comm	Desire_w_roll,4,4
 1028              		.comm	int_Error_w_yaw,4,4
 1029              		.comm	int_Error_pitch,4,4
 1030              		.comm	int_Error_roll,4,4
 1031              		.comm	last_Error_w_yaw,4,4
 1032              		.comm	last_Error_pitch,4,4
 1033              		.comm	last_Error_roll,4,4
 1034              		.comm	Error_w_yaw,4,4
 1035              		.comm	Error_pitch,4,4
 1036              		.comm	Error_roll,4,4
 1037              		.comm	set_speed_4,4,4
 1038              		.comm	set_speed_3,4,4
 1039              		.comm	set_speed_2,4,4
 1040              		.comm	set_speed_1,4,4
 1041              		.section	.rodata.str1.4,"aMS",%progbits,1
 1042              		.align	2
 1043              	.LC0:
 1044 0000 20202020 		.ascii	"     \000"
 1044      2000
 1045 0006 0000     		.bss
 1046              		.align	2
 1047              		.set	.LANCHOR0,. + 0
 1048              		.type	tmpcount, %object
 1049              		.size	tmpcount, 4
 1050              	tmpcount:
 1051 0000 00000000 		.space	4
 1052              		.text
 1053              	.Letext0:
 1054              		.file 2 "d:\\program files (x86)\\cypress\\psoc creator\\3.3\\psoc creator\\import\\gnu\\arm\\4.9.
 1055              		.file 3 "d:\\program files (x86)\\cypress\\psoc creator\\3.3\\psoc creator\\import\\gnu\\arm\\4.9.
 1056              		.file 4 "Generated_Source\\PSoC5/cytypes.h"
 1057              		.file 5 "Generated_Source\\PSoC5/core_cm3.h"
 1058              		.file 6 "Generated_Source\\PSoC5/LCD.h"
 1059              		.section	.debug_info,"",%progbits
 1060              	.Ldebug_info0:
 1061 0000 8D040000 		.4byte	0x48d
 1062 0004 0400     		.2byte	0x4
 1063 0006 00000000 		.4byte	.Ldebug_abbrev0
 1064 000a 04       		.byte	0x4
 1065 000b 01       		.uleb128 0x1
 1066 000c 5D020000 		.4byte	.LASF62
ARM GAS  C:\Users\ADMINI~1\AppData\Local\Temp\cckE1Ewh.s 			page 23


 1067 0010 01       		.byte	0x1
 1068 0011 C6010000 		.4byte	.LASF63
 1069 0015 C8030000 		.4byte	.LASF64
 1070 0019 00000000 		.4byte	.Ldebug_ranges0+0
 1071 001d 00000000 		.4byte	0
 1072 0021 00000000 		.4byte	.Ldebug_line0
 1073 0025 02       		.uleb128 0x2
 1074 0026 01       		.byte	0x1
 1075 0027 06       		.byte	0x6
 1076 0028 D2010000 		.4byte	.LASF0
 1077 002c 02       		.uleb128 0x2
 1078 002d 01       		.byte	0x1
 1079 002e 08       		.byte	0x8
 1080 002f B8010000 		.4byte	.LASF1
 1081 0033 02       		.uleb128 0x2
 1082 0034 02       		.byte	0x2
 1083 0035 05       		.byte	0x5
 1084 0036 33000000 		.4byte	.LASF2
 1085 003a 02       		.uleb128 0x2
 1086 003b 02       		.byte	0x2
 1087 003c 07       		.byte	0x7
 1088 003d 32020000 		.4byte	.LASF3
 1089 0041 03       		.uleb128 0x3
 1090 0042 63030000 		.4byte	.LASF9
 1091 0046 02       		.byte	0x2
 1092 0047 3F       		.byte	0x3f
 1093 0048 4C000000 		.4byte	0x4c
 1094 004c 02       		.uleb128 0x2
 1095 004d 04       		.byte	0x4
 1096 004e 05       		.byte	0x5
 1097 004f 5F010000 		.4byte	.LASF4
 1098 0053 02       		.uleb128 0x2
 1099 0054 04       		.byte	0x4
 1100 0055 07       		.byte	0x7
 1101 0056 2E030000 		.4byte	.LASF5
 1102 005a 02       		.uleb128 0x2
 1103 005b 08       		.byte	0x8
 1104 005c 05       		.byte	0x5
 1105 005d 44010000 		.4byte	.LASF6
 1106 0061 02       		.uleb128 0x2
 1107 0062 08       		.byte	0x8
 1108 0063 07       		.byte	0x7
 1109 0064 DE010000 		.4byte	.LASF7
 1110 0068 04       		.uleb128 0x4
 1111 0069 04       		.byte	0x4
 1112 006a 05       		.byte	0x5
 1113 006b 696E7400 		.ascii	"int\000"
 1114 006f 02       		.uleb128 0x2
 1115 0070 04       		.byte	0x4
 1116 0071 07       		.byte	0x7
 1117 0072 F5010000 		.4byte	.LASF8
 1118 0076 03       		.uleb128 0x3
 1119 0077 EB020000 		.4byte	.LASF10
 1120 007b 03       		.byte	0x3
 1121 007c 2C       		.byte	0x2c
 1122 007d 41000000 		.4byte	0x41
 1123 0081 05       		.uleb128 0x5
ARM GAS  C:\Users\ADMINI~1\AppData\Local\Temp\cckE1Ewh.s 			page 24


 1124 0082 07010000 		.4byte	.LASF11
 1125 0086 04       		.byte	0x4
 1126 0087 9201     		.2byte	0x192
 1127 0089 2C000000 		.4byte	0x2c
 1128 008d 05       		.uleb128 0x5
 1129 008e DA000000 		.4byte	.LASF12
 1130 0092 04       		.byte	0x4
 1131 0093 9301     		.2byte	0x193
 1132 0095 3A000000 		.4byte	0x3a
 1133 0099 05       		.uleb128 0x5
 1134 009a 27030000 		.4byte	.LASF13
 1135 009e 04       		.byte	0x4
 1136 009f 9401     		.2byte	0x194
 1137 00a1 53000000 		.4byte	0x53
 1138 00a5 02       		.uleb128 0x2
 1139 00a6 04       		.byte	0x4
 1140 00a7 04       		.byte	0x4
 1141 00a8 3E010000 		.4byte	.LASF14
 1142 00ac 02       		.uleb128 0x2
 1143 00ad 08       		.byte	0x8
 1144 00ae 04       		.byte	0x4
 1145 00af 40030000 		.4byte	.LASF15
 1146 00b3 05       		.uleb128 0x5
 1147 00b4 8F000000 		.4byte	.LASF16
 1148 00b8 04       		.byte	0x4
 1149 00b9 A301     		.2byte	0x1a3
 1150 00bb BF000000 		.4byte	0xbf
 1151 00bf 02       		.uleb128 0x2
 1152 00c0 01       		.byte	0x1
 1153 00c1 08       		.byte	0x8
 1154 00c2 58020000 		.4byte	.LASF17
 1155 00c6 02       		.uleb128 0x2
 1156 00c7 04       		.byte	0x4
 1157 00c8 07       		.byte	0x7
 1158 00c9 4A000000 		.4byte	.LASF18
 1159 00cd 06       		.uleb128 0x6
 1160 00ce ED000000 		.4byte	.LASF65
 1161 00d2 01       		.byte	0x1
 1162 00d3 3D       		.byte	0x3d
 1163 00d4 00000000 		.4byte	.LFB63
 1164 00d8 C8000000 		.4byte	.LFE63-.LFB63
 1165 00dc 01       		.uleb128 0x1
 1166 00dd 9C       		.byte	0x9c
 1167 00de 07       		.uleb128 0x7
 1168 00df A9030000 		.4byte	.LASF66
 1169 00e3 01       		.byte	0x1
 1170 00e4 47       		.byte	0x47
 1171 00e5 00000000 		.4byte	.LFB64
 1172 00e9 8C060000 		.4byte	.LFE64-.LFB64
 1173 00ed 01       		.uleb128 0x1
 1174 00ee 9C       		.byte	0x9c
 1175 00ef F9010000 		.4byte	0x1f9
 1176 00f3 08       		.uleb128 0x8
 1177 00f4 E6050000 		.4byte	.LVL113
 1178 00f8 4D040000 		.4byte	0x44d
 1179 00fc 0B010000 		.4byte	0x10b
 1180 0100 09       		.uleb128 0x9
ARM GAS  C:\Users\ADMINI~1\AppData\Local\Temp\cckE1Ewh.s 			page 25


 1181 0101 01       		.uleb128 0x1
 1182 0102 51       		.byte	0x51
 1183 0103 01       		.uleb128 0x1
 1184 0104 30       		.byte	0x30
 1185 0105 09       		.uleb128 0x9
 1186 0106 01       		.uleb128 0x1
 1187 0107 50       		.byte	0x50
 1188 0108 01       		.uleb128 0x1
 1189 0109 30       		.byte	0x30
 1190 010a 00       		.byte	0
 1191 010b 0A       		.uleb128 0xa
 1192 010c EE050000 		.4byte	.LVL114
 1193 0110 63040000 		.4byte	0x463
 1194 0114 08       		.uleb128 0x8
 1195 0115 F6050000 		.4byte	.LVL115
 1196 0119 74040000 		.4byte	0x474
 1197 011d 28010000 		.4byte	0x128
 1198 0121 09       		.uleb128 0x9
 1199 0122 01       		.uleb128 0x1
 1200 0123 50       		.byte	0x50
 1201 0124 02       		.uleb128 0x2
 1202 0125 74       		.byte	0x74
 1203 0126 00       		.sleb128 0
 1204 0127 00       		.byte	0
 1205 0128 08       		.uleb128 0x8
 1206 0129 FE050000 		.4byte	.LVL116
 1207 012d 4D040000 		.4byte	0x44d
 1208 0131 40010000 		.4byte	0x140
 1209 0135 09       		.uleb128 0x9
 1210 0136 01       		.uleb128 0x1
 1211 0137 51       		.byte	0x51
 1212 0138 01       		.uleb128 0x1
 1213 0139 34       		.byte	0x34
 1214 013a 09       		.uleb128 0x9
 1215 013b 01       		.uleb128 0x1
 1216 013c 50       		.byte	0x50
 1217 013d 01       		.uleb128 0x1
 1218 013e 30       		.byte	0x30
 1219 013f 00       		.byte	0
 1220 0140 0A       		.uleb128 0xa
 1221 0141 06060000 		.4byte	.LVL117
 1222 0145 63040000 		.4byte	0x463
 1223 0149 08       		.uleb128 0x8
 1224 014a 0C060000 		.4byte	.LVL118
 1225 014e 74040000 		.4byte	0x474
 1226 0152 5D010000 		.4byte	0x15d
 1227 0156 09       		.uleb128 0x9
 1228 0157 01       		.uleb128 0x1
 1229 0158 50       		.byte	0x50
 1230 0159 02       		.uleb128 0x2
 1231 015a 74       		.byte	0x74
 1232 015b 00       		.sleb128 0
 1233 015c 00       		.byte	0
 1234 015d 08       		.uleb128 0x8
 1235 015e 14060000 		.4byte	.LVL119
 1236 0162 4D040000 		.4byte	0x44d
 1237 0166 75010000 		.4byte	0x175
ARM GAS  C:\Users\ADMINI~1\AppData\Local\Temp\cckE1Ewh.s 			page 26


 1238 016a 09       		.uleb128 0x9
 1239 016b 01       		.uleb128 0x1
 1240 016c 51       		.byte	0x51
 1241 016d 01       		.uleb128 0x1
 1242 016e 38       		.byte	0x38
 1243 016f 09       		.uleb128 0x9
 1244 0170 01       		.uleb128 0x1
 1245 0171 50       		.byte	0x50
 1246 0172 01       		.uleb128 0x1
 1247 0173 30       		.byte	0x30
 1248 0174 00       		.byte	0
 1249 0175 0A       		.uleb128 0xa
 1250 0176 1C060000 		.4byte	.LVL120
 1251 017a 63040000 		.4byte	0x463
 1252 017e 08       		.uleb128 0x8
 1253 017f 22060000 		.4byte	.LVL121
 1254 0183 74040000 		.4byte	0x474
 1255 0187 92010000 		.4byte	0x192
 1256 018b 09       		.uleb128 0x9
 1257 018c 01       		.uleb128 0x1
 1258 018d 50       		.byte	0x50
 1259 018e 02       		.uleb128 0x2
 1260 018f 74       		.byte	0x74
 1261 0190 00       		.sleb128 0
 1262 0191 00       		.byte	0
 1263 0192 08       		.uleb128 0x8
 1264 0193 2A060000 		.4byte	.LVL122
 1265 0197 4D040000 		.4byte	0x44d
 1266 019b AA010000 		.4byte	0x1aa
 1267 019f 09       		.uleb128 0x9
 1268 01a0 01       		.uleb128 0x1
 1269 01a1 51       		.byte	0x51
 1270 01a2 01       		.uleb128 0x1
 1271 01a3 3C       		.byte	0x3c
 1272 01a4 09       		.uleb128 0x9
 1273 01a5 01       		.uleb128 0x1
 1274 01a6 50       		.byte	0x50
 1275 01a7 01       		.uleb128 0x1
 1276 01a8 30       		.byte	0x30
 1277 01a9 00       		.byte	0
 1278 01aa 0A       		.uleb128 0xa
 1279 01ab 30060000 		.4byte	.LVL123
 1280 01af 63040000 		.4byte	0x463
 1281 01b3 08       		.uleb128 0x8
 1282 01b4 36060000 		.4byte	.LVL124
 1283 01b8 74040000 		.4byte	0x474
 1284 01bc C7010000 		.4byte	0x1c7
 1285 01c0 09       		.uleb128 0x9
 1286 01c1 01       		.uleb128 0x1
 1287 01c2 50       		.byte	0x50
 1288 01c3 02       		.uleb128 0x2
 1289 01c4 74       		.byte	0x74
 1290 01c5 00       		.sleb128 0
 1291 01c6 00       		.byte	0
 1292 01c7 08       		.uleb128 0x8
 1293 01c8 50060000 		.4byte	.LVL125
 1294 01cc 4D040000 		.4byte	0x44d
ARM GAS  C:\Users\ADMINI~1\AppData\Local\Temp\cckE1Ewh.s 			page 27


 1295 01d0 DF010000 		.4byte	0x1df
 1296 01d4 09       		.uleb128 0x9
 1297 01d5 01       		.uleb128 0x1
 1298 01d6 51       		.byte	0x51
 1299 01d7 01       		.uleb128 0x1
 1300 01d8 30       		.byte	0x30
 1301 01d9 09       		.uleb128 0x9
 1302 01da 01       		.uleb128 0x1
 1303 01db 50       		.byte	0x50
 1304 01dc 01       		.uleb128 0x1
 1305 01dd 31       		.byte	0x31
 1306 01de 00       		.byte	0
 1307 01df 0A       		.uleb128 0xa
 1308 01e0 58060000 		.4byte	.LVL126
 1309 01e4 63040000 		.4byte	0x463
 1310 01e8 0B       		.uleb128 0xb
 1311 01e9 5E060000 		.4byte	.LVL127
 1312 01ed 74040000 		.4byte	0x474
 1313 01f1 09       		.uleb128 0x9
 1314 01f2 01       		.uleb128 0x1
 1315 01f3 50       		.byte	0x50
 1316 01f4 02       		.uleb128 0x2
 1317 01f5 74       		.byte	0x74
 1318 01f6 00       		.sleb128 0
 1319 01f7 00       		.byte	0
 1320 01f8 00       		.byte	0
 1321 01f9 0C       		.uleb128 0xc
 1322 01fa 47030000 		.4byte	.LASF19
 1323 01fe 05       		.byte	0x5
 1324 01ff 9606     		.2byte	0x696
 1325 0201 05020000 		.4byte	0x205
 1326 0205 0D       		.uleb128 0xd
 1327 0206 76000000 		.4byte	0x76
 1328 020a 0E       		.uleb128 0xe
 1329 020b E1000000 		.4byte	.LASF20
 1330 020f 01       		.byte	0x1
 1331 0210 04       		.byte	0x4
 1332 0211 68000000 		.4byte	0x68
 1333 0215 0E       		.uleb128 0xe
 1334 0216 1E000000 		.4byte	.LASF21
 1335 021a 01       		.byte	0x1
 1336 021b 04       		.byte	0x4
 1337 021c 68000000 		.4byte	0x68
 1338 0220 0E       		.uleb128 0xe
 1339 0221 9E010000 		.4byte	.LASF22
 1340 0225 01       		.byte	0x1
 1341 0226 04       		.byte	0x4
 1342 0227 68000000 		.4byte	0x68
 1343 022b 0E       		.uleb128 0xe
 1344 022c 57010000 		.4byte	.LASF23
 1345 0230 01       		.byte	0x1
 1346 0231 04       		.byte	0x4
 1347 0232 68000000 		.4byte	0x68
 1348 0236 0E       		.uleb128 0xe
 1349 0237 12020000 		.4byte	.LASF24
 1350 023b 01       		.byte	0x1
 1351 023c 05       		.byte	0x5
ARM GAS  C:\Users\ADMINI~1\AppData\Local\Temp\cckE1Ewh.s 			page 28


 1352 023d A5000000 		.4byte	0xa5
 1353 0241 0E       		.uleb128 0xe
 1354 0242 8B010000 		.4byte	.LASF25
 1355 0246 01       		.byte	0x1
 1356 0247 05       		.byte	0x5
 1357 0248 A5000000 		.4byte	0xa5
 1358 024c 0E       		.uleb128 0xe
 1359 024d 0D010000 		.4byte	.LASF26
 1360 0251 01       		.byte	0x1
 1361 0252 06       		.byte	0x6
 1362 0253 A5000000 		.4byte	0xa5
 1363 0257 0E       		.uleb128 0xe
 1364 0258 B6030000 		.4byte	.LASF27
 1365 025c 01       		.byte	0x1
 1366 025d 06       		.byte	0x6
 1367 025e A5000000 		.4byte	0xa5
 1368 0262 0E       		.uleb128 0xe
 1369 0263 9C030000 		.4byte	.LASF28
 1370 0267 01       		.byte	0x1
 1371 0268 06       		.byte	0x6
 1372 0269 A5000000 		.4byte	0xa5
 1373 026d 0E       		.uleb128 0xe
 1374 026e 00000000 		.4byte	.LASF29
 1375 0272 01       		.byte	0x1
 1376 0273 09       		.byte	0x9
 1377 0274 A5000000 		.4byte	0xa5
 1378 0278 0E       		.uleb128 0xe
 1379 0279 07000000 		.4byte	.LASF30
 1380 027d 01       		.byte	0x1
 1381 027e 09       		.byte	0x9
 1382 027f A5000000 		.4byte	0xa5
 1383 0283 0E       		.uleb128 0xe
 1384 0284 84010000 		.4byte	.LASF31
 1385 0288 01       		.byte	0x1
 1386 0289 09       		.byte	0x9
 1387 028a A5000000 		.4byte	0xa5
 1388 028e 0E       		.uleb128 0xe
 1389 028f 52010000 		.4byte	.LASF32
 1390 0293 01       		.byte	0x1
 1391 0294 0B       		.byte	0xb
 1392 0295 A5000000 		.4byte	0xa5
 1393 0299 0E       		.uleb128 0xe
 1394 029a 21030000 		.4byte	.LASF33
 1395 029e 01       		.byte	0x1
 1396 029f 0B       		.byte	0xb
 1397 02a0 A5000000 		.4byte	0xa5
 1398 02a4 0F       		.uleb128 0xf
 1399 02a5 5F000000 		.4byte	.LASF34
 1400 02a9 01       		.byte	0x1
 1401 02aa 0F       		.byte	0xf
 1402 02ab 68000000 		.4byte	0x68
 1403 02af 05       		.uleb128 0x5
 1404 02b0 03       		.byte	0x3
 1405 02b1 00000000 		.4byte	set_speed_1
 1406 02b5 0F       		.uleb128 0xf
 1407 02b6 6B000000 		.4byte	.LASF35
 1408 02ba 01       		.byte	0x1
ARM GAS  C:\Users\ADMINI~1\AppData\Local\Temp\cckE1Ewh.s 			page 29


 1409 02bb 0F       		.byte	0xf
 1410 02bc 68000000 		.4byte	0x68
 1411 02c0 05       		.uleb128 0x5
 1412 02c1 03       		.byte	0x3
 1413 02c2 00000000 		.4byte	set_speed_2
 1414 02c6 0F       		.uleb128 0xf
 1415 02c7 77000000 		.4byte	.LASF36
 1416 02cb 01       		.byte	0x1
 1417 02cc 0F       		.byte	0xf
 1418 02cd 68000000 		.4byte	0x68
 1419 02d1 05       		.uleb128 0x5
 1420 02d2 03       		.byte	0x3
 1421 02d3 00000000 		.4byte	set_speed_3
 1422 02d7 0F       		.uleb128 0xf
 1423 02d8 83000000 		.4byte	.LASF37
 1424 02dc 01       		.byte	0x1
 1425 02dd 0F       		.byte	0xf
 1426 02de 68000000 		.4byte	0x68
 1427 02e2 05       		.uleb128 0x5
 1428 02e3 03       		.byte	0x3
 1429 02e4 00000000 		.4byte	set_speed_4
 1430 02e8 0F       		.uleb128 0xf
 1431 02e9 79010000 		.4byte	.LASF38
 1432 02ed 01       		.byte	0x1
 1433 02ee 10       		.byte	0x10
 1434 02ef A5000000 		.4byte	0xa5
 1435 02f3 05       		.uleb128 0x5
 1436 02f4 03       		.byte	0x3
 1437 02f5 00000000 		.4byte	Error_roll
 1438 02f9 0F       		.uleb128 0xf
 1439 02fa 53000000 		.4byte	.LASF39
 1440 02fe 01       		.byte	0x1
 1441 02ff 10       		.byte	0x10
 1442 0300 A5000000 		.4byte	0xa5
 1443 0304 05       		.uleb128 0x5
 1444 0305 03       		.byte	0x3
 1445 0306 00000000 		.4byte	Error_pitch
 1446 030a 0F       		.uleb128 0xf
 1447 030b BB000000 		.4byte	.LASF40
 1448 030f 01       		.byte	0x1
 1449 0310 10       		.byte	0x10
 1450 0311 A5000000 		.4byte	0xa5
 1451 0315 05       		.uleb128 0x5
 1452 0316 03       		.byte	0x3
 1453 0317 00000000 		.4byte	Error_w_yaw
 1454 031b 0F       		.uleb128 0xf
 1455 031c 7F030000 		.4byte	.LASF41
 1456 0320 01       		.byte	0x1
 1457 0321 11       		.byte	0x11
 1458 0322 A5000000 		.4byte	0xa5
 1459 0326 05       		.uleb128 0x5
 1460 0327 03       		.byte	0x3
 1461 0328 00000000 		.4byte	last_Error_roll
 1462 032c 0F       		.uleb128 0xf
 1463 032d A7010000 		.4byte	.LASF42
 1464 0331 01       		.byte	0x1
 1465 0332 11       		.byte	0x11
ARM GAS  C:\Users\ADMINI~1\AppData\Local\Temp\cckE1Ewh.s 			page 30


 1466 0333 A5000000 		.4byte	0xa5
 1467 0337 05       		.uleb128 0x5
 1468 0338 03       		.byte	0x3
 1469 0339 00000000 		.4byte	last_Error_pitch
 1470 033d 0F       		.uleb128 0xf
 1471 033e 20010000 		.4byte	.LASF43
 1472 0342 01       		.byte	0x1
 1473 0343 11       		.byte	0x11
 1474 0344 A5000000 		.4byte	0xa5
 1475 0348 05       		.uleb128 0x5
 1476 0349 03       		.byte	0x3
 1477 034a 00000000 		.4byte	last_Error_w_yaw
 1478 034e 0F       		.uleb128 0xf
 1479 034f 95000000 		.4byte	.LASF44
 1480 0353 01       		.byte	0x1
 1481 0354 12       		.byte	0x12
 1482 0355 A5000000 		.4byte	0xa5
 1483 0359 05       		.uleb128 0x5
 1484 035a 03       		.byte	0x3
 1485 035b 00000000 		.4byte	int_Error_roll
 1486 035f 0F       		.uleb128 0xf
 1487 0360 F3020000 		.4byte	.LASF45
 1488 0364 01       		.byte	0x1
 1489 0365 12       		.byte	0x12
 1490 0366 A5000000 		.4byte	0xa5
 1491 036a 05       		.uleb128 0x5
 1492 036b 03       		.byte	0x3
 1493 036c 00000000 		.4byte	int_Error_pitch
 1494 0370 0F       		.uleb128 0xf
 1495 0371 0E000000 		.4byte	.LASF46
 1496 0375 01       		.byte	0x1
 1497 0376 12       		.byte	0x12
 1498 0377 A5000000 		.4byte	0xa5
 1499 037b 05       		.uleb128 0x5
 1500 037c 03       		.byte	0x3
 1501 037d 00000000 		.4byte	int_Error_w_yaw
 1502 0381 0F       		.uleb128 0xf
 1503 0382 25000000 		.4byte	.LASF47
 1504 0386 01       		.byte	0x1
 1505 0387 14       		.byte	0x14
 1506 0388 A5000000 		.4byte	0xa5
 1507 038c 05       		.uleb128 0x5
 1508 038d 03       		.byte	0x3
 1509 038e 00000000 		.4byte	Desire_w_roll
 1510 0392 0F       		.uleb128 0xf
 1511 0393 54030000 		.4byte	.LASF48
 1512 0397 01       		.byte	0x1
 1513 0398 14       		.byte	0x14
 1514 0399 A5000000 		.4byte	0xa5
 1515 039d 05       		.uleb128 0x5
 1516 039e 03       		.byte	0x3
 1517 039f 00000000 		.4byte	Desire_w_pitch
 1518 03a3 0F       		.uleb128 0xf
 1519 03a4 3D000000 		.4byte	.LASF49
 1520 03a8 01       		.byte	0x1
 1521 03a9 15       		.byte	0x15
 1522 03aa A5000000 		.4byte	0xa5
ARM GAS  C:\Users\ADMINI~1\AppData\Local\Temp\cckE1Ewh.s 			page 31


 1523 03ae 05       		.uleb128 0x5
 1524 03af 03       		.byte	0x3
 1525 03b0 00000000 		.4byte	Error_w_roll
 1526 03b4 0F       		.uleb128 0xf
 1527 03b5 24020000 		.4byte	.LASF50
 1528 03b9 01       		.byte	0x1
 1529 03ba 15       		.byte	0x15
 1530 03bb A5000000 		.4byte	0xa5
 1531 03bf 05       		.uleb128 0x5
 1532 03c0 03       		.byte	0x3
 1533 03c1 00000000 		.4byte	Error_w_pitch
 1534 03c5 0F       		.uleb128 0xf
 1535 03c6 03030000 		.4byte	.LASF51
 1536 03ca 01       		.byte	0x1
 1537 03cb 16       		.byte	0x16
 1538 03cc A5000000 		.4byte	0xa5
 1539 03d0 05       		.uleb128 0x5
 1540 03d1 03       		.byte	0x3
 1541 03d2 00000000 		.4byte	last_Error_w_roll
 1542 03d6 0F       		.uleb128 0xf
 1543 03d7 C7000000 		.4byte	.LASF52
 1544 03db 01       		.byte	0x1
 1545 03dc 16       		.byte	0x16
 1546 03dd A5000000 		.4byte	0xa5
 1547 03e1 05       		.uleb128 0x5
 1548 03e2 03       		.byte	0x3
 1549 03e3 00000000 		.4byte	last_Error_w_pitch
 1550 03e7 0F       		.uleb128 0xf
 1551 03e8 68010000 		.4byte	.LASF53
 1552 03ec 01       		.byte	0x1
 1553 03ed 17       		.byte	0x17
 1554 03ee A5000000 		.4byte	0xa5
 1555 03f2 05       		.uleb128 0x5
 1556 03f3 03       		.byte	0x3
 1557 03f4 00000000 		.4byte	int_Error_w_roll
 1558 03f8 0F       		.uleb128 0xf
 1559 03f9 6D030000 		.4byte	.LASF54
 1560 03fd 01       		.byte	0x1
 1561 03fe 17       		.byte	0x17
 1562 03ff A5000000 		.4byte	0xa5
 1563 0403 05       		.uleb128 0x5
 1564 0404 03       		.byte	0x3
 1565 0405 00000000 		.4byte	int_Error_w_pitch
 1566 0409 0F       		.uleb128 0xf
 1567 040a 31010000 		.4byte	.LASF55
 1568 040e 01       		.byte	0x1
 1569 040f 18       		.byte	0x18
 1570 0410 A5000000 		.4byte	0xa5
 1571 0414 05       		.uleb128 0x5
 1572 0415 03       		.byte	0x3
 1573 0416 00000000 		.4byte	Control_Roll
 1574 041a 0F       		.uleb128 0xf
 1575 041b A4000000 		.4byte	.LASF56
 1576 041f 01       		.byte	0x1
 1577 0420 18       		.byte	0x18
 1578 0421 A5000000 		.4byte	0xa5
 1579 0425 05       		.uleb128 0x5
ARM GAS  C:\Users\ADMINI~1\AppData\Local\Temp\cckE1Ewh.s 			page 32


 1580 0426 03       		.byte	0x3
 1581 0427 00000000 		.4byte	Control_Pitch
 1582 042b 0F       		.uleb128 0xf
 1583 042c 15030000 		.4byte	.LASF57
 1584 0430 01       		.byte	0x1
 1585 0431 18       		.byte	0x18
 1586 0432 A5000000 		.4byte	0xa5
 1587 0436 05       		.uleb128 0x5
 1588 0437 03       		.byte	0x3
 1589 0438 00000000 		.4byte	Control_Yaw
 1590 043c 0F       		.uleb128 0xf
 1591 043d B2000000 		.4byte	.LASF58
 1592 0441 01       		.byte	0x1
 1593 0442 3A       		.byte	0x3a
 1594 0443 68000000 		.4byte	0x68
 1595 0447 05       		.uleb128 0x5
 1596 0448 03       		.byte	0x3
 1597 0449 00000000 		.4byte	tmpcount
 1598 044d 10       		.uleb128 0x10
 1599 044e 8F030000 		.4byte	.LASF59
 1600 0452 06       		.byte	0x6
 1601 0453 3D       		.byte	0x3d
 1602 0454 63040000 		.4byte	0x463
 1603 0458 11       		.uleb128 0x11
 1604 0459 81000000 		.4byte	0x81
 1605 045d 11       		.uleb128 0x11
 1606 045e 81000000 		.4byte	0x81
 1607 0462 00       		.byte	0
 1608 0463 10       		.uleb128 0x10
 1609 0464 45020000 		.4byte	.LASF60
 1610 0468 06       		.byte	0x6
 1611 0469 61       		.byte	0x61
 1612 046a 74040000 		.4byte	0x474
 1613 046e 11       		.uleb128 0x11
 1614 046f 99000000 		.4byte	0x99
 1615 0473 00       		.byte	0
 1616 0474 10       		.uleb128 0x10
 1617 0475 02020000 		.4byte	.LASF61
 1618 0479 06       		.byte	0x6
 1619 047a 3C       		.byte	0x3c
 1620 047b 85040000 		.4byte	0x485
 1621 047f 11       		.uleb128 0x11
 1622 0480 85040000 		.4byte	0x485
 1623 0484 00       		.byte	0
 1624 0485 12       		.uleb128 0x12
 1625 0486 04       		.byte	0x4
 1626 0487 8B040000 		.4byte	0x48b
 1627 048b 13       		.uleb128 0x13
 1628 048c B3000000 		.4byte	0xb3
 1629 0490 00       		.byte	0
 1630              		.section	.debug_abbrev,"",%progbits
 1631              	.Ldebug_abbrev0:
 1632 0000 01       		.uleb128 0x1
 1633 0001 11       		.uleb128 0x11
 1634 0002 01       		.byte	0x1
 1635 0003 25       		.uleb128 0x25
 1636 0004 0E       		.uleb128 0xe
ARM GAS  C:\Users\ADMINI~1\AppData\Local\Temp\cckE1Ewh.s 			page 33


 1637 0005 13       		.uleb128 0x13
 1638 0006 0B       		.uleb128 0xb
 1639 0007 03       		.uleb128 0x3
 1640 0008 0E       		.uleb128 0xe
 1641 0009 1B       		.uleb128 0x1b
 1642 000a 0E       		.uleb128 0xe
 1643 000b 55       		.uleb128 0x55
 1644 000c 17       		.uleb128 0x17
 1645 000d 11       		.uleb128 0x11
 1646 000e 01       		.uleb128 0x1
 1647 000f 10       		.uleb128 0x10
 1648 0010 17       		.uleb128 0x17
 1649 0011 00       		.byte	0
 1650 0012 00       		.byte	0
 1651 0013 02       		.uleb128 0x2
 1652 0014 24       		.uleb128 0x24
 1653 0015 00       		.byte	0
 1654 0016 0B       		.uleb128 0xb
 1655 0017 0B       		.uleb128 0xb
 1656 0018 3E       		.uleb128 0x3e
 1657 0019 0B       		.uleb128 0xb
 1658 001a 03       		.uleb128 0x3
 1659 001b 0E       		.uleb128 0xe
 1660 001c 00       		.byte	0
 1661 001d 00       		.byte	0
 1662 001e 03       		.uleb128 0x3
 1663 001f 16       		.uleb128 0x16
 1664 0020 00       		.byte	0
 1665 0021 03       		.uleb128 0x3
 1666 0022 0E       		.uleb128 0xe
 1667 0023 3A       		.uleb128 0x3a
 1668 0024 0B       		.uleb128 0xb
 1669 0025 3B       		.uleb128 0x3b
 1670 0026 0B       		.uleb128 0xb
 1671 0027 49       		.uleb128 0x49
 1672 0028 13       		.uleb128 0x13
 1673 0029 00       		.byte	0
 1674 002a 00       		.byte	0
 1675 002b 04       		.uleb128 0x4
 1676 002c 24       		.uleb128 0x24
 1677 002d 00       		.byte	0
 1678 002e 0B       		.uleb128 0xb
 1679 002f 0B       		.uleb128 0xb
 1680 0030 3E       		.uleb128 0x3e
 1681 0031 0B       		.uleb128 0xb
 1682 0032 03       		.uleb128 0x3
 1683 0033 08       		.uleb128 0x8
 1684 0034 00       		.byte	0
 1685 0035 00       		.byte	0
 1686 0036 05       		.uleb128 0x5
 1687 0037 16       		.uleb128 0x16
 1688 0038 00       		.byte	0
 1689 0039 03       		.uleb128 0x3
 1690 003a 0E       		.uleb128 0xe
 1691 003b 3A       		.uleb128 0x3a
 1692 003c 0B       		.uleb128 0xb
 1693 003d 3B       		.uleb128 0x3b
ARM GAS  C:\Users\ADMINI~1\AppData\Local\Temp\cckE1Ewh.s 			page 34


 1694 003e 05       		.uleb128 0x5
 1695 003f 49       		.uleb128 0x49
 1696 0040 13       		.uleb128 0x13
 1697 0041 00       		.byte	0
 1698 0042 00       		.byte	0
 1699 0043 06       		.uleb128 0x6
 1700 0044 2E       		.uleb128 0x2e
 1701 0045 00       		.byte	0
 1702 0046 3F       		.uleb128 0x3f
 1703 0047 19       		.uleb128 0x19
 1704 0048 03       		.uleb128 0x3
 1705 0049 0E       		.uleb128 0xe
 1706 004a 3A       		.uleb128 0x3a
 1707 004b 0B       		.uleb128 0xb
 1708 004c 3B       		.uleb128 0x3b
 1709 004d 0B       		.uleb128 0xb
 1710 004e 11       		.uleb128 0x11
 1711 004f 01       		.uleb128 0x1
 1712 0050 12       		.uleb128 0x12
 1713 0051 06       		.uleb128 0x6
 1714 0052 40       		.uleb128 0x40
 1715 0053 18       		.uleb128 0x18
 1716 0054 9742     		.uleb128 0x2117
 1717 0056 19       		.uleb128 0x19
 1718 0057 00       		.byte	0
 1719 0058 00       		.byte	0
 1720 0059 07       		.uleb128 0x7
 1721 005a 2E       		.uleb128 0x2e
 1722 005b 01       		.byte	0x1
 1723 005c 3F       		.uleb128 0x3f
 1724 005d 19       		.uleb128 0x19
 1725 005e 03       		.uleb128 0x3
 1726 005f 0E       		.uleb128 0xe
 1727 0060 3A       		.uleb128 0x3a
 1728 0061 0B       		.uleb128 0xb
 1729 0062 3B       		.uleb128 0x3b
 1730 0063 0B       		.uleb128 0xb
 1731 0064 11       		.uleb128 0x11
 1732 0065 01       		.uleb128 0x1
 1733 0066 12       		.uleb128 0x12
 1734 0067 06       		.uleb128 0x6
 1735 0068 40       		.uleb128 0x40
 1736 0069 18       		.uleb128 0x18
 1737 006a 9642     		.uleb128 0x2116
 1738 006c 19       		.uleb128 0x19
 1739 006d 01       		.uleb128 0x1
 1740 006e 13       		.uleb128 0x13
 1741 006f 00       		.byte	0
 1742 0070 00       		.byte	0
 1743 0071 08       		.uleb128 0x8
 1744 0072 898201   		.uleb128 0x4109
 1745 0075 01       		.byte	0x1
 1746 0076 11       		.uleb128 0x11
 1747 0077 01       		.uleb128 0x1
 1748 0078 31       		.uleb128 0x31
 1749 0079 13       		.uleb128 0x13
 1750 007a 01       		.uleb128 0x1
ARM GAS  C:\Users\ADMINI~1\AppData\Local\Temp\cckE1Ewh.s 			page 35


 1751 007b 13       		.uleb128 0x13
 1752 007c 00       		.byte	0
 1753 007d 00       		.byte	0
 1754 007e 09       		.uleb128 0x9
 1755 007f 8A8201   		.uleb128 0x410a
 1756 0082 00       		.byte	0
 1757 0083 02       		.uleb128 0x2
 1758 0084 18       		.uleb128 0x18
 1759 0085 9142     		.uleb128 0x2111
 1760 0087 18       		.uleb128 0x18
 1761 0088 00       		.byte	0
 1762 0089 00       		.byte	0
 1763 008a 0A       		.uleb128 0xa
 1764 008b 898201   		.uleb128 0x4109
 1765 008e 00       		.byte	0
 1766 008f 11       		.uleb128 0x11
 1767 0090 01       		.uleb128 0x1
 1768 0091 31       		.uleb128 0x31
 1769 0092 13       		.uleb128 0x13
 1770 0093 00       		.byte	0
 1771 0094 00       		.byte	0
 1772 0095 0B       		.uleb128 0xb
 1773 0096 898201   		.uleb128 0x4109
 1774 0099 01       		.byte	0x1
 1775 009a 11       		.uleb128 0x11
 1776 009b 01       		.uleb128 0x1
 1777 009c 31       		.uleb128 0x31
 1778 009d 13       		.uleb128 0x13
 1779 009e 00       		.byte	0
 1780 009f 00       		.byte	0
 1781 00a0 0C       		.uleb128 0xc
 1782 00a1 34       		.uleb128 0x34
 1783 00a2 00       		.byte	0
 1784 00a3 03       		.uleb128 0x3
 1785 00a4 0E       		.uleb128 0xe
 1786 00a5 3A       		.uleb128 0x3a
 1787 00a6 0B       		.uleb128 0xb
 1788 00a7 3B       		.uleb128 0x3b
 1789 00a8 05       		.uleb128 0x5
 1790 00a9 49       		.uleb128 0x49
 1791 00aa 13       		.uleb128 0x13
 1792 00ab 3F       		.uleb128 0x3f
 1793 00ac 19       		.uleb128 0x19
 1794 00ad 3C       		.uleb128 0x3c
 1795 00ae 19       		.uleb128 0x19
 1796 00af 00       		.byte	0
 1797 00b0 00       		.byte	0
 1798 00b1 0D       		.uleb128 0xd
 1799 00b2 35       		.uleb128 0x35
 1800 00b3 00       		.byte	0
 1801 00b4 49       		.uleb128 0x49
 1802 00b5 13       		.uleb128 0x13
 1803 00b6 00       		.byte	0
 1804 00b7 00       		.byte	0
 1805 00b8 0E       		.uleb128 0xe
 1806 00b9 34       		.uleb128 0x34
 1807 00ba 00       		.byte	0
ARM GAS  C:\Users\ADMINI~1\AppData\Local\Temp\cckE1Ewh.s 			page 36


 1808 00bb 03       		.uleb128 0x3
 1809 00bc 0E       		.uleb128 0xe
 1810 00bd 3A       		.uleb128 0x3a
 1811 00be 0B       		.uleb128 0xb
 1812 00bf 3B       		.uleb128 0x3b
 1813 00c0 0B       		.uleb128 0xb
 1814 00c1 49       		.uleb128 0x49
 1815 00c2 13       		.uleb128 0x13
 1816 00c3 3F       		.uleb128 0x3f
 1817 00c4 19       		.uleb128 0x19
 1818 00c5 3C       		.uleb128 0x3c
 1819 00c6 19       		.uleb128 0x19
 1820 00c7 00       		.byte	0
 1821 00c8 00       		.byte	0
 1822 00c9 0F       		.uleb128 0xf
 1823 00ca 34       		.uleb128 0x34
 1824 00cb 00       		.byte	0
 1825 00cc 03       		.uleb128 0x3
 1826 00cd 0E       		.uleb128 0xe
 1827 00ce 3A       		.uleb128 0x3a
 1828 00cf 0B       		.uleb128 0xb
 1829 00d0 3B       		.uleb128 0x3b
 1830 00d1 0B       		.uleb128 0xb
 1831 00d2 49       		.uleb128 0x49
 1832 00d3 13       		.uleb128 0x13
 1833 00d4 3F       		.uleb128 0x3f
 1834 00d5 19       		.uleb128 0x19
 1835 00d6 02       		.uleb128 0x2
 1836 00d7 18       		.uleb128 0x18
 1837 00d8 00       		.byte	0
 1838 00d9 00       		.byte	0
 1839 00da 10       		.uleb128 0x10
 1840 00db 2E       		.uleb128 0x2e
 1841 00dc 01       		.byte	0x1
 1842 00dd 3F       		.uleb128 0x3f
 1843 00de 19       		.uleb128 0x19
 1844 00df 03       		.uleb128 0x3
 1845 00e0 0E       		.uleb128 0xe
 1846 00e1 3A       		.uleb128 0x3a
 1847 00e2 0B       		.uleb128 0xb
 1848 00e3 3B       		.uleb128 0x3b
 1849 00e4 0B       		.uleb128 0xb
 1850 00e5 27       		.uleb128 0x27
 1851 00e6 19       		.uleb128 0x19
 1852 00e7 3C       		.uleb128 0x3c
 1853 00e8 19       		.uleb128 0x19
 1854 00e9 01       		.uleb128 0x1
 1855 00ea 13       		.uleb128 0x13
 1856 00eb 00       		.byte	0
 1857 00ec 00       		.byte	0
 1858 00ed 11       		.uleb128 0x11
 1859 00ee 05       		.uleb128 0x5
 1860 00ef 00       		.byte	0
 1861 00f0 49       		.uleb128 0x49
 1862 00f1 13       		.uleb128 0x13
 1863 00f2 00       		.byte	0
 1864 00f3 00       		.byte	0
ARM GAS  C:\Users\ADMINI~1\AppData\Local\Temp\cckE1Ewh.s 			page 37


 1865 00f4 12       		.uleb128 0x12
 1866 00f5 0F       		.uleb128 0xf
 1867 00f6 00       		.byte	0
 1868 00f7 0B       		.uleb128 0xb
 1869 00f8 0B       		.uleb128 0xb
 1870 00f9 49       		.uleb128 0x49
 1871 00fa 13       		.uleb128 0x13
 1872 00fb 00       		.byte	0
 1873 00fc 00       		.byte	0
 1874 00fd 13       		.uleb128 0x13
 1875 00fe 26       		.uleb128 0x26
 1876 00ff 00       		.byte	0
 1877 0100 49       		.uleb128 0x49
 1878 0101 13       		.uleb128 0x13
 1879 0102 00       		.byte	0
 1880 0103 00       		.byte	0
 1881 0104 00       		.byte	0
 1882              		.section	.debug_aranges,"",%progbits
 1883 0000 24000000 		.4byte	0x24
 1884 0004 0200     		.2byte	0x2
 1885 0006 00000000 		.4byte	.Ldebug_info0
 1886 000a 04       		.byte	0x4
 1887 000b 00       		.byte	0
 1888 000c 0000     		.2byte	0
 1889 000e 0000     		.2byte	0
 1890 0010 00000000 		.4byte	.LFB63
 1891 0014 C8000000 		.4byte	.LFE63-.LFB63
 1892 0018 00000000 		.4byte	.LFB64
 1893 001c 8C060000 		.4byte	.LFE64-.LFB64
 1894 0020 00000000 		.4byte	0
 1895 0024 00000000 		.4byte	0
 1896              		.section	.debug_ranges,"",%progbits
 1897              	.Ldebug_ranges0:
 1898 0000 00000000 		.4byte	.LFB63
 1899 0004 C8000000 		.4byte	.LFE63
 1900 0008 00000000 		.4byte	.LFB64
 1901 000c 8C060000 		.4byte	.LFE64
 1902 0010 00000000 		.4byte	0
 1903 0014 00000000 		.4byte	0
 1904              		.section	.debug_line,"",%progbits
 1905              	.Ldebug_line0:
 1906 0000 31030000 		.section	.debug_str,"MS",%progbits,1
 1906      02005501 
 1906      00000201 
 1906      FB0E0D00 
 1906      01010101 
 1907              	.LASF29:
 1908 0000 4F6D6567 		.ascii	"OmegaX\000"
 1908      615800
 1909              	.LASF30:
 1910 0007 4F6D6567 		.ascii	"OmegaY\000"
 1910      615900
 1911              	.LASF46:
 1912 000e 696E745F 		.ascii	"int_Error_w_yaw\000"
 1912      4572726F 
 1912      725F775F 
 1912      79617700 
ARM GAS  C:\Users\ADMINI~1\AppData\Local\Temp\cckE1Ewh.s 			page 38


 1913              	.LASF21:
 1914 001e 42545F59 		.ascii	"BT_Yaw\000"
 1914      617700
 1915              	.LASF47:
 1916 0025 44657369 		.ascii	"Desire_w_roll\000"
 1916      72655F77 
 1916      5F726F6C 
 1916      6C00
 1917              	.LASF2:
 1918 0033 73686F72 		.ascii	"short int\000"
 1918      7420696E 
 1918      7400
 1919              	.LASF49:
 1920 003d 4572726F 		.ascii	"Error_w_roll\000"
 1920      725F775F 
 1920      726F6C6C 
 1920      00
 1921              	.LASF18:
 1922 004a 73697A65 		.ascii	"sizetype\000"
 1922      74797065 
 1922      00
 1923              	.LASF39:
 1924 0053 4572726F 		.ascii	"Error_pitch\000"
 1924      725F7069 
 1924      74636800 
 1925              	.LASF34:
 1926 005f 7365745F 		.ascii	"set_speed_1\000"
 1926      73706565 
 1926      645F3100 
 1927              	.LASF35:
 1928 006b 7365745F 		.ascii	"set_speed_2\000"
 1928      73706565 
 1928      645F3200 
 1929              	.LASF36:
 1930 0077 7365745F 		.ascii	"set_speed_3\000"
 1930      73706565 
 1930      645F3300 
 1931              	.LASF37:
 1932 0083 7365745F 		.ascii	"set_speed_4\000"
 1932      73706565 
 1932      645F3400 
 1933              	.LASF16:
 1934 008f 63686172 		.ascii	"char8\000"
 1934      3800
 1935              	.LASF44:
 1936 0095 696E745F 		.ascii	"int_Error_roll\000"
 1936      4572726F 
 1936      725F726F 
 1936      6C6C00
 1937              	.LASF56:
 1938 00a4 436F6E74 		.ascii	"Control_Pitch\000"
 1938      726F6C5F 
 1938      50697463 
 1938      6800
 1939              	.LASF58:
 1940 00b2 746D7063 		.ascii	"tmpcount\000"
 1940      6F756E74 
ARM GAS  C:\Users\ADMINI~1\AppData\Local\Temp\cckE1Ewh.s 			page 39


 1940      00
 1941              	.LASF40:
 1942 00bb 4572726F 		.ascii	"Error_w_yaw\000"
 1942      725F775F 
 1942      79617700 
 1943              	.LASF52:
 1944 00c7 6C617374 		.ascii	"last_Error_w_pitch\000"
 1944      5F457272 
 1944      6F725F77 
 1944      5F706974 
 1944      636800
 1945              	.LASF12:
 1946 00da 75696E74 		.ascii	"uint16\000"
 1946      313600
 1947              	.LASF20:
 1948 00e1 42545F54 		.ascii	"BT_Throttle\000"
 1948      68726F74 
 1948      746C6500 
 1949              	.LASF65:
 1950 00ed 436F6E74 		.ascii	"Control_Func_InitVariable\000"
 1950      726F6C5F 
 1950      46756E63 
 1950      5F496E69 
 1950      74566172 
 1951              	.LASF11:
 1952 0107 75696E74 		.ascii	"uint8\000"
 1952      3800
 1953              	.LASF26:
 1954 010d 44657369 		.ascii	"Desire_angle_pitch\000"
 1954      72655F61 
 1954      6E676C65 
 1954      5F706974 
 1954      636800
 1955              	.LASF43:
 1956 0120 6C617374 		.ascii	"last_Error_w_yaw\000"
 1956      5F457272 
 1956      6F725F77 
 1956      5F796177 
 1956      00
 1957              	.LASF55:
 1958 0131 436F6E74 		.ascii	"Control_Roll\000"
 1958      726F6C5F 
 1958      526F6C6C 
 1958      00
 1959              	.LASF14:
 1960 013e 666C6F61 		.ascii	"float\000"
 1960      7400
 1961              	.LASF6:
 1962 0144 6C6F6E67 		.ascii	"long long int\000"
 1962      206C6F6E 
 1962      6720696E 
 1962      7400
 1963              	.LASF32:
 1964 0152 526F6C6C 		.ascii	"Roll\000"
 1964      00
 1965              	.LASF23:
 1966 0157 42545F52 		.ascii	"BT_Roll\000"
ARM GAS  C:\Users\ADMINI~1\AppData\Local\Temp\cckE1Ewh.s 			page 40


 1966      6F6C6C00 
 1967              	.LASF4:
 1968 015f 6C6F6E67 		.ascii	"long int\000"
 1968      20696E74 
 1968      00
 1969              	.LASF53:
 1970 0168 696E745F 		.ascii	"int_Error_w_roll\000"
 1970      4572726F 
 1970      725F775F 
 1970      726F6C6C 
 1970      00
 1971              	.LASF38:
 1972 0179 4572726F 		.ascii	"Error_roll\000"
 1972      725F726F 
 1972      6C6C00
 1973              	.LASF31:
 1974 0184 4F6D6567 		.ascii	"OmegaZ\000"
 1974      615A00
 1975              	.LASF25:
 1976 018b 70697463 		.ascii	"pitch_angle_offset\000"
 1976      685F616E 
 1976      676C655F 
 1976      6F666673 
 1976      657400
 1977              	.LASF22:
 1978 019e 42545F50 		.ascii	"BT_Pitch\000"
 1978      69746368 
 1978      00
 1979              	.LASF42:
 1980 01a7 6C617374 		.ascii	"last_Error_pitch\000"
 1980      5F457272 
 1980      6F725F70 
 1980      69746368 
 1980      00
 1981              	.LASF1:
 1982 01b8 756E7369 		.ascii	"unsigned char\000"
 1982      676E6564 
 1982      20636861 
 1982      7200
 1983              	.LASF63:
 1984 01c6 2E5C436F 		.ascii	".\\Control.c\000"
 1984      6E74726F 
 1984      6C2E6300 
 1985              	.LASF0:
 1986 01d2 7369676E 		.ascii	"signed char\000"
 1986      65642063 
 1986      68617200 
 1987              	.LASF7:
 1988 01de 6C6F6E67 		.ascii	"long long unsigned int\000"
 1988      206C6F6E 
 1988      6720756E 
 1988      7369676E 
 1988      65642069 
 1989              	.LASF8:
 1990 01f5 756E7369 		.ascii	"unsigned int\000"
 1990      676E6564 
 1990      20696E74 
ARM GAS  C:\Users\ADMINI~1\AppData\Local\Temp\cckE1Ewh.s 			page 41


 1990      00
 1991              	.LASF61:
 1992 0202 4C43445F 		.ascii	"LCD_PrintString\000"
 1992      5072696E 
 1992      74537472 
 1992      696E6700 
 1993              	.LASF24:
 1994 0212 726F6C6C 		.ascii	"roll_angle_offset\000"
 1994      5F616E67 
 1994      6C655F6F 
 1994      66667365 
 1994      7400
 1995              	.LASF50:
 1996 0224 4572726F 		.ascii	"Error_w_pitch\000"
 1996      725F775F 
 1996      70697463 
 1996      6800
 1997              	.LASF3:
 1998 0232 73686F72 		.ascii	"short unsigned int\000"
 1998      7420756E 
 1998      7369676E 
 1998      65642069 
 1998      6E7400
 1999              	.LASF60:
 2000 0245 4C43445F 		.ascii	"LCD_PrintU32Number\000"
 2000      5072696E 
 2000      74553332 
 2000      4E756D62 
 2000      657200
 2001              	.LASF17:
 2002 0258 63686172 		.ascii	"char\000"
 2002      00
 2003              	.LASF62:
 2004 025d 474E5520 		.ascii	"GNU C 4.9.3 20150303 (release) [ARM/embedded-4_9-br"
 2004      4320342E 
 2004      392E3320 
 2004      32303135 
 2004      30333033 
 2005 0290 616E6368 		.ascii	"anch revision 221220] -mcpu=cortex-m3 -mthumb -g -O"
 2005      20726576 
 2005      6973696F 
 2005      6E203232 
 2005      31323230 
 2006 02c3 67202D66 		.ascii	"g -ffunction-sections -ffat-lto-objects\000"
 2006      66756E63 
 2006      74696F6E 
 2006      2D736563 
 2006      74696F6E 
 2007              	.LASF10:
 2008 02eb 696E7433 		.ascii	"int32_t\000"
 2008      325F7400 
 2009              	.LASF45:
 2010 02f3 696E745F 		.ascii	"int_Error_pitch\000"
 2010      4572726F 
 2010      725F7069 
 2010      74636800 
 2011              	.LASF51:
ARM GAS  C:\Users\ADMINI~1\AppData\Local\Temp\cckE1Ewh.s 			page 42


 2012 0303 6C617374 		.ascii	"last_Error_w_roll\000"
 2012      5F457272 
 2012      6F725F77 
 2012      5F726F6C 
 2012      6C00
 2013              	.LASF57:
 2014 0315 436F6E74 		.ascii	"Control_Yaw\000"
 2014      726F6C5F 
 2014      59617700 
 2015              	.LASF33:
 2016 0321 50697463 		.ascii	"Pitch\000"
 2016      6800
 2017              	.LASF13:
 2018 0327 75696E74 		.ascii	"uint32\000"
 2018      333200
 2019              	.LASF5:
 2020 032e 6C6F6E67 		.ascii	"long unsigned int\000"
 2020      20756E73 
 2020      69676E65 
 2020      6420696E 
 2020      7400
 2021              	.LASF15:
 2022 0340 646F7562 		.ascii	"double\000"
 2022      6C6500
 2023              	.LASF19:
 2024 0347 49544D5F 		.ascii	"ITM_RxBuffer\000"
 2024      52784275 
 2024      66666572 
 2024      00
 2025              	.LASF48:
 2026 0354 44657369 		.ascii	"Desire_w_pitch\000"
 2026      72655F77 
 2026      5F706974 
 2026      636800
 2027              	.LASF9:
 2028 0363 5F5F696E 		.ascii	"__int32_t\000"
 2028      7433325F 
 2028      7400
 2029              	.LASF54:
 2030 036d 696E745F 		.ascii	"int_Error_w_pitch\000"
 2030      4572726F 
 2030      725F775F 
 2030      70697463 
 2030      6800
 2031              	.LASF41:
 2032 037f 6C617374 		.ascii	"last_Error_roll\000"
 2032      5F457272 
 2032      6F725F72 
 2032      6F6C6C00 
 2033              	.LASF59:
 2034 038f 4C43445F 		.ascii	"LCD_Position\000"
 2034      506F7369 
 2034      74696F6E 
 2034      00
 2035              	.LASF28:
 2036 039c 44657369 		.ascii	"Desire_w_yaw\000"
 2036      72655F77 
ARM GAS  C:\Users\ADMINI~1\AppData\Local\Temp\cckE1Ewh.s 			page 43


 2036      5F796177 
 2036      00
 2037              	.LASF66:
 2038 03a9 436F6E74 		.ascii	"Control_Main\000"
 2038      726F6C5F 
 2038      4D61696E 
 2038      00
 2039              	.LASF27:
 2040 03b6 44657369 		.ascii	"Desire_angle_roll\000"
 2040      72655F61 
 2040      6E676C65 
 2040      5F726F6C 
 2040      6C00
 2041              	.LASF64:
 2042 03c8 443A5C73 		.ascii	"D:\\sjh\\10.11\\UAV_Control\\UAV_Control.cydsn\000"
 2042      6A685C31 
 2042      302E3131 
 2042      5C554156 
 2042      5F436F6E 
 2043              		.ident	"GCC: (GNU Tools for ARM Embedded Processors) 4.9.3 20150303 (release) [ARM/embedded-4_9-br
