ARM GAS  C:\Users\ADMINI~1\AppData\Local\Temp\ccaZqPxS.s 			page 1


   1              		.syntax unified
   2              		.cpu cortex-m3
   3              		.fpu softvfp
   4              		.eabi_attribute 20, 1
   5              		.eabi_attribute 21, 1
   6              		.eabi_attribute 23, 3
   7              		.eabi_attribute 24, 1
   8              		.eabi_attribute 25, 1
   9              		.eabi_attribute 26, 1
  10              		.eabi_attribute 30, 1
  11              		.eabi_attribute 34, 1
  12              		.eabi_attribute 18, 4
  13              		.thumb
  14              		.file	"cymetadata.c"
  15              		.text
  16              	.Ltext0:
  17              		.cfi_sections	.debug_frame
  18              		.global	cy_metadata
  19              		.global	cy_meta_flashprotect
  20              		.global	cy_meta_wonvl
  21              		.global	cy_meta_custnvl
  22              		.global	cy_meta_configecc
  23              		.section	.cyconfigecc,"a",%progbits
  24              		.align	2
  25              		.type	cy_meta_configecc, %object
  26              		.size	cy_meta_configecc, 1852
  27              	cy_meta_configecc:
  28 0000 01       		.byte	1
  29 0001 45       		.byte	69
  30 0002 00       		.byte	0
  31 0003 40       		.byte	64
  32 0004 03       		.byte	3
  33 0005 52       		.byte	82
  34 0006 00       		.byte	0
  35 0007 40       		.byte	64
  36 0008 02       		.byte	2
  37 0009 64       		.byte	100
  38 000a 00       		.byte	0
  39 000b 40       		.byte	64
  40 000c 04       		.byte	4
  41 000d 65       		.byte	101
  42 000e 00       		.byte	0
  43 000f 40       		.byte	64
  44 0010 02       		.byte	2
  45 0011 03       		.byte	3
  46 0012 01       		.byte	1
  47 0013 40       		.byte	64
  48 0014 04       		.byte	4
  49 0015 05       		.byte	5
  50 0016 01       		.byte	1
  51 0017 40       		.byte	64
  52 0018 35       		.byte	53
  53 0019 06       		.byte	6
  54 001a 01       		.byte	1
  55 001b 40       		.byte	64
  56 001c 18       		.byte	24
  57 001d 07       		.byte	7
ARM GAS  C:\Users\ADMINI~1\AppData\Local\Temp\ccaZqPxS.s 			page 2


  58 001e 01       		.byte	1
  59 001f 40       		.byte	64
  60 0020 0D       		.byte	13
  61 0021 08       		.byte	8
  62 0022 01       		.byte	1
  63 0023 40       		.byte	64
  64 0024 33       		.byte	51
  65 0025 09       		.byte	9
  66 0026 01       		.byte	1
  67 0027 40       		.byte	64
  68 0028 19       		.byte	25
  69 0029 0A       		.byte	10
  70 002a 01       		.byte	1
  71 002b 40       		.byte	64
  72 002c 38       		.byte	56
  73 002d 0B       		.byte	11
  74 002e 01       		.byte	1
  75 002f 40       		.byte	64
  76 0030 30       		.byte	48
  77 0031 14       		.byte	20
  78 0032 01       		.byte	1
  79 0033 40       		.byte	64
  80 0034 1A       		.byte	26
  81 0035 15       		.byte	21
  82 0036 01       		.byte	1
  83 0037 40       		.byte	64
  84 0038 35       		.byte	53
  85 0039 16       		.byte	22
  86 003a 01       		.byte	1
  87 003b 40       		.byte	64
  88 003c 15       		.byte	21
  89 003d 17       		.byte	23
  90 003e 01       		.byte	1
  91 003f 40       		.byte	64
  92 0040 50       		.byte	80
  93 0041 18       		.byte	24
  94 0042 01       		.byte	1
  95 0043 40       		.byte	64
  96 0044 3C       		.byte	60
  97 0045 19       		.byte	25
  98 0046 01       		.byte	1
  99 0047 40       		.byte	64
 100 0048 38       		.byte	56
 101 0049 1A       		.byte	26
 102 004a 01       		.byte	1
 103 004b 40       		.byte	64
 104 004c 31       		.byte	49
 105 004d 1B       		.byte	27
 106 004e 01       		.byte	1
 107 004f 40       		.byte	64
 108 0050 0C       		.byte	12
 109 0051 40       		.byte	64
 110 0052 01       		.byte	1
 111 0053 40       		.byte	64
 112 0054 09       		.byte	9
 113 0055 41       		.byte	65
 114 0056 01       		.byte	1
ARM GAS  C:\Users\ADMINI~1\AppData\Local\Temp\ccaZqPxS.s 			page 3


 115 0057 40       		.byte	64
 116 0058 09       		.byte	9
 117 0059 42       		.byte	66
 118 005a 01       		.byte	1
 119 005b 40       		.byte	64
 120 005c 09       		.byte	9
 121 005d 43       		.byte	67
 122 005e 01       		.byte	1
 123 005f 40       		.byte	64
 124 0060 04       		.byte	4
 125 0061 44       		.byte	68
 126 0062 01       		.byte	1
 127 0063 40       		.byte	64
 128 0064 02       		.byte	2
 129 0065 45       		.byte	69
 130 0066 01       		.byte	1
 131 0067 40       		.byte	64
 132 0068 03       		.byte	3
 133 0069 46       		.byte	70
 134 006a 01       		.byte	1
 135 006b 40       		.byte	64
 136 006c 09       		.byte	9
 137 006d 47       		.byte	71
 138 006e 01       		.byte	1
 139 006f 40       		.byte	64
 140 0070 08       		.byte	8
 141 0071 48       		.byte	72
 142 0072 01       		.byte	1
 143 0073 40       		.byte	64
 144 0074 06       		.byte	6
 145 0075 49       		.byte	73
 146 0076 01       		.byte	1
 147 0077 40       		.byte	64
 148 0078 02       		.byte	2
 149 0079 4C       		.byte	76
 150 007a 01       		.byte	1
 151 007b 40       		.byte	64
 152 007c 08       		.byte	8
 153 007d 50       		.byte	80
 154 007e 01       		.byte	1
 155 007f 40       		.byte	64
 156 0080 02       		.byte	2
 157 0081 51       		.byte	81
 158 0082 01       		.byte	1
 159 0083 40       		.byte	64
 160 0084 7E       		.byte	126
 161 0085 02       		.byte	2
 162 0086 20       		.byte	32
 163 0087 41       		.byte	65
 164 0088 21       		.byte	33
 165 0089 45       		.byte	69
 166 008a 7C       		.byte	124
 167 008b 40       		.byte	64
 168 008c 89       		.byte	-119
 169 008d 38       		.byte	56
 170 008e 8A       		.byte	-118
 171 008f 72       		.byte	114
ARM GAS  C:\Users\ADMINI~1\AppData\Local\Temp\ccaZqPxS.s 			page 4


 172 0090 85       		.byte	-123
 173 0091 0D       		.byte	13
 174 0092 88       		.byte	-120
 175 0093 72       		.byte	114
 176 0094 8A       		.byte	-118
 177 0095 0D       		.byte	13
 178 0096 8B       		.byte	-117
 179 0097 38       		.byte	56
 180 0098 8F       		.byte	-113
 181 0099 08       		.byte	8
 182 009a E2       		.byte	-30
 183 009b 10       		.byte	16
 184 009c 87       		.byte	-121
 185 009d 01       		.byte	1
 186 009e 8C       		.byte	-116
 187 009f 40       		.byte	64
 188 00a0 A7       		.byte	-89
 189 00a1 08       		.byte	8
 190 00a2 E6       		.byte	-26
 191 00a3 10       		.byte	16
 192 00a4 40       		.byte	64
 193 00a5 60       		.byte	96
 194 00a6 41       		.byte	65
 195 00a7 03       		.byte	3
 196 00a8 49       		.byte	73
 197 00a9 FF       		.byte	-1
 198 00aa 4A       		.byte	74
 199 00ab FF       		.byte	-1
 200 00ac 4B       		.byte	75
 201 00ad FF       		.byte	-1
 202 00ae 4D       		.byte	77
 203 00af A0       		.byte	-96
 204 00b0 4F       		.byte	79
 205 00b1 04       		.byte	4
 206 00b2 50       		.byte	80
 207 00b3 18       		.byte	24
 208 00b4 5A       		.byte	90
 209 00b5 04       		.byte	4
 210 00b6 5F       		.byte	95
 211 00b7 01       		.byte	1
 212 00b8 60       		.byte	96
 213 00b9 40       		.byte	64
 214 00ba 62       		.byte	98
 215 00bb C0       		.byte	-64
 216 00bc 64       		.byte	100
 217 00bd 40       		.byte	64
 218 00be 65       		.byte	101
 219 00bf 40       		.byte	64
 220 00c0 66       		.byte	102
 221 00c1 C0       		.byte	-64
 222 00c2 68       		.byte	104
 223 00c3 C0       		.byte	-64
 224 00c4 6A       		.byte	106
 225 00c5 C0       		.byte	-64
 226 00c6 6C       		.byte	108
 227 00c7 C0       		.byte	-64
 228 00c8 6E       		.byte	110
ARM GAS  C:\Users\ADMINI~1\AppData\Local\Temp\ccaZqPxS.s 			page 5


 229 00c9 C0       		.byte	-64
 230 00ca 86       		.byte	-122
 231 00cb 06       		.byte	6
 232 00cc 92       		.byte	-110
 233 00cd 01       		.byte	1
 234 00ce A6       		.byte	-90
 235 00cf 02       		.byte	2
 236 00d0 AA       		.byte	-86
 237 00d1 04       		.byte	4
 238 00d2 B0       		.byte	-80
 239 00d3 02       		.byte	2
 240 00d4 B2       		.byte	-78
 241 00d5 04       		.byte	4
 242 00d6 B4       		.byte	-76
 243 00d7 01       		.byte	1
 244 00d8 C0       		.byte	-64
 245 00d9 60       		.byte	96
 246 00da C1       		.byte	-63
 247 00db 02       		.byte	2
 248 00dc C5       		.byte	-59
 249 00dd 01       		.byte	1
 250 00de C6       		.byte	-58
 251 00df 20       		.byte	32
 252 00e0 C7       		.byte	-57
 253 00e1 05       		.byte	5
 254 00e2 C8       		.byte	-56
 255 00e3 19       		.byte	25
 256 00e4 C9       		.byte	-55
 257 00e5 FF       		.byte	-1
 258 00e6 CA       		.byte	-54
 259 00e7 FF       		.byte	-1
 260 00e8 CB       		.byte	-53
 261 00e9 FF       		.byte	-1
 262 00ea CD       		.byte	-51
 263 00eb AF       		.byte	-81
 264 00ec CE       		.byte	-50
 265 00ed 0F       		.byte	15
 266 00ee CF       		.byte	-49
 267 00ef 04       		.byte	4
 268 00f0 D0       		.byte	-48
 269 00f1 18       		.byte	24
 270 00f2 D2       		.byte	-46
 271 00f3 80       		.byte	-128
 272 00f4 D8       		.byte	-40
 273 00f5 04       		.byte	4
 274 00f6 DA       		.byte	-38
 275 00f7 04       		.byte	4
 276 00f8 DB       		.byte	-37
 277 00f9 04       		.byte	4
 278 00fa DF       		.byte	-33
 279 00fb 01       		.byte	1
 280 00fc E0       		.byte	-32
 281 00fd 40       		.byte	64
 282 00fe E2       		.byte	-30
 283 00ff C0       		.byte	-64
 284 0100 E4       		.byte	-28
 285 0101 40       		.byte	64
ARM GAS  C:\Users\ADMINI~1\AppData\Local\Temp\ccaZqPxS.s 			page 6


 286 0102 E5       		.byte	-27
 287 0103 40       		.byte	64
 288 0104 E6       		.byte	-26
 289 0105 C0       		.byte	-64
 290 0106 E8       		.byte	-24
 291 0107 C0       		.byte	-64
 292 0108 EA       		.byte	-22
 293 0109 C0       		.byte	-64
 294 010a EC       		.byte	-20
 295 010b C0       		.byte	-64
 296 010c EE       		.byte	-18
 297 010d C0       		.byte	-64
 298 010e 00       		.byte	0
 299 010f 04       		.byte	4
 300 0110 09       		.byte	9
 301 0111 02       		.byte	2
 302 0112 10       		.byte	16
 303 0113 28       		.byte	40
 304 0114 18       		.byte	24
 305 0115 84       		.byte	-124
 306 0116 19       		.byte	25
 307 0117 10       		.byte	16
 308 0118 1B       		.byte	27
 309 0119 18       		.byte	24
 310 011a 41       		.byte	65
 311 011b 20       		.byte	32
 312 011c 46       		.byte	70
 313 011d 10       		.byte	16
 314 011e 48       		.byte	72
 315 011f 20       		.byte	32
 316 0120 49       		.byte	73
 317 0121 10       		.byte	16
 318 0122 4F       		.byte	79
 319 0123 20       		.byte	32
 320 0124 50       		.byte	80
 321 0125 08       		.byte	8
 322 0126 51       		.byte	81
 323 0127 20       		.byte	32
 324 0128 52       		.byte	82
 325 0129 10       		.byte	16
 326 012a 71       		.byte	113
 327 012b 02       		.byte	2
 328 012c 94       		.byte	-108
 329 012d 80       		.byte	-128
 330 012e A7       		.byte	-89
 331 012f 09       		.byte	9
 332 0130 C0       		.byte	-64
 333 0131 04       		.byte	4
 334 0132 C2       		.byte	-62
 335 0133 08       		.byte	8
 336 0134 C4       		.byte	-60
 337 0135 06       		.byte	6
 338 0136 D0       		.byte	-48
 339 0137 44       		.byte	68
 340 0138 D2       		.byte	-46
 341 0139 24       		.byte	36
 342 013a E6       		.byte	-26
ARM GAS  C:\Users\ADMINI~1\AppData\Local\Temp\ccaZqPxS.s 			page 7


 343 013b 02       		.byte	2
 344 013c EE       		.byte	-18
 345 013d 01       		.byte	1
 346 013e 82       		.byte	-126
 347 013f 01       		.byte	1
 348 0140 86       		.byte	-122
 349 0141 02       		.byte	2
 350 0142 8E       		.byte	-114
 351 0143 01       		.byte	1
 352 0144 A6       		.byte	-90
 353 0145 02       		.byte	2
 354 0146 B4       		.byte	-76
 355 0147 02       		.byte	2
 356 0148 B6       		.byte	-74
 357 0149 01       		.byte	1
 358 014a BE       		.byte	-66
 359 014b 50       		.byte	80
 360 014c D4       		.byte	-44
 361 014d 18       		.byte	24
 362 014e D6       		.byte	-42
 363 014f 04       		.byte	4
 364 0150 D8       		.byte	-40
 365 0151 04       		.byte	4
 366 0152 DB       		.byte	-37
 367 0153 04       		.byte	4
 368 0154 DD       		.byte	-35
 369 0155 10       		.byte	16
 370 0156 DF       		.byte	-33
 371 0157 01       		.byte	1
 372 0158 00       		.byte	0
 373 0159 82       		.byte	-126
 374 015a 02       		.byte	2
 375 015b 10       		.byte	16
 376 015c 04       		.byte	4
 377 015d 28       		.byte	40
 378 015e 05       		.byte	5
 379 015f 02       		.byte	2
 380 0160 0E       		.byte	14
 381 0161 20       		.byte	32
 382 0162 0F       		.byte	15
 383 0163 05       		.byte	5
 384 0164 12       		.byte	18
 385 0165 20       		.byte	32
 386 0166 14       		.byte	20
 387 0167 40       		.byte	64
 388 0168 17       		.byte	23
 389 0169 64       		.byte	100
 390 016a 18       		.byte	24
 391 016b 05       		.byte	5
 392 016c 1E       		.byte	30
 393 016d 42       		.byte	66
 394 016e 1F       		.byte	31
 395 016f 28       		.byte	40
 396 0170 25       		.byte	37
 397 0171 40       		.byte	64
 398 0172 26       		.byte	38
 399 0173 08       		.byte	8
ARM GAS  C:\Users\ADMINI~1\AppData\Local\Temp\ccaZqPxS.s 			page 8


 400 0174 27       		.byte	39
 401 0175 04       		.byte	4
 402 0176 2D       		.byte	45
 403 0177 80       		.byte	-128
 404 0178 2E       		.byte	46
 405 0179 20       		.byte	32
 406 017a 2F       		.byte	47
 407 017b 20       		.byte	32
 408 017c 35       		.byte	53
 409 017d 24       		.byte	36
 410 017e 37       		.byte	55
 411 017f 41       		.byte	65
 412 0180 3D       		.byte	61
 413 0181 E0       		.byte	-32
 414 0182 3F       		.byte	63
 415 0183 05       		.byte	5
 416 0184 44       		.byte	68
 417 0185 40       		.byte	64
 418 0186 45       		.byte	69
 419 0187 10       		.byte	16
 420 0188 47       		.byte	71
 421 0189 25       		.byte	37
 422 018a 4C       		.byte	76
 423 018b 01       		.byte	1
 424 018c 4E       		.byte	78
 425 018d 08       		.byte	8
 426 018e 4F       		.byte	79
 427 018f 08       		.byte	8
 428 0190 57       		.byte	87
 429 0191 40       		.byte	64
 430 0192 5A       		.byte	90
 431 0193 02       		.byte	2
 432 0194 5C       		.byte	92
 433 0195 80       		.byte	-128
 434 0196 60       		.byte	96
 435 0197 05       		.byte	5
 436 0198 63       		.byte	99
 437 0199 40       		.byte	64
 438 019a 67       		.byte	103
 439 019b 01       		.byte	1
 440 019c 87       		.byte	-121
 441 019d 40       		.byte	64
 442 019e 88       		.byte	-120
 443 019f 80       		.byte	-128
 444 01a0 92       		.byte	-110
 445 01a1 02       		.byte	2
 446 01a2 9A       		.byte	-102
 447 01a3 10       		.byte	16
 448 01a4 A0       		.byte	-96
 449 01a5 41       		.byte	65
 450 01a6 A2       		.byte	-94
 451 01a7 20       		.byte	32
 452 01a8 C0       		.byte	-64
 453 01a9 7D       		.byte	125
 454 01aa C2       		.byte	-62
 455 01ab E0       		.byte	-32
 456 01ac C4       		.byte	-60
ARM GAS  C:\Users\ADMINI~1\AppData\Local\Temp\ccaZqPxS.s 			page 9


 457 01ad F4       		.byte	-12
 458 01ae CA       		.byte	-54
 459 01af 70       		.byte	112
 460 01b0 CC       		.byte	-52
 461 01b1 F0       		.byte	-16
 462 01b2 CE       		.byte	-50
 463 01b3 F0       		.byte	-16
 464 01b4 D0       		.byte	-48
 465 01b5 E0       		.byte	-32
 466 01b6 D2       		.byte	-46
 467 01b7 30       		.byte	48
 468 01b8 D6       		.byte	-42
 469 01b9 11       		.byte	17
 470 01ba D8       		.byte	-40
 471 01bb 1D       		.byte	29
 472 01bc EE       		.byte	-18
 473 01bd 01       		.byte	1
 474 01be 83       		.byte	-125
 475 01bf 02       		.byte	2
 476 01c0 8C       		.byte	-116
 477 01c1 0A       		.byte	10
 478 01c2 8E       		.byte	-114
 479 01c3 11       		.byte	17
 480 01c4 93       		.byte	-109
 481 01c5 02       		.byte	2
 482 01c6 98       		.byte	-104
 483 01c7 01       		.byte	1
 484 01c8 9A       		.byte	-102
 485 01c9 06       		.byte	6
 486 01ca 9C       		.byte	-100
 487 01cb 14       		.byte	20
 488 01cc 9E       		.byte	-98
 489 01cd 49       		.byte	73
 490 01ce A0       		.byte	-96
 491 01cf 20       		.byte	32
 492 01d0 A4       		.byte	-92
 493 01d1 3F       		.byte	63
 494 01d2 A8       		.byte	-88
 495 01d3 3F       		.byte	63
 496 01d4 AB       		.byte	-85
 497 01d5 01       		.byte	1
 498 01d6 B0       		.byte	-80
 499 01d7 40       		.byte	64
 500 01d8 B1       		.byte	-79
 501 01d9 03       		.byte	3
 502 01da B2       		.byte	-78
 503 01db 07       		.byte	7
 504 01dc B4       		.byte	-76
 505 01dd 20       		.byte	32
 506 01de B6       		.byte	-74
 507 01df 18       		.byte	24
 508 01e0 BF       		.byte	-65
 509 01e1 01       		.byte	1
 510 01e2 D6       		.byte	-42
 511 01e3 08       		.byte	8
 512 01e4 D8       		.byte	-40
 513 01e5 04       		.byte	4
ARM GAS  C:\Users\ADMINI~1\AppData\Local\Temp\ccaZqPxS.s 			page 10


 514 01e6 D9       		.byte	-39
 515 01e7 04       		.byte	4
 516 01e8 DB       		.byte	-37
 517 01e9 04       		.byte	4
 518 01ea DC       		.byte	-36
 519 01eb 01       		.byte	1
 520 01ec DD       		.byte	-35
 521 01ed 90       		.byte	-112
 522 01ee DF       		.byte	-33
 523 01ef 01       		.byte	1
 524 01f0 00       		.byte	0
 525 01f1 04       		.byte	4
 526 01f2 01       		.byte	1
 527 01f3 A2       		.byte	-94
 528 01f4 07       		.byte	7
 529 01f5 01       		.byte	1
 530 01f6 08       		.byte	8
 531 01f7 11       		.byte	17
 532 01f8 0A       		.byte	10
 533 01f9 10       		.byte	16
 534 01fa 0B       		.byte	11
 535 01fb 0A       		.byte	10
 536 01fc 0C       		.byte	12
 537 01fd 10       		.byte	16
 538 01fe 0F       		.byte	15
 539 01ff 01       		.byte	1
 540 0200 10       		.byte	16
 541 0201 A8       		.byte	-88
 542 0202 12       		.byte	18
 543 0203 03       		.byte	3
 544 0204 17       		.byte	23
 545 0205 2A       		.byte	42
 546 0206 18       		.byte	24
 547 0207 80       		.byte	-128
 548 0208 19       		.byte	25
 549 0209 A6       		.byte	-90
 550 020a 1A       		.byte	26
 551 020b 10       		.byte	16
 552 020c 1B       		.byte	27
 553 020d 40       		.byte	64
 554 020e 1C       		.byte	28
 555 020f 04       		.byte	4
 556 0210 1E       		.byte	30
 557 0211 02       		.byte	2
 558 0212 1F       		.byte	31
 559 0213 25       		.byte	37
 560 0214 20       		.byte	32
 561 0215 02       		.byte	2
 562 0216 22       		.byte	34
 563 0217 25       		.byte	37
 564 0218 24       		.byte	36
 565 0219 40       		.byte	64
 566 021a 29       		.byte	41
 567 021b 20       		.byte	32
 568 021c 2B       		.byte	43
 569 021d 60       		.byte	96
 570 021e 2F       		.byte	47
ARM GAS  C:\Users\ADMINI~1\AppData\Local\Temp\ccaZqPxS.s 			page 11


 571 021f 04       		.byte	4
 572 0220 30       		.byte	48
 573 0221 91       		.byte	-111
 574 0222 31       		.byte	49
 575 0223 04       		.byte	4
 576 0224 36       		.byte	54
 577 0225 03       		.byte	3
 578 0226 37       		.byte	55
 579 0227 01       		.byte	1
 580 0228 38       		.byte	56
 581 0229 A8       		.byte	-88
 582 022a 3A       		.byte	58
 583 022b 01       		.byte	1
 584 022c 3B       		.byte	59
 585 022d 40       		.byte	64
 586 022e 3F       		.byte	63
 587 022f 01       		.byte	1
 588 0230 40       		.byte	64
 589 0231 44       		.byte	68
 590 0232 43       		.byte	67
 591 0233 08       		.byte	8
 592 0234 48       		.byte	72
 593 0235 41       		.byte	65
 594 0236 49       		.byte	73
 595 0237 20       		.byte	32
 596 0238 52       		.byte	82
 597 0239 10       		.byte	16
 598 023a 5A       		.byte	90
 599 023b 08       		.byte	8
 600 023c 5D       		.byte	93
 601 023d 40       		.byte	64
 602 023e 64       		.byte	100
 603 023f 01       		.byte	1
 604 0240 67       		.byte	103
 605 0241 01       		.byte	1
 606 0242 6B       		.byte	107
 607 0243 2A       		.byte	42
 608 0244 70       		.byte	112
 609 0245 BC       		.byte	-68
 610 0246 81       		.byte	-127
 611 0247 40       		.byte	64
 612 0248 8B       		.byte	-117
 613 0249 48       		.byte	72
 614 024a C0       		.byte	-64
 615 024b 8F       		.byte	-113
 616 024c C2       		.byte	-62
 617 024d CF       		.byte	-49
 618 024e C4       		.byte	-60
 619 024f 7F       		.byte	127
 620 0250 CA       		.byte	-54
 621 0251 27       		.byte	39
 622 0252 CC       		.byte	-52
 623 0253 8F       		.byte	-113
 624 0254 CE       		.byte	-50
 625 0255 8F       		.byte	-113
 626 0256 D0       		.byte	-48
 627 0257 07       		.byte	7
ARM GAS  C:\Users\ADMINI~1\AppData\Local\Temp\ccaZqPxS.s 			page 12


 628 0258 D2       		.byte	-46
 629 0259 0C       		.byte	12
 630 025a D6       		.byte	-42
 631 025b 12       		.byte	18
 632 025c D8       		.byte	-40
 633 025d 10       		.byte	16
 634 025e E6       		.byte	-26
 635 025f 04       		.byte	4
 636 0260 40       		.byte	64
 637 0261 51       		.byte	81
 638 0262 49       		.byte	73
 639 0263 FF       		.byte	-1
 640 0264 4A       		.byte	74
 641 0265 FF       		.byte	-1
 642 0266 4B       		.byte	75
 643 0267 FF       		.byte	-1
 644 0268 4F       		.byte	79
 645 0269 01       		.byte	1
 646 026a 50       		.byte	80
 647 026b 18       		.byte	24
 648 026c 5A       		.byte	90
 649 026d 04       		.byte	4
 650 026e 5F       		.byte	95
 651 026f 01       		.byte	1
 652 0270 60       		.byte	96
 653 0271 40       		.byte	64
 654 0272 62       		.byte	98
 655 0273 40       		.byte	64
 656 0274 64       		.byte	100
 657 0275 40       		.byte	64
 658 0276 65       		.byte	101
 659 0277 40       		.byte	64
 660 0278 66       		.byte	102
 661 0279 80       		.byte	-128
 662 027a 68       		.byte	104
 663 027b 80       		.byte	-128
 664 027c 6A       		.byte	106
 665 027d 80       		.byte	-128
 666 027e 6C       		.byte	108
 667 027f 80       		.byte	-128
 668 0280 6E       		.byte	110
 669 0281 80       		.byte	-128
 670 0282 9E       		.byte	-98
 671 0283 01       		.byte	1
 672 0284 AE       		.byte	-82
 673 0285 01       		.byte	1
 674 0286 B0       		.byte	-80
 675 0287 01       		.byte	1
 676 0288 BE       		.byte	-66
 677 0289 01       		.byte	1
 678 028a C0       		.byte	-64
 679 028b 41       		.byte	65
 680 028c C5       		.byte	-59
 681 028d EC       		.byte	-20
 682 028e C6       		.byte	-58
 683 028f 02       		.byte	2
 684 0290 C8       		.byte	-56
ARM GAS  C:\Users\ADMINI~1\AppData\Local\Temp\ccaZqPxS.s 			page 13


 685 0291 07       		.byte	7
 686 0292 C9       		.byte	-55
 687 0293 FF       		.byte	-1
 688 0294 CA       		.byte	-54
 689 0295 FF       		.byte	-1
 690 0296 CB       		.byte	-53
 691 0297 FF       		.byte	-1
 692 0298 CD       		.byte	-51
 693 0299 83       		.byte	-125
 694 029a CE       		.byte	-50
 695 029b 03       		.byte	3
 696 029c CF       		.byte	-49
 697 029d 01       		.byte	1
 698 029e D0       		.byte	-48
 699 029f 18       		.byte	24
 700 02a0 D2       		.byte	-46
 701 02a1 80       		.byte	-128
 702 02a2 D4       		.byte	-44
 703 02a3 01       		.byte	1
 704 02a4 D6       		.byte	-42
 705 02a5 04       		.byte	4
 706 02a6 D8       		.byte	-40
 707 02a7 04       		.byte	4
 708 02a8 DA       		.byte	-38
 709 02a9 04       		.byte	4
 710 02aa DB       		.byte	-37
 711 02ab 04       		.byte	4
 712 02ac DF       		.byte	-33
 713 02ad 01       		.byte	1
 714 02ae E0       		.byte	-32
 715 02af 40       		.byte	64
 716 02b0 E2       		.byte	-30
 717 02b1 40       		.byte	64
 718 02b2 E4       		.byte	-28
 719 02b3 40       		.byte	64
 720 02b4 E5       		.byte	-27
 721 02b5 40       		.byte	64
 722 02b6 E6       		.byte	-26
 723 02b7 80       		.byte	-128
 724 02b8 E8       		.byte	-24
 725 02b9 80       		.byte	-128
 726 02ba EA       		.byte	-22
 727 02bb 80       		.byte	-128
 728 02bc EC       		.byte	-20
 729 02bd 80       		.byte	-128
 730 02be EE       		.byte	-18
 731 02bf 80       		.byte	-128
 732 02c0 0D       		.byte	13
 733 02c1 80       		.byte	-128
 734 02c2 17       		.byte	23
 735 02c3 80       		.byte	-128
 736 02c4 1E       		.byte	30
 737 02c5 80       		.byte	-128
 738 02c6 41       		.byte	65
 739 02c7 80       		.byte	-128
 740 02c8 45       		.byte	69
 741 02c9 80       		.byte	-128
ARM GAS  C:\Users\ADMINI~1\AppData\Local\Temp\ccaZqPxS.s 			page 14


 742 02ca 46       		.byte	70
 743 02cb 40       		.byte	64
 744 02cc 48       		.byte	72
 745 02cd 01       		.byte	1
 746 02ce 4D       		.byte	77
 747 02cf 04       		.byte	4
 748 02d0 4F       		.byte	79
 749 02d1 01       		.byte	1
 750 02d2 55       		.byte	85
 751 02d3 80       		.byte	-128
 752 02d4 5D       		.byte	93
 753 02d5 04       		.byte	4
 754 02d6 5E       		.byte	94
 755 02d7 80       		.byte	-128
 756 02d8 5F       		.byte	95
 757 02d9 01       		.byte	1
 758 02da 66       		.byte	102
 759 02db 01       		.byte	1
 760 02dc 74       		.byte	116
 761 02dd 01       		.byte	1
 762 02de 76       		.byte	118
 763 02df 40       		.byte	64
 764 02e0 77       		.byte	119
 765 02e1 80       		.byte	-128
 766 02e2 82       		.byte	-126
 767 02e3 01       		.byte	1
 768 02e4 C2       		.byte	-62
 769 02e5 80       		.byte	-128
 770 02e6 C4       		.byte	-60
 771 02e7 80       		.byte	-128
 772 02e8 D0       		.byte	-48
 773 02e9 98       		.byte	-104
 774 02ea D2       		.byte	-46
 775 02eb 08       		.byte	8
 776 02ec D6       		.byte	-42
 777 02ed D0       		.byte	-48
 778 02ee D8       		.byte	-40
 779 02ef 80       		.byte	-128
 780 02f0 E2       		.byte	-30
 781 02f1 01       		.byte	1
 782 02f2 E6       		.byte	-26
 783 02f3 02       		.byte	2
 784 02f4 40       		.byte	64
 785 02f5 50       		.byte	80
 786 02f6 41       		.byte	65
 787 02f7 02       		.byte	2
 788 02f8 49       		.byte	73
 789 02f9 FF       		.byte	-1
 790 02fa 4A       		.byte	74
 791 02fb FF       		.byte	-1
 792 02fc 4B       		.byte	75
 793 02fd FF       		.byte	-1
 794 02fe 4D       		.byte	77
 795 02ff A0       		.byte	-96
 796 0300 4F       		.byte	79
 797 0301 04       		.byte	4
 798 0302 50       		.byte	80
ARM GAS  C:\Users\ADMINI~1\AppData\Local\Temp\ccaZqPxS.s 			page 15


 799 0303 18       		.byte	24
 800 0304 5A       		.byte	90
 801 0305 04       		.byte	4
 802 0306 5F       		.byte	95
 803 0307 01       		.byte	1
 804 0308 60       		.byte	96
 805 0309 40       		.byte	64
 806 030a 62       		.byte	98
 807 030b C0       		.byte	-64
 808 030c 64       		.byte	100
 809 030d 40       		.byte	64
 810 030e 65       		.byte	101
 811 030f 40       		.byte	64
 812 0310 66       		.byte	102
 813 0311 C0       		.byte	-64
 814 0312 68       		.byte	104
 815 0313 C0       		.byte	-64
 816 0314 6A       		.byte	106
 817 0315 C0       		.byte	-64
 818 0316 6C       		.byte	108
 819 0317 C0       		.byte	-64
 820 0318 6E       		.byte	110
 821 0319 C0       		.byte	-64
 822 031a 82       		.byte	-126
 823 031b 06       		.byte	6
 824 031c 92       		.byte	-110
 825 031d 01       		.byte	1
 826 031e A2       		.byte	-94
 827 031f 04       		.byte	4
 828 0320 A6       		.byte	-90
 829 0321 02       		.byte	2
 830 0322 B0       		.byte	-80
 831 0323 04       		.byte	4
 832 0324 B4       		.byte	-76
 833 0325 02       		.byte	2
 834 0326 B6       		.byte	-74
 835 0327 01       		.byte	1
 836 0328 C0       		.byte	-64
 837 0329 10       		.byte	16
 838 032a C1       		.byte	-63
 839 032b 06       		.byte	6
 840 032c C5       		.byte	-59
 841 032d 05       		.byte	5
 842 032e C6       		.byte	-58
 843 032f 01       		.byte	1
 844 0330 C7       		.byte	-57
 845 0331 02       		.byte	2
 846 0332 C8       		.byte	-56
 847 0333 15       		.byte	21
 848 0334 C9       		.byte	-55
 849 0335 FF       		.byte	-1
 850 0336 CA       		.byte	-54
 851 0337 FF       		.byte	-1
 852 0338 CB       		.byte	-53
 853 0339 FF       		.byte	-1
 854 033a CD       		.byte	-51
 855 033b AF       		.byte	-81
ARM GAS  C:\Users\ADMINI~1\AppData\Local\Temp\ccaZqPxS.s 			page 16


 856 033c CE       		.byte	-50
 857 033d 0F       		.byte	15
 858 033e CF       		.byte	-49
 859 033f 04       		.byte	4
 860 0340 D0       		.byte	-48
 861 0341 18       		.byte	24
 862 0342 D2       		.byte	-46
 863 0343 80       		.byte	-128
 864 0344 D8       		.byte	-40
 865 0345 04       		.byte	4
 866 0346 DA       		.byte	-38
 867 0347 04       		.byte	4
 868 0348 DB       		.byte	-37
 869 0349 04       		.byte	4
 870 034a DF       		.byte	-33
 871 034b 01       		.byte	1
 872 034c E0       		.byte	-32
 873 034d 40       		.byte	64
 874 034e E2       		.byte	-30
 875 034f C0       		.byte	-64
 876 0350 E4       		.byte	-28
 877 0351 40       		.byte	64
 878 0352 E5       		.byte	-27
 879 0353 40       		.byte	64
 880 0354 E6       		.byte	-26
 881 0355 C0       		.byte	-64
 882 0356 E8       		.byte	-24
 883 0357 C0       		.byte	-64
 884 0358 EA       		.byte	-22
 885 0359 C0       		.byte	-64
 886 035a EC       		.byte	-20
 887 035b C0       		.byte	-64
 888 035c EE       		.byte	-18
 889 035d C0       		.byte	-64
 890 035e 00       		.byte	0
 891 035f 01       		.byte	1
 892 0360 09       		.byte	9
 893 0361 02       		.byte	2
 894 0362 10       		.byte	16
 895 0363 A0       		.byte	-96
 896 0364 18       		.byte	24
 897 0365 01       		.byte	1
 898 0366 1B       		.byte	27
 899 0367 61       		.byte	97
 900 0368 40       		.byte	64
 901 0369 01       		.byte	1
 902 036a 46       		.byte	70
 903 036b 04       		.byte	4
 904 036c 48       		.byte	72
 905 036d 28       		.byte	40
 906 036e 4F       		.byte	79
 907 036f 80       		.byte	-128
 908 0370 50       		.byte	80
 909 0371 88       		.byte	-120
 910 0372 52       		.byte	82
 911 0373 04       		.byte	4
 912 0374 71       		.byte	113
ARM GAS  C:\Users\ADMINI~1\AppData\Local\Temp\ccaZqPxS.s 			page 17


 913 0375 02       		.byte	2
 914 0376 83       		.byte	-125
 915 0377 20       		.byte	32
 916 0378 A7       		.byte	-89
 917 0379 01       		.byte	1
 918 037a C0       		.byte	-64
 919 037b 08       		.byte	8
 920 037c C2       		.byte	-62
 921 037d 08       		.byte	8
 922 037e C4       		.byte	-60
 923 037f 0C       		.byte	12
 924 0380 D0       		.byte	-48
 925 0381 28       		.byte	40
 926 0382 D2       		.byte	-46
 927 0383 14       		.byte	20
 928 0384 EA       		.byte	-22
 929 0385 02       		.byte	2
 930 0386 EE       		.byte	-18
 931 0387 08       		.byte	8
 932 0388 01       		.byte	1
 933 0389 01       		.byte	1
 934 038a 02       		.byte	2
 935 038b 20       		.byte	32
 936 038c 05       		.byte	5
 937 038d 01       		.byte	1
 938 038e 06       		.byte	6
 939 038f 03       		.byte	3
 940 0390 08       		.byte	8
 941 0391 1C       		.byte	28
 942 0392 0A       		.byte	10
 943 0393 02       		.byte	2
 944 0394 0B       		.byte	11
 945 0395 12       		.byte	18
 946 0396 0C       		.byte	12
 947 0397 10       		.byte	16
 948 0398 0D       		.byte	13
 949 0399 0C       		.byte	12
 950 039a 0F       		.byte	15
 951 039b 12       		.byte	18
 952 039c 11       		.byte	17
 953 039d 01       		.byte	1
 954 039e 12       		.byte	18
 955 039f 04       		.byte	4
 956 03a0 14       		.byte	20
 957 03a1 1C       		.byte	28
 958 03a2 15       		.byte	21
 959 03a3 12       		.byte	18
 960 03a4 16       		.byte	22
 961 03a5 01       		.byte	1
 962 03a6 17       		.byte	23
 963 03a7 0C       		.byte	12
 964 03a8 19       		.byte	25
 965 03a9 0C       		.byte	12
 966 03aa 1A       		.byte	26
 967 03ab 20       		.byte	32
 968 03ac 1C       		.byte	28
 969 03ad 04       		.byte	4
ARM GAS  C:\Users\ADMINI~1\AppData\Local\Temp\ccaZqPxS.s 			page 18


 970 03ae 20       		.byte	32
 971 03af 1F       		.byte	31
 972 03b0 21       		.byte	33
 973 03b1 1E       		.byte	30
 974 03b2 24       		.byte	36
 975 03b3 08       		.byte	8
 976 03b4 25       		.byte	37
 977 03b5 04       		.byte	4
 978 03b6 28       		.byte	40
 979 03b7 18       		.byte	24
 980 03b8 29       		.byte	41
 981 03b9 0E       		.byte	14
 982 03ba 2B       		.byte	43
 983 03bb 10       		.byte	16
 984 03bc 2C       		.byte	44
 985 03bd 07       		.byte	7
 986 03be 2D       		.byte	45
 987 03bf 08       		.byte	8
 988 03c0 2E       		.byte	46
 989 03c1 18       		.byte	24
 990 03c2 32       		.byte	50
 991 03c3 1F       		.byte	31
 992 03c4 33       		.byte	51
 993 03c5 1C       		.byte	28
 994 03c6 35       		.byte	53
 995 03c7 01       		.byte	1
 996 03c8 36       		.byte	54
 997 03c9 20       		.byte	32
 998 03ca 37       		.byte	55
 999 03cb 0E       		.byte	14
 1000 03cc 3A       		.byte	58
 1001 03cd 08       		.byte	8
 1002 03ce 3B       		.byte	59
 1003 03cf 08       		.byte	8
 1004 03d0 3E       		.byte	62
 1005 03d1 40       		.byte	64
 1006 03d2 40       		.byte	64
 1007 03d3 42       		.byte	66
 1008 03d4 49       		.byte	73
 1009 03d5 FF       		.byte	-1
 1010 03d6 4A       		.byte	74
 1011 03d7 FF       		.byte	-1
 1012 03d8 4B       		.byte	75
 1013 03d9 FF       		.byte	-1
 1014 03da 4F       		.byte	79
 1015 03db 01       		.byte	1
 1016 03dc 50       		.byte	80
 1017 03dd 18       		.byte	24
 1018 03de 56       		.byte	86
 1019 03df 02       		.byte	2
 1020 03e0 57       		.byte	87
 1021 03e1 12       		.byte	18
 1022 03e2 58       		.byte	88
 1023 03e3 04       		.byte	4
 1024 03e4 59       		.byte	89
 1025 03e5 04       		.byte	4
 1026 03e6 5A       		.byte	90
ARM GAS  C:\Users\ADMINI~1\AppData\Local\Temp\ccaZqPxS.s 			page 19


 1027 03e7 04       		.byte	4
 1028 03e8 5B       		.byte	91
 1029 03e9 04       		.byte	4
 1030 03ea 5C       		.byte	92
 1031 03eb 22       		.byte	34
 1032 03ec 5D       		.byte	93
 1033 03ed 20       		.byte	32
 1034 03ee 5F       		.byte	95
 1035 03ef 01       		.byte	1
 1036 03f0 60       		.byte	96
 1037 03f1 40       		.byte	64
 1038 03f2 62       		.byte	98
 1039 03f3 40       		.byte	64
 1040 03f4 64       		.byte	100
 1041 03f5 40       		.byte	64
 1042 03f6 65       		.byte	101
 1043 03f7 40       		.byte	64
 1044 03f8 66       		.byte	102
 1045 03f9 80       		.byte	-128
 1046 03fa 68       		.byte	104
 1047 03fb 80       		.byte	-128
 1048 03fc 6A       		.byte	106
 1049 03fd 80       		.byte	-128
 1050 03fe 6C       		.byte	108
 1051 03ff 80       		.byte	-128
 1052 0400 6E       		.byte	110
 1053 0401 80       		.byte	-128
 1054 0402 C0       		.byte	-64
 1055 0403 42       		.byte	66
 1056 0404 C9       		.byte	-55
 1057 0405 FF       		.byte	-1
 1058 0406 CA       		.byte	-54
 1059 0407 FF       		.byte	-1
 1060 0408 CB       		.byte	-53
 1061 0409 FF       		.byte	-1
 1062 040a CD       		.byte	-51
 1063 040b 83       		.byte	-125
 1064 040c CE       		.byte	-50
 1065 040d 03       		.byte	3
 1066 040e CF       		.byte	-49
 1067 040f 01       		.byte	1
 1068 0410 D0       		.byte	-48
 1069 0411 18       		.byte	24
 1070 0412 DA       		.byte	-38
 1071 0413 04       		.byte	4
 1072 0414 DF       		.byte	-33
 1073 0415 01       		.byte	1
 1074 0416 E0       		.byte	-32
 1075 0417 40       		.byte	64
 1076 0418 E2       		.byte	-30
 1077 0419 40       		.byte	64
 1078 041a E4       		.byte	-28
 1079 041b 40       		.byte	64
 1080 041c E5       		.byte	-27
 1081 041d 40       		.byte	64
 1082 041e E6       		.byte	-26
 1083 041f 80       		.byte	-128
ARM GAS  C:\Users\ADMINI~1\AppData\Local\Temp\ccaZqPxS.s 			page 20


 1084 0420 E8       		.byte	-24
 1085 0421 80       		.byte	-128
 1086 0422 EA       		.byte	-22
 1087 0423 80       		.byte	-128
 1088 0424 EC       		.byte	-20
 1089 0425 80       		.byte	-128
 1090 0426 EE       		.byte	-18
 1091 0427 80       		.byte	-128
 1092 0428 04       		.byte	4
 1093 0429 15       		.byte	21
 1094 042a 05       		.byte	5
 1095 042b 80       		.byte	-128
 1096 042c 0D       		.byte	13
 1097 042d 08       		.byte	8
 1098 042e 0E       		.byte	14
 1099 042f 40       		.byte	64
 1100 0430 0F       		.byte	15
 1101 0431 09       		.byte	9
 1102 0432 14       		.byte	20
 1103 0433 40       		.byte	64
 1104 0434 15       		.byte	21
 1105 0435 40       		.byte	64
 1106 0436 17       		.byte	23
 1107 0437 28       		.byte	40
 1108 0438 1C       		.byte	28
 1109 0439 10       		.byte	16
 1110 043a 1D       		.byte	29
 1111 043b 44       		.byte	68
 1112 043c 1E       		.byte	30
 1113 043d 20       		.byte	32
 1114 043e 1F       		.byte	31
 1115 043f 08       		.byte	8
 1116 0440 24       		.byte	36
 1117 0441 07       		.byte	7
 1118 0442 25       		.byte	37
 1119 0443 18       		.byte	24
 1120 0444 27       		.byte	39
 1121 0445 10       		.byte	16
 1122 0446 2C       		.byte	44
 1123 0447 40       		.byte	64
 1124 0448 2D       		.byte	45
 1125 0449 80       		.byte	-128
 1126 044a 2E       		.byte	46
 1127 044b 08       		.byte	8
 1128 044c 2F       		.byte	47
 1129 044d 08       		.byte	8
 1130 044e 37       		.byte	55
 1131 044f 25       		.byte	37
 1132 0450 3D       		.byte	61
 1133 0451 A6       		.byte	-90
 1134 0452 40       		.byte	64
 1135 0453 08       		.byte	8
 1136 0454 42       		.byte	66
 1137 0455 80       		.byte	-128
 1138 0456 44       		.byte	68
 1139 0457 08       		.byte	8
 1140 0458 46       		.byte	70
ARM GAS  C:\Users\ADMINI~1\AppData\Local\Temp\ccaZqPxS.s 			page 21


 1141 0459 84       		.byte	-124
 1142 045a 5E       		.byte	94
 1143 045b 04       		.byte	4
 1144 045c 6C       		.byte	108
 1145 045d 14       		.byte	20
 1146 045e 6D       		.byte	109
 1147 045f 04       		.byte	4
 1148 0460 6F       		.byte	111
 1149 0461 01       		.byte	1
 1150 0462 75       		.byte	117
 1151 0463 A0       		.byte	-96
 1152 0464 76       		.byte	118
 1153 0465 28       		.byte	40
 1154 0466 77       		.byte	119
 1155 0467 28       		.byte	40
 1156 0468 89       		.byte	-119
 1157 0469 48       		.byte	72
 1158 046a 8B       		.byte	-117
 1159 046b 04       		.byte	4
 1160 046c 91       		.byte	-111
 1161 046d 40       		.byte	64
 1162 046e 92       		.byte	-110
 1163 046f 40       		.byte	64
 1164 0470 93       		.byte	-109
 1165 0471 01       		.byte	1
 1166 0472 94       		.byte	-108
 1167 0473 2A       		.byte	42
 1168 0474 97       		.byte	-105
 1169 0475 04       		.byte	4
 1170 0476 9B       		.byte	-101
 1171 0477 04       		.byte	4
 1172 0478 9C       		.byte	-100
 1173 0479 40       		.byte	64
 1174 047a 9D       		.byte	-99
 1175 047b A4       		.byte	-92
 1176 047c 9E       		.byte	-98
 1177 047d 20       		.byte	32
 1178 047e A2       		.byte	-94
 1179 047f 01       		.byte	1
 1180 0480 A3       		.byte	-93
 1181 0481 44       		.byte	68
 1182 0482 A5       		.byte	-91
 1183 0483 10       		.byte	16
 1184 0484 A6       		.byte	-90
 1185 0485 10       		.byte	16
 1186 0486 B1       		.byte	-79
 1187 0487 02       		.byte	2
 1188 0488 B3       		.byte	-77
 1189 0489 20       		.byte	32
 1190 048a B7       		.byte	-73
 1191 048b 48       		.byte	72
 1192 048c C0       		.byte	-64
 1193 048d F0       		.byte	-16
 1194 048e C2       		.byte	-62
 1195 048f F0       		.byte	-16
 1196 0490 C4       		.byte	-60
 1197 0491 F0       		.byte	-16
ARM GAS  C:\Users\ADMINI~1\AppData\Local\Temp\ccaZqPxS.s 			page 22


 1198 0492 CA       		.byte	-54
 1199 0493 F0       		.byte	-16
 1200 0494 CC       		.byte	-52
 1201 0495 E0       		.byte	-32
 1202 0496 CE       		.byte	-50
 1203 0497 F0       		.byte	-16
 1204 0498 D0       		.byte	-48
 1205 0499 A5       		.byte	-91
 1206 049a D6       		.byte	-42
 1207 049b 40       		.byte	64
 1208 049c EA       		.byte	-22
 1209 049d 02       		.byte	2
 1210 049e EE       		.byte	-18
 1211 049f 08       		.byte	8
 1212 04a0 12       		.byte	18
 1213 04a1 01       		.byte	1
 1214 04a2 2A       		.byte	42
 1215 04a3 01       		.byte	1
 1216 04a4 36       		.byte	54
 1217 04a5 01       		.byte	1
 1218 04a6 3E       		.byte	62
 1219 04a7 40       		.byte	64
 1220 04a8 40       		.byte	64
 1221 04a9 16       		.byte	22
 1222 04aa 45       		.byte	69
 1223 04ab EC       		.byte	-20
 1224 04ac 47       		.byte	71
 1225 04ad 02       		.byte	2
 1226 04ae 48       		.byte	72
 1227 04af 13       		.byte	19
 1228 04b0 49       		.byte	73
 1229 04b1 FF       		.byte	-1
 1230 04b2 4A       		.byte	74
 1231 04b3 FF       		.byte	-1
 1232 04b4 4B       		.byte	75
 1233 04b5 FF       		.byte	-1
 1234 04b6 4D       		.byte	77
 1235 04b7 83       		.byte	-125
 1236 04b8 4E       		.byte	78
 1237 04b9 03       		.byte	3
 1238 04ba 4F       		.byte	79
 1239 04bb 01       		.byte	1
 1240 04bc 50       		.byte	80
 1241 04bd 18       		.byte	24
 1242 04be 52       		.byte	82
 1243 04bf 80       		.byte	-128
 1244 04c0 54       		.byte	84
 1245 04c1 01       		.byte	1
 1246 04c2 56       		.byte	86
 1247 04c3 04       		.byte	4
 1248 04c4 58       		.byte	88
 1249 04c5 04       		.byte	4
 1250 04c6 5A       		.byte	90
 1251 04c7 04       		.byte	4
 1252 04c8 5B       		.byte	91
 1253 04c9 04       		.byte	4
 1254 04ca 5F       		.byte	95
ARM GAS  C:\Users\ADMINI~1\AppData\Local\Temp\ccaZqPxS.s 			page 23


 1255 04cb 01       		.byte	1
 1256 04cc 60       		.byte	96
 1257 04cd 40       		.byte	64
 1258 04ce 62       		.byte	98
 1259 04cf 40       		.byte	64
 1260 04d0 64       		.byte	100
 1261 04d1 40       		.byte	64
 1262 04d2 65       		.byte	101
 1263 04d3 40       		.byte	64
 1264 04d4 66       		.byte	102
 1265 04d5 80       		.byte	-128
 1266 04d6 68       		.byte	104
 1267 04d7 80       		.byte	-128
 1268 04d8 6A       		.byte	106
 1269 04d9 80       		.byte	-128
 1270 04da 6C       		.byte	108
 1271 04db 80       		.byte	-128
 1272 04dc 6E       		.byte	110
 1273 04dd 80       		.byte	-128
 1274 04de 81       		.byte	-127
 1275 04df 01       		.byte	1
 1276 04e0 84       		.byte	-124
 1277 04e1 01       		.byte	1
 1278 04e2 88       		.byte	-120
 1279 04e3 01       		.byte	1
 1280 04e4 8B       		.byte	-117
 1281 04e5 01       		.byte	1
 1282 04e6 8F       		.byte	-113
 1283 04e7 02       		.byte	2
 1284 04e8 94       		.byte	-108
 1285 04e9 01       		.byte	1
 1286 04ea 95       		.byte	-107
 1287 04eb 01       		.byte	1
 1288 04ec 9B       		.byte	-101
 1289 04ed 01       		.byte	1
 1290 04ee 9C       		.byte	-100
 1291 04ef 01       		.byte	1
 1292 04f0 9F       		.byte	-97
 1293 04f1 02       		.byte	2
 1294 04f2 B3       		.byte	-77
 1295 04f3 02       		.byte	2
 1296 04f4 B4       		.byte	-76
 1297 04f5 01       		.byte	1
 1298 04f6 B7       		.byte	-73
 1299 04f7 01       		.byte	1
 1300 04f8 B9       		.byte	-71
 1301 04f9 80       		.byte	-128
 1302 04fa BA       		.byte	-70
 1303 04fb 80       		.byte	-128
 1304 04fc BE       		.byte	-66
 1305 04fd 10       		.byte	16
 1306 04fe BF       		.byte	-65
 1307 04ff 04       		.byte	4
 1308 0500 D4       		.byte	-44
 1309 0501 18       		.byte	24
 1310 0502 D6       		.byte	-42
 1311 0503 04       		.byte	4
ARM GAS  C:\Users\ADMINI~1\AppData\Local\Temp\ccaZqPxS.s 			page 24


 1312 0504 D8       		.byte	-40
 1313 0505 04       		.byte	4
 1314 0506 D9       		.byte	-39
 1315 0507 04       		.byte	4
 1316 0508 DB       		.byte	-37
 1317 0509 04       		.byte	4
 1318 050a DC       		.byte	-36
 1319 050b 22       		.byte	34
 1320 050c DD       		.byte	-35
 1321 050d 20       		.byte	32
 1322 050e DF       		.byte	-33
 1323 050f 01       		.byte	1
 1324 0510 07       		.byte	7
 1325 0511 14       		.byte	20
 1326 0512 08       		.byte	8
 1327 0513 02       		.byte	2
 1328 0514 09       		.byte	9
 1329 0515 02       		.byte	2
 1330 0516 0C       		.byte	12
 1331 0517 40       		.byte	64
 1332 0518 0E       		.byte	14
 1333 0519 31       		.byte	49
 1334 051a 12       		.byte	18
 1335 051b 04       		.byte	4
 1336 051c 19       		.byte	25
 1337 051d 80       		.byte	-128
 1338 051e 1E       		.byte	30
 1339 051f 05       		.byte	5
 1340 0520 25       		.byte	37
 1341 0521 08       		.byte	8
 1342 0522 26       		.byte	38
 1343 0523 80       		.byte	-128
 1344 0524 36       		.byte	54
 1345 0525 80       		.byte	-128
 1346 0526 37       		.byte	55
 1347 0527 14       		.byte	20
 1348 0528 3E       		.byte	62
 1349 0529 11       		.byte	17
 1350 052a 3F       		.byte	63
 1351 052b 80       		.byte	-128
 1352 052c 40       		.byte	64
 1353 052d 02       		.byte	2
 1354 052e 45       		.byte	69
 1355 052f 08       		.byte	8
 1356 0530 46       		.byte	70
 1357 0531 20       		.byte	32
 1358 0532 48       		.byte	72
 1359 0533 08       		.byte	8
 1360 0534 49       		.byte	73
 1361 0535 05       		.byte	5
 1362 0536 50       		.byte	80
 1363 0537 08       		.byte	8
 1364 0538 52       		.byte	82
 1365 0539 04       		.byte	4
 1366 053a 59       		.byte	89
 1367 053b 85       		.byte	-123
 1368 053c 5E       		.byte	94
ARM GAS  C:\Users\ADMINI~1\AppData\Local\Temp\ccaZqPxS.s 			page 25


 1369 053d 02       		.byte	2
 1370 053e 62       		.byte	98
 1371 053f 02       		.byte	2
 1372 0540 65       		.byte	101
 1373 0541 40       		.byte	64
 1374 0542 66       		.byte	102
 1375 0543 20       		.byte	32
 1376 0544 67       		.byte	103
 1377 0545 40       		.byte	64
 1378 0546 71       		.byte	113
 1379 0547 02       		.byte	2
 1380 0548 72       		.byte	114
 1381 0549 80       		.byte	-128
 1382 054a 82       		.byte	-126
 1383 054b 02       		.byte	2
 1384 054c 87       		.byte	-121
 1385 054d 40       		.byte	64
 1386 054e 96       		.byte	-106
 1387 054f 04       		.byte	4
 1388 0550 99       		.byte	-103
 1389 0551 40       		.byte	64
 1390 0552 9B       		.byte	-101
 1391 0553 14       		.byte	20
 1392 0554 9C       		.byte	-100
 1393 0555 40       		.byte	64
 1394 0556 9E       		.byte	-98
 1395 0557 84       		.byte	-124
 1396 0558 A2       		.byte	-94
 1397 0559 11       		.byte	17
 1398 055a A3       		.byte	-93
 1399 055b 40       		.byte	64
 1400 055c B4       		.byte	-76
 1401 055d 04       		.byte	4
 1402 055e B5       		.byte	-75
 1403 055f 01       		.byte	1
 1404 0560 C0       		.byte	-64
 1405 0561 60       		.byte	96
 1406 0562 C2       		.byte	-62
 1407 0563 A8       		.byte	-88
 1408 0564 C4       		.byte	-60
 1409 0565 02       		.byte	2
 1410 0566 CC       		.byte	-52
 1411 0567 70       		.byte	112
 1412 0568 CE       		.byte	-50
 1413 0569 B0       		.byte	-80
 1414 056a D0       		.byte	-48
 1415 056b 08       		.byte	8
 1416 056c D2       		.byte	-46
 1417 056d 04       		.byte	4
 1418 056e D6       		.byte	-42
 1419 056f 8B       		.byte	-117
 1420 0570 D8       		.byte	-40
 1421 0571 B1       		.byte	-79
 1422 0572 33       		.byte	51
 1423 0573 81       		.byte	-127
 1424 0574 37       		.byte	55
 1425 0575 44       		.byte	68
ARM GAS  C:\Users\ADMINI~1\AppData\Local\Temp\ccaZqPxS.s 			page 26


 1426 0576 3B       		.byte	59
 1427 0577 40       		.byte	64
 1428 0578 50       		.byte	80
 1429 0579 01       		.byte	1
 1430 057a 56       		.byte	86
 1431 057b 02       		.byte	2
 1432 057c 60       		.byte	96
 1433 057d 01       		.byte	1
 1434 057e 66       		.byte	102
 1435 057f 08       		.byte	8
 1436 0580 CC       		.byte	-52
 1437 0581 F0       		.byte	-16
 1438 0582 CE       		.byte	-50
 1439 0583 10       		.byte	16
 1440 0584 D4       		.byte	-44
 1441 0585 80       		.byte	-128
 1442 0586 D6       		.byte	-42
 1443 0587 60       		.byte	96
 1444 0588 D8       		.byte	-40
 1445 0589 80       		.byte	-128
 1446 058a 33       		.byte	51
 1447 058b 10       		.byte	16
 1448 058c 36       		.byte	54
 1449 058d 20       		.byte	32
 1450 058e 8E       		.byte	-114
 1451 058f 08       		.byte	8
 1452 0590 94       		.byte	-108
 1453 0591 03       		.byte	3
 1454 0592 97       		.byte	-105
 1455 0593 40       		.byte	64
 1456 0594 9E       		.byte	-98
 1457 0595 0A       		.byte	10
 1458 0596 9F       		.byte	-97
 1459 0597 45       		.byte	69
 1460 0598 A7       		.byte	-89
 1461 0599 80       		.byte	-128
 1462 059a CC       		.byte	-52
 1463 059b 30       		.byte	48
 1464 059c 86       		.byte	-122
 1465 059d 02       		.byte	2
 1466 059e 8C       		.byte	-116
 1467 059f 01       		.byte	1
 1468 05a0 94       		.byte	-108
 1469 05a1 03       		.byte	3
 1470 05a2 97       		.byte	-105
 1471 05a3 40       		.byte	64
 1472 05a4 9E       		.byte	-98
 1473 05a5 02       		.byte	2
 1474 05a6 9F       		.byte	-97
 1475 05a7 55       		.byte	85
 1476 05a8 A6       		.byte	-90
 1477 05a9 20       		.byte	32
 1478 05aa A7       		.byte	-89
 1479 05ab 80       		.byte	-128
 1480 05ac E6       		.byte	-26
 1481 05ad 10       		.byte	16
 1482 05ae 86       		.byte	-122
ARM GAS  C:\Users\ADMINI~1\AppData\Local\Temp\ccaZqPxS.s 			page 27


 1483 05af 20       		.byte	32
 1484 05b0 94       		.byte	-108
 1485 05b1 02       		.byte	2
 1486 05b2 97       		.byte	-105
 1487 05b3 40       		.byte	64
 1488 05b4 9F       		.byte	-97
 1489 05b5 15       		.byte	21
 1490 05b6 A6       		.byte	-90
 1491 05b7 20       		.byte	32
 1492 05b8 A7       		.byte	-89
 1493 05b9 80       		.byte	-128
 1494 05ba AB       		.byte	-85
 1495 05bb 40       		.byte	64
 1496 05bc E6       		.byte	-26
 1497 05bd 40       		.byte	64
 1498 05be EE       		.byte	-18
 1499 05bf 80       		.byte	-128
 1500 05c0 03       		.byte	3
 1501 05c1 20       		.byte	32
 1502 05c2 08       		.byte	8
 1503 05c3 10       		.byte	16
 1504 05c4 C0       		.byte	-64
 1505 05c5 08       		.byte	8
 1506 05c6 C2       		.byte	-62
 1507 05c7 02       		.byte	2
 1508 05c8 98       		.byte	-104
 1509 05c9 10       		.byte	16
 1510 05ca A3       		.byte	-93
 1511 05cb 20       		.byte	32
 1512 05cc 83       		.byte	-125
 1513 05cd 20       		.byte	32
 1514 05ce 98       		.byte	-104
 1515 05cf 10       		.byte	16
 1516 05d0 A3       		.byte	-93
 1517 05d1 20       		.byte	32
 1518 05d2 08       		.byte	8
 1519 05d3 08       		.byte	8
 1520 05d4 0B       		.byte	11
 1521 05d5 04       		.byte	4
 1522 05d6 0F       		.byte	15
 1523 05d7 20       		.byte	32
 1524 05d8 88       		.byte	-120
 1525 05d9 10       		.byte	16
 1526 05da 98       		.byte	-104
 1527 05db 10       		.byte	16
 1528 05dc A7       		.byte	-89
 1529 05dd 10       		.byte	16
 1530 05de AB       		.byte	-85
 1531 05df 10       		.byte	16
 1532 05e0 C2       		.byte	-62
 1533 05e1 0E       		.byte	14
 1534 05e2 E2       		.byte	-30
 1535 05e3 04       		.byte	4
 1536 05e4 80       		.byte	-128
 1537 05e5 01       		.byte	1
 1538 05e6 94       		.byte	-108
 1539 05e7 02       		.byte	2
ARM GAS  C:\Users\ADMINI~1\AppData\Local\Temp\ccaZqPxS.s 			page 28


 1540 05e8 97       		.byte	-105
 1541 05e9 40       		.byte	64
 1542 05ea 9F       		.byte	-97
 1543 05eb 14       		.byte	20
 1544 05ec AF       		.byte	-81
 1545 05ed 81       		.byte	-127
 1546 05ee E6       		.byte	-26
 1547 05ef 20       		.byte	32
 1548 05f0 EA       		.byte	-22
 1549 05f1 40       		.byte	64
 1550 05f2 EE       		.byte	-18
 1551 05f3 10       		.byte	16
 1552 05f4 83       		.byte	-125
 1553 05f5 14       		.byte	20
 1554 05f6 87       		.byte	-121
 1555 05f7 40       		.byte	64
 1556 05f8 97       		.byte	-105
 1557 05f9 40       		.byte	64
 1558 05fa 9F       		.byte	-97
 1559 05fb 14       		.byte	20
 1560 05fc E2       		.byte	-30
 1561 05fd A0       		.byte	-96
 1562 05fe E6       		.byte	-26
 1563 05ff 40       		.byte	64
 1564 0600 AC       		.byte	-84
 1565 0601 08       		.byte	8
 1566 0602 AF       		.byte	-81
 1567 0603 04       		.byte	4
 1568 0604 00       		.byte	0
 1569 0605 07       		.byte	7
 1570 0606 01       		.byte	1
 1571 0607 01       		.byte	1
 1572 0608 0A       		.byte	10
 1573 0609 01       		.byte	1
 1574 060a 0C       		.byte	12
 1575 060b 06       		.byte	6
 1576 060c 0D       		.byte	13
 1577 060d 01       		.byte	1
 1578 060e 10       		.byte	16
 1579 060f 05       		.byte	5
 1580 0610 1A       		.byte	26
 1581 0611 01       		.byte	1
 1582 0612 1C       		.byte	28
 1583 0613 05       		.byte	5
 1584 0614 00       		.byte	0
 1585 0615 EA       		.byte	-22
 1586 0616 01       		.byte	1
 1587 0617 3F       		.byte	63
 1588 0618 61       		.byte	97
 1589 0619 08       		.byte	8
 1590 061a 06       		.byte	6
 1591 061b 02       		.byte	2
 1592 061c 1F       		.byte	31
 1593 061d 3C       		.byte	60
 1594 061e 00       		.byte	0
 1595 061f 00       		.byte	0
 1596 0620 1F       		.byte	31
ARM GAS  C:\Users\ADMINI~1\AppData\Local\Temp\ccaZqPxS.s 			page 29


 1597 0621 00       		.byte	0
 1598 0622 00       		.byte	0
 1599 0623 0C       		.byte	12
 1600 0624 00       		.byte	0
 1601 0625 0C       		.byte	12
 1602 0626 00       		.byte	0
 1603 0627 30       		.byte	48
 1604 0628 00       		.byte	0
 1605 0629 3C       		.byte	60
 1606 062a 00       		.byte	0
 1607 062b 00       		.byte	0
 1608 062c 00       		.byte	0
 1609 062d 30       		.byte	48
 1610 062e 60       		.byte	96
 1611 062f 0C       		.byte	12
 1612 0630 00       		.byte	0
 1613 0631 10       		.byte	16
 1614 0632 60       		.byte	96
 1615 0633 00       		.byte	0
 1616 0634 54       		.byte	84
 1617 0635 04       		.byte	4
 1618 0636 89       		.byte	-119
 1619 0637 02       		.byte	2
 1620 0638 60       		.byte	96
 1621 0639 00       		.byte	0
 1622 063a 00       		.byte	0
 1623 063b 00       		.byte	0
 1624 063c 60       		.byte	96
 1625 063d 0C       		.byte	12
 1626 063e 00       		.byte	0
 1627 063f 01       		.byte	1
 1628 0640 00       		.byte	0
 1629 0641 30       		.byte	48
 1630 0642 60       		.byte	96
 1631 0643 00       		.byte	0
 1632 0644 2A       		.byte	42
 1633 0645 20       		.byte	32
 1634 0646 11       		.byte	17
 1635 0647 00       		.byte	0
 1636 0648 80       		.byte	-128
 1637 0649 00       		.byte	0
 1638 064a 18       		.byte	24
 1639 064b 03       		.byte	3
 1640 064c 07       		.byte	7
 1641 064d 3C       		.byte	60
 1642 064e 60       		.byte	96
 1643 064f 3C       		.byte	60
 1644 0650 00       		.byte	0
 1645 0651 00       		.byte	0
 1646 0652 00       		.byte	0
 1647 0653 A0       		.byte	-96
 1648 0654 00       		.byte	0
 1649 0655 00       		.byte	0
 1650 0656 00       		.byte	0
 1651 0657 04       		.byte	4
 1652 0658 32       		.byte	50
 1653 0659 04       		.byte	4
ARM GAS  C:\Users\ADMINI~1\AppData\Local\Temp\ccaZqPxS.s 			page 30


 1654 065a 05       		.byte	5
 1655 065b 00       		.byte	0
 1656 065c 06       		.byte	6
 1657 065d 0C       		.byte	12
 1658 065e 0E       		.byte	14
 1659 065f 00       		.byte	0
 1660 0660 05       		.byte	5
 1661 0661 FF       		.byte	-1
 1662 0662 FF       		.byte	-1
 1663 0663 FF       		.byte	-1
 1664 0664 62       		.byte	98
 1665 0665 A0       		.byte	-96
 1666 0666 F0       		.byte	-16
 1667 0667 41       		.byte	65
 1668 0668 0C       		.byte	12
 1669 0669 00       		.byte	0
 1670 066a 00       		.byte	0
 1671 066b 00       		.byte	0
 1672 066c 00       		.byte	0
 1673 066d 00       		.byte	0
 1674 066e 08       		.byte	8
 1675 066f 00       		.byte	0
 1676 0670 04       		.byte	4
 1677 0671 04       		.byte	4
 1678 0672 04       		.byte	4
 1679 0673 04       		.byte	4
 1680 0674 22       		.byte	34
 1681 0675 92       		.byte	-110
 1682 0676 00       		.byte	0
 1683 0677 01       		.byte	1
 1684 0678 00       		.byte	0
 1685 0679 00       		.byte	0
 1686 067a 00       		.byte	0
 1687 067b 00       		.byte	0
 1688 067c 00       		.byte	0
 1689 067d 00       		.byte	0
 1690 067e 40       		.byte	64
 1691 067f 02       		.byte	2
 1692 0680 00       		.byte	0
 1693 0681 10       		.byte	16
 1694 0682 30       		.byte	48
 1695 0683 10       		.byte	16
 1696 0684 00       		.byte	0
 1697 0685 10       		.byte	16
 1698 0686 10       		.byte	16
 1699 0687 12       		.byte	18
 1700 0688 00       		.byte	0
 1701 0689 00       		.byte	0
 1702 068a 00       		.byte	0
 1703 068b 00       		.byte	0
 1704 068c 00       		.byte	0
 1705 068d 00       		.byte	0
 1706 068e 00       		.byte	0
 1707 068f 00       		.byte	0
 1708 0690 00       		.byte	0
 1709 0691 00       		.byte	0
 1710 0692 00       		.byte	0
ARM GAS  C:\Users\ADMINI~1\AppData\Local\Temp\ccaZqPxS.s 			page 31


 1711 0693 00       		.byte	0
 1712 0694 00       		.byte	0
 1713 0695 00       		.byte	0
 1714 0696 00       		.byte	0
 1715 0697 00       		.byte	0
 1716 0698 F3       		.byte	-13
 1717 0699 01       		.byte	1
 1718 069a 0C       		.byte	12
 1719 069b 00       		.byte	0
 1720 069c 00       		.byte	0
 1721 069d 30       		.byte	48
 1722 069e B3       		.byte	-77
 1723 069f 00       		.byte	0
 1724 06a0 FF       		.byte	-1
 1725 06a1 10       		.byte	16
 1726 06a2 00       		.byte	0
 1727 06a3 00       		.byte	0
 1728 06a4 4C       		.byte	76
 1729 06a5 4F       		.byte	79
 1730 06a6 A3       		.byte	-93
 1731 06a7 30       		.byte	48
 1732 06a8 42       		.byte	66
 1733 06a9 02       		.byte	2
 1734 06aa 00       		.byte	0
 1735 06ab 00       		.byte	0
 1736 06ac 4F       		.byte	79
 1737 06ad 70       		.byte	112
 1738 06ae 90       		.byte	-112
 1739 06af 0F       		.byte	15
 1740 06b0 03       		.byte	3
 1741 06b1 03       		.byte	3
 1742 06b2 00       		.byte	0
 1743 06b3 00       		.byte	0
 1744 06b4 00       		.byte	0
 1745 06b5 20       		.byte	32
 1746 06b6 40       		.byte	64
 1747 06b7 00       		.byte	0
 1748 06b8 08       		.byte	8
 1749 06b9 78       		.byte	120
 1750 06ba 00       		.byte	0
 1751 06bb 07       		.byte	7
 1752 06bc 04       		.byte	4
 1753 06bd 00       		.byte	0
 1754 06be 00       		.byte	0
 1755 06bf 0B       		.byte	11
 1756 06c0 0C       		.byte	12
 1757 06c1 7F       		.byte	127
 1758 06c2 00       		.byte	0
 1759 06c3 00       		.byte	0
 1760 06c4 01       		.byte	1
 1761 06c5 00       		.byte	0
 1762 06c6 00       		.byte	0
 1763 06c7 00       		.byte	0
 1764 06c8 0F       		.byte	15
 1765 06c9 03       		.byte	3
 1766 06ca 8C       		.byte	-116
 1767 06cb 40       		.byte	64
ARM GAS  C:\Users\ADMINI~1\AppData\Local\Temp\ccaZqPxS.s 			page 32


 1768 06cc 00       		.byte	0
 1769 06cd 04       		.byte	4
 1770 06ce 7C       		.byte	124
 1771 06cf 38       		.byte	56
 1772 06d0 00       		.byte	0
 1773 06d1 20       		.byte	32
 1774 06d2 AA       		.byte	-86
 1775 06d3 00       		.byte	0
 1776 06d4 00       		.byte	0
 1777 06d5 00       		.byte	0
 1778 06d6 00       		.byte	0
 1779 06d7 04       		.byte	4
 1780 06d8 32       		.byte	50
 1781 06d9 06       		.byte	6
 1782 06da 05       		.byte	5
 1783 06db 00       		.byte	0
 1784 06dc 04       		.byte	4
 1785 06dd C0       		.byte	-64
 1786 06de E0       		.byte	-32
 1787 06df 00       		.byte	0
 1788 06e0 0A       		.byte	10
 1789 06e1 FF       		.byte	-1
 1790 06e2 FF       		.byte	-1
 1791 06e3 FF       		.byte	-1
 1792 06e4 62       		.byte	98
 1793 06e5 A0       		.byte	-96
 1794 06e6 F0       		.byte	-16
 1795 06e7 41       		.byte	65
 1796 06e8 0C       		.byte	12
 1797 06e9 00       		.byte	0
 1798 06ea 00       		.byte	0
 1799 06eb 00       		.byte	0
 1800 06ec 00       		.byte	0
 1801 06ed 00       		.byte	0
 1802 06ee 02       		.byte	2
 1803 06ef 12       		.byte	18
 1804 06f0 04       		.byte	4
 1805 06f1 04       		.byte	4
 1806 06f2 04       		.byte	4
 1807 06f3 04       		.byte	4
 1808 06f4 11       		.byte	17
 1809 06f5 11       		.byte	17
 1810 06f6 00       		.byte	0
 1811 06f7 01       		.byte	1
 1812 06f8 00       		.byte	0
 1813 06f9 00       		.byte	0
 1814 06fa 00       		.byte	0
 1815 06fb 00       		.byte	0
 1816 06fc 00       		.byte	0
 1817 06fd 00       		.byte	0
 1818 06fe 40       		.byte	64
 1819 06ff 02       		.byte	2
 1820 0700 00       		.byte	0
 1821 0701 10       		.byte	16
 1822 0702 30       		.byte	48
 1823 0703 10       		.byte	16
 1824 0704 00       		.byte	0
ARM GAS  C:\Users\ADMINI~1\AppData\Local\Temp\ccaZqPxS.s 			page 33


 1825 0705 10       		.byte	16
 1826 0706 10       		.byte	16
 1827 0707 12       		.byte	18
 1828 0708 00       		.byte	0
 1829 0709 00       		.byte	0
 1830 070a 00       		.byte	0
 1831 070b 00       		.byte	0
 1832 070c 00       		.byte	0
 1833 070d 00       		.byte	0
 1834 070e 00       		.byte	0
 1835 070f 00       		.byte	0
 1836 0710 00       		.byte	0
 1837 0711 00       		.byte	0
 1838 0712 00       		.byte	0
 1839 0713 00       		.byte	0
 1840 0714 00       		.byte	0
 1841 0715 00       		.byte	0
 1842 0716 00       		.byte	0
 1843 0717 00       		.byte	0
 1844 0718 40       		.byte	64
 1845 0719 00       		.byte	0
 1846 071a 00       		.byte	0
 1847 071b 00       		.byte	0
 1848 071c 00       		.byte	0
 1849 071d 00       		.byte	0
 1850 071e 00       		.byte	0
 1851 071f 00       		.byte	0
 1852 0720 C0       		.byte	-64
 1853 0721 00       		.byte	0
 1854 0722 00       		.byte	0
 1855 0723 00       		.byte	0
 1856 0724 00       		.byte	0
 1857 0725 7F       		.byte	127
 1858 0726 7F       		.byte	127
 1859 0727 00       		.byte	0
 1860 0728 00       		.byte	0
 1861 0729 00       		.byte	0
 1862 072a 00       		.byte	0
 1863 072b 00       		.byte	0
 1864 072c 00       		.byte	0
 1865 072d 55       		.byte	85
 1866 072e 55       		.byte	85
 1867 072f 00       		.byte	0
 1868 0730 55       		.byte	85
 1869 0731 00       		.byte	0
 1870 0732 00       		.byte	0
 1871 0733 00       		.byte	0
 1872 0734 41       		.byte	65
 1873 0735 00       		.byte	0
 1874 0736 00       		.byte	0
 1875 0737 00       		.byte	0
 1876 0738 00       		.byte	0
 1877 0739 00       		.byte	0
 1878 073a 00       		.byte	0
 1879 073b 00       		.byte	0
 1880              		.section	.cywolatch,"a",%progbits
 1881              		.align	2
ARM GAS  C:\Users\ADMINI~1\AppData\Local\Temp\ccaZqPxS.s 			page 34


 1882              		.type	cy_meta_wonvl, %object
 1883              		.size	cy_meta_wonvl, 4
 1884              	cy_meta_wonvl:
 1885 0000 BC       		.byte	-68
 1886 0001 90       		.byte	-112
 1887 0002 AC       		.byte	-84
 1888 0003 AF       		.byte	-81
 1889              		.section	.cycustnvl,"a",%progbits
 1890              		.align	2
 1891              		.type	cy_meta_custnvl, %object
 1892              		.size	cy_meta_custnvl, 4
 1893              	cy_meta_custnvl:
 1894 0000 00       		.byte	0
 1895 0001 00       		.byte	0
 1896 0002 40       		.byte	64
 1897 0003 05       		.byte	5
 1898              		.section	.cymeta,"a",%progbits
 1899              		.align	2
 1900              		.type	cy_metadata, %object
 1901              		.size	cy_metadata, 12
 1902              	cy_metadata:
 1903 0000 00       		.byte	0
 1904 0001 01       		.byte	1
 1905 0002 2E       		.byte	46
 1906 0003 12       		.byte	18
 1907 0004 30       		.byte	48
 1908 0005 69       		.byte	105
 1909 0006 00       		.byte	0
 1910 0007 01       		.byte	1
 1911 0008 00       		.byte	0
 1912 0009 00       		.byte	0
 1913 000a 00       		.byte	0
 1914 000b 00       		.byte	0
 1915              		.section	.cyflashprotect,"a",%progbits
 1916              		.align	2
 1917              		.type	cy_meta_flashprotect, %object
 1918              		.size	cy_meta_flashprotect, 256
 1919              	cy_meta_flashprotect:
 1920 0000 00000000 		.space	256
 1920      00000000 
 1920      00000000 
 1920      00000000 
 1920      00000000 
 1921              		.text
 1922              	.Letext0:
 1923              		.file 1 ".\\Generated_Source\\PSoC5\\cymetadata.c"
 1924              		.file 2 ".\\Generated_Source\\PSoC5\\cytypes.h"
 1925              		.section	.debug_info,"",%progbits
 1926              	.Ldebug_info0:
 1927 0000 3B010000 		.4byte	0x13b
 1928 0004 0400     		.2byte	0x4
 1929 0006 00000000 		.4byte	.Ldebug_abbrev0
 1930 000a 04       		.byte	0x4
 1931 000b 01       		.uleb128 0x1
 1932 000c BE000000 		.4byte	.LASF18
 1933 0010 01       		.byte	0x1
 1934 0011 00000000 		.4byte	.LASF19
ARM GAS  C:\Users\ADMINI~1\AppData\Local\Temp\ccaZqPxS.s 			page 35


 1935 0015 26000000 		.4byte	.LASF20
 1936 0019 00000000 		.4byte	.Ldebug_line0
 1937 001d 02       		.uleb128 0x2
 1938 001e 01       		.byte	0x1
 1939 001f 06       		.byte	0x6
 1940 0020 C8010000 		.4byte	.LASF0
 1941 0024 02       		.uleb128 0x2
 1942 0025 01       		.byte	0x1
 1943 0026 08       		.byte	0x8
 1944 0027 62000000 		.4byte	.LASF1
 1945 002b 02       		.uleb128 0x2
 1946 002c 02       		.byte	0x2
 1947 002d 05       		.byte	0x5
 1948 002e AF010000 		.4byte	.LASF2
 1949 0032 02       		.uleb128 0x2
 1950 0033 02       		.byte	0x2
 1951 0034 07       		.byte	0x7
 1952 0035 82000000 		.4byte	.LASF3
 1953 0039 02       		.uleb128 0x2
 1954 003a 04       		.byte	0x4
 1955 003b 05       		.byte	0x5
 1956 003c BF010000 		.4byte	.LASF4
 1957 0040 02       		.uleb128 0x2
 1958 0041 04       		.byte	0x4
 1959 0042 07       		.byte	0x7
 1960 0043 70000000 		.4byte	.LASF5
 1961 0047 02       		.uleb128 0x2
 1962 0048 08       		.byte	0x8
 1963 0049 05       		.byte	0x5
 1964 004a 9C010000 		.4byte	.LASF6
 1965 004e 02       		.uleb128 0x2
 1966 004f 08       		.byte	0x8
 1967 0050 07       		.byte	0x7
 1968 0051 59010000 		.4byte	.LASF7
 1969 0055 03       		.uleb128 0x3
 1970 0056 04       		.byte	0x4
 1971 0057 05       		.byte	0x5
 1972 0058 696E7400 		.ascii	"int\000"
 1973 005c 02       		.uleb128 0x2
 1974 005d 04       		.byte	0x4
 1975 005e 07       		.byte	0x7
 1976 005f 4C010000 		.4byte	.LASF8
 1977 0063 04       		.uleb128 0x4
 1978 0064 B9010000 		.4byte	.LASF21
 1979 0068 02       		.byte	0x2
 1980 0069 9201     		.2byte	0x192
 1981 006b 24000000 		.4byte	0x24
 1982 006f 02       		.uleb128 0x2
 1983 0070 04       		.byte	0x4
 1984 0071 04       		.byte	0x4
 1985 0072 5C000000 		.4byte	.LASF9
 1986 0076 02       		.uleb128 0x2
 1987 0077 08       		.byte	0x8
 1988 0078 04       		.byte	0x4
 1989 0079 95000000 		.4byte	.LASF10
 1990 007d 02       		.uleb128 0x2
 1991 007e 01       		.byte	0x1
ARM GAS  C:\Users\ADMINI~1\AppData\Local\Temp\ccaZqPxS.s 			page 36


 1992 007f 08       		.byte	0x8
 1993 0080 AA010000 		.4byte	.LASF11
 1994 0084 05       		.uleb128 0x5
 1995 0085 63000000 		.4byte	0x63
 1996 0089 95000000 		.4byte	0x95
 1997 008d 06       		.uleb128 0x6
 1998 008e 95000000 		.4byte	0x95
 1999 0092 3B07     		.2byte	0x73b
 2000 0094 00       		.byte	0
 2001 0095 02       		.uleb128 0x2
 2002 0096 04       		.byte	0x4
 2003 0097 07       		.byte	0x7
 2004 0098 93010000 		.4byte	.LASF12
 2005 009c 07       		.uleb128 0x7
 2006 009d AC000000 		.4byte	.LASF13
 2007 00a1 01       		.byte	0x1
 2008 00a2 1F       		.byte	0x1f
 2009 00a3 AD000000 		.4byte	0xad
 2010 00a7 05       		.uleb128 0x5
 2011 00a8 03       		.byte	0x3
 2012 00a9 00000000 		.4byte	cy_meta_configecc
 2013 00ad 08       		.uleb128 0x8
 2014 00ae 84000000 		.4byte	0x84
 2015 00b2 05       		.uleb128 0x5
 2016 00b3 63000000 		.4byte	0x63
 2017 00b7 C2000000 		.4byte	0xc2
 2018 00bb 09       		.uleb128 0x9
 2019 00bc 95000000 		.4byte	0x95
 2020 00c0 03       		.byte	0x3
 2021 00c1 00       		.byte	0
 2022 00c2 0A       		.uleb128 0xa
 2023 00c3 9C000000 		.4byte	.LASF14
 2024 00c7 01       		.byte	0x1
 2025 00c8 1401     		.2byte	0x114
 2026 00ca D4000000 		.4byte	0xd4
 2027 00ce 05       		.uleb128 0x5
 2028 00cf 03       		.byte	0x3
 2029 00d0 00000000 		.4byte	cy_meta_custnvl
 2030 00d4 08       		.uleb128 0x8
 2031 00d5 B2000000 		.4byte	0xb2
 2032 00d9 0A       		.uleb128 0xa
 2033 00da 85010000 		.4byte	.LASF15
 2034 00de 01       		.byte	0x1
 2035 00df 2201     		.2byte	0x122
 2036 00e1 EB000000 		.4byte	0xeb
 2037 00e5 05       		.uleb128 0x5
 2038 00e6 03       		.byte	0x3
 2039 00e7 00000000 		.4byte	cy_meta_wonvl
 2040 00eb 08       		.uleb128 0x8
 2041 00ec B2000000 		.4byte	0xb2
 2042 00f0 05       		.uleb128 0x5
 2043 00f1 63000000 		.4byte	0x63
 2044 00f5 00010000 		.4byte	0x100
 2045 00f9 09       		.uleb128 0x9
 2046 00fa 95000000 		.4byte	0x95
 2047 00fe FF       		.byte	0xff
 2048 00ff 00       		.byte	0
ARM GAS  C:\Users\ADMINI~1\AppData\Local\Temp\ccaZqPxS.s 			page 37


 2049 0100 0A       		.uleb128 0xa
 2050 0101 70010000 		.4byte	.LASF16
 2051 0105 01       		.byte	0x1
 2052 0106 3001     		.2byte	0x130
 2053 0108 12010000 		.4byte	0x112
 2054 010c 05       		.uleb128 0x5
 2055 010d 03       		.byte	0x3
 2056 010e 00000000 		.4byte	cy_meta_flashprotect
 2057 0112 08       		.uleb128 0x8
 2058 0113 F0000000 		.4byte	0xf0
 2059 0117 05       		.uleb128 0x5
 2060 0118 63000000 		.4byte	0x63
 2061 011c 27010000 		.4byte	0x127
 2062 0120 09       		.uleb128 0x9
 2063 0121 95000000 		.4byte	0x95
 2064 0125 0B       		.byte	0xb
 2065 0126 00       		.byte	0
 2066 0127 0A       		.uleb128 0xa
 2067 0128 50000000 		.4byte	.LASF17
 2068 012c 01       		.byte	0x1
 2069 012d 5D01     		.2byte	0x15d
 2070 012f 39010000 		.4byte	0x139
 2071 0133 05       		.uleb128 0x5
 2072 0134 03       		.byte	0x3
 2073 0135 00000000 		.4byte	cy_metadata
 2074 0139 08       		.uleb128 0x8
 2075 013a 17010000 		.4byte	0x117
 2076 013e 00       		.byte	0
 2077              		.section	.debug_abbrev,"",%progbits
 2078              	.Ldebug_abbrev0:
 2079 0000 01       		.uleb128 0x1
 2080 0001 11       		.uleb128 0x11
 2081 0002 01       		.byte	0x1
 2082 0003 25       		.uleb128 0x25
 2083 0004 0E       		.uleb128 0xe
 2084 0005 13       		.uleb128 0x13
 2085 0006 0B       		.uleb128 0xb
 2086 0007 03       		.uleb128 0x3
 2087 0008 0E       		.uleb128 0xe
 2088 0009 1B       		.uleb128 0x1b
 2089 000a 0E       		.uleb128 0xe
 2090 000b 10       		.uleb128 0x10
 2091 000c 17       		.uleb128 0x17
 2092 000d 00       		.byte	0
 2093 000e 00       		.byte	0
 2094 000f 02       		.uleb128 0x2
 2095 0010 24       		.uleb128 0x24
 2096 0011 00       		.byte	0
 2097 0012 0B       		.uleb128 0xb
 2098 0013 0B       		.uleb128 0xb
 2099 0014 3E       		.uleb128 0x3e
 2100 0015 0B       		.uleb128 0xb
 2101 0016 03       		.uleb128 0x3
 2102 0017 0E       		.uleb128 0xe
 2103 0018 00       		.byte	0
 2104 0019 00       		.byte	0
 2105 001a 03       		.uleb128 0x3
ARM GAS  C:\Users\ADMINI~1\AppData\Local\Temp\ccaZqPxS.s 			page 38


 2106 001b 24       		.uleb128 0x24
 2107 001c 00       		.byte	0
 2108 001d 0B       		.uleb128 0xb
 2109 001e 0B       		.uleb128 0xb
 2110 001f 3E       		.uleb128 0x3e
 2111 0020 0B       		.uleb128 0xb
 2112 0021 03       		.uleb128 0x3
 2113 0022 08       		.uleb128 0x8
 2114 0023 00       		.byte	0
 2115 0024 00       		.byte	0
 2116 0025 04       		.uleb128 0x4
 2117 0026 16       		.uleb128 0x16
 2118 0027 00       		.byte	0
 2119 0028 03       		.uleb128 0x3
 2120 0029 0E       		.uleb128 0xe
 2121 002a 3A       		.uleb128 0x3a
 2122 002b 0B       		.uleb128 0xb
 2123 002c 3B       		.uleb128 0x3b
 2124 002d 05       		.uleb128 0x5
 2125 002e 49       		.uleb128 0x49
 2126 002f 13       		.uleb128 0x13
 2127 0030 00       		.byte	0
 2128 0031 00       		.byte	0
 2129 0032 05       		.uleb128 0x5
 2130 0033 01       		.uleb128 0x1
 2131 0034 01       		.byte	0x1
 2132 0035 49       		.uleb128 0x49
 2133 0036 13       		.uleb128 0x13
 2134 0037 01       		.uleb128 0x1
 2135 0038 13       		.uleb128 0x13
 2136 0039 00       		.byte	0
 2137 003a 00       		.byte	0
 2138 003b 06       		.uleb128 0x6
 2139 003c 21       		.uleb128 0x21
 2140 003d 00       		.byte	0
 2141 003e 49       		.uleb128 0x49
 2142 003f 13       		.uleb128 0x13
 2143 0040 2F       		.uleb128 0x2f
 2144 0041 05       		.uleb128 0x5
 2145 0042 00       		.byte	0
 2146 0043 00       		.byte	0
 2147 0044 07       		.uleb128 0x7
 2148 0045 34       		.uleb128 0x34
 2149 0046 00       		.byte	0
 2150 0047 03       		.uleb128 0x3
 2151 0048 0E       		.uleb128 0xe
 2152 0049 3A       		.uleb128 0x3a
 2153 004a 0B       		.uleb128 0xb
 2154 004b 3B       		.uleb128 0x3b
 2155 004c 0B       		.uleb128 0xb
 2156 004d 49       		.uleb128 0x49
 2157 004e 13       		.uleb128 0x13
 2158 004f 3F       		.uleb128 0x3f
 2159 0050 19       		.uleb128 0x19
 2160 0051 02       		.uleb128 0x2
 2161 0052 18       		.uleb128 0x18
 2162 0053 00       		.byte	0
ARM GAS  C:\Users\ADMINI~1\AppData\Local\Temp\ccaZqPxS.s 			page 39


 2163 0054 00       		.byte	0
 2164 0055 08       		.uleb128 0x8
 2165 0056 26       		.uleb128 0x26
 2166 0057 00       		.byte	0
 2167 0058 49       		.uleb128 0x49
 2168 0059 13       		.uleb128 0x13
 2169 005a 00       		.byte	0
 2170 005b 00       		.byte	0
 2171 005c 09       		.uleb128 0x9
 2172 005d 21       		.uleb128 0x21
 2173 005e 00       		.byte	0
 2174 005f 49       		.uleb128 0x49
 2175 0060 13       		.uleb128 0x13
 2176 0061 2F       		.uleb128 0x2f
 2177 0062 0B       		.uleb128 0xb
 2178 0063 00       		.byte	0
 2179 0064 00       		.byte	0
 2180 0065 0A       		.uleb128 0xa
 2181 0066 34       		.uleb128 0x34
 2182 0067 00       		.byte	0
 2183 0068 03       		.uleb128 0x3
 2184 0069 0E       		.uleb128 0xe
 2185 006a 3A       		.uleb128 0x3a
 2186 006b 0B       		.uleb128 0xb
 2187 006c 3B       		.uleb128 0x3b
 2188 006d 05       		.uleb128 0x5
 2189 006e 49       		.uleb128 0x49
 2190 006f 13       		.uleb128 0x13
 2191 0070 3F       		.uleb128 0x3f
 2192 0071 19       		.uleb128 0x19
 2193 0072 02       		.uleb128 0x2
 2194 0073 18       		.uleb128 0x18
 2195 0074 00       		.byte	0
 2196 0075 00       		.byte	0
 2197 0076 00       		.byte	0
 2198              		.section	.debug_aranges,"",%progbits
 2199 0000 14000000 		.4byte	0x14
 2200 0004 0200     		.2byte	0x2
 2201 0006 00000000 		.4byte	.Ldebug_info0
 2202 000a 04       		.byte	0x4
 2203 000b 00       		.byte	0
 2204 000c 0000     		.2byte	0
 2205 000e 0000     		.2byte	0
 2206 0010 00000000 		.4byte	0
 2207 0014 00000000 		.4byte	0
 2208              		.section	.debug_line,"",%progbits
 2209              	.Ldebug_line0:
 2210 0000 4F000000 		.section	.debug_str,"MS",%progbits,1
 2210      02004900 
 2210      00000201 
 2210      FB0E0D00 
 2210      01010101 
 2211              	.LASF19:
 2212 0000 2E5C4765 		.ascii	".\\Generated_Source\\PSoC5\\cymetadata.c\000"
 2212      6E657261 
 2212      7465645F 
 2212      536F7572 
ARM GAS  C:\Users\ADMINI~1\AppData\Local\Temp\ccaZqPxS.s 			page 40


 2212      63655C50 
 2213              	.LASF20:
 2214 0026 443A5C73 		.ascii	"D:\\sjh\\9.14\\UAV_Control\\UAV_Control.cydsn\000"
 2214      6A685C39 
 2214      2E31345C 
 2214      5541565F 
 2214      436F6E74 
 2215              	.LASF17:
 2216 0050 63795F6D 		.ascii	"cy_metadata\000"
 2216      65746164 
 2216      61746100 
 2217              	.LASF9:
 2218 005c 666C6F61 		.ascii	"float\000"
 2218      7400
 2219              	.LASF1:
 2220 0062 756E7369 		.ascii	"unsigned char\000"
 2220      676E6564 
 2220      20636861 
 2220      7200
 2221              	.LASF5:
 2222 0070 6C6F6E67 		.ascii	"long unsigned int\000"
 2222      20756E73 
 2222      69676E65 
 2222      6420696E 
 2222      7400
 2223              	.LASF3:
 2224 0082 73686F72 		.ascii	"short unsigned int\000"
 2224      7420756E 
 2224      7369676E 
 2224      65642069 
 2224      6E7400
 2225              	.LASF10:
 2226 0095 646F7562 		.ascii	"double\000"
 2226      6C6500
 2227              	.LASF14:
 2228 009c 63795F6D 		.ascii	"cy_meta_custnvl\000"
 2228      6574615F 
 2228      63757374 
 2228      6E766C00 
 2229              	.LASF13:
 2230 00ac 63795F6D 		.ascii	"cy_meta_configecc\000"
 2230      6574615F 
 2230      636F6E66 
 2230      69676563 
 2230      6300
 2231              	.LASF18:
 2232 00be 474E5520 		.ascii	"GNU C 4.9.3 20150303 (release) [ARM/embedded-4_9-br"
 2232      4320342E 
 2232      392E3320 
 2232      32303135 
 2232      30333033 
 2233 00f1 616E6368 		.ascii	"anch revision 221220] -mcpu=cortex-m3 -mthumb -g -O"
 2233      20726576 
 2233      6973696F 
 2233      6E203232 
 2233      31323230 
 2234 0124 67202D66 		.ascii	"g -ffunction-sections -ffat-lto-objects\000"
ARM GAS  C:\Users\ADMINI~1\AppData\Local\Temp\ccaZqPxS.s 			page 41


 2234      66756E63 
 2234      74696F6E 
 2234      2D736563 
 2234      74696F6E 
 2235              	.LASF8:
 2236 014c 756E7369 		.ascii	"unsigned int\000"
 2236      676E6564 
 2236      20696E74 
 2236      00
 2237              	.LASF7:
 2238 0159 6C6F6E67 		.ascii	"long long unsigned int\000"
 2238      206C6F6E 
 2238      6720756E 
 2238      7369676E 
 2238      65642069 
 2239              	.LASF16:
 2240 0170 63795F6D 		.ascii	"cy_meta_flashprotect\000"
 2240      6574615F 
 2240      666C6173 
 2240      6870726F 
 2240      74656374 
 2241              	.LASF15:
 2242 0185 63795F6D 		.ascii	"cy_meta_wonvl\000"
 2242      6574615F 
 2242      776F6E76 
 2242      6C00
 2243              	.LASF12:
 2244 0193 73697A65 		.ascii	"sizetype\000"
 2244      74797065 
 2244      00
 2245              	.LASF6:
 2246 019c 6C6F6E67 		.ascii	"long long int\000"
 2246      206C6F6E 
 2246      6720696E 
 2246      7400
 2247              	.LASF11:
 2248 01aa 63686172 		.ascii	"char\000"
 2248      00
 2249              	.LASF2:
 2250 01af 73686F72 		.ascii	"short int\000"
 2250      7420696E 
 2250      7400
 2251              	.LASF21:
 2252 01b9 75696E74 		.ascii	"uint8\000"
 2252      3800
 2253              	.LASF4:
 2254 01bf 6C6F6E67 		.ascii	"long int\000"
 2254      20696E74 
 2254      00
 2255              	.LASF0:
 2256 01c8 7369676E 		.ascii	"signed char\000"
 2256      65642063 
 2256      68617200 
 2257              		.ident	"GCC: (GNU Tools for ARM Embedded Processors) 4.9.3 20150303 (release) [ARM/embedded-4_9-br
