ARM GAS  C:\Users\ADMINI~1\AppData\Local\Temp\ccgXtoUF.s 			page 1


   1              		.syntax unified
   2              		.cpu cortex-m3
   3              		.fpu softvfp
   4              		.eabi_attribute 20, 1
   5              		.eabi_attribute 21, 1
   6              		.eabi_attribute 23, 3
   7              		.eabi_attribute 24, 1
   8              		.eabi_attribute 25, 1
   9              		.eabi_attribute 26, 1
  10              		.eabi_attribute 30, 1
  11              		.eabi_attribute 34, 1
  12              		.eabi_attribute 18, 4
  13              		.thumb
  14              		.file	"I2C_UDB_M.c"
  15              		.text
  16              	.Ltext0:
  17              		.cfi_sections	.debug_frame
  18              		.section	.text.I2C_UDB_M_Init,"ax",%progbits
  19              		.align	2
  20              		.global	I2C_UDB_M_Init
  21              		.thumb
  22              		.thumb_func
  23              		.type	I2C_UDB_M_Init, %function
  24              	I2C_UDB_M_Init:
  25              	.LFB0:
  26              		.file 1 ".\\Generated_Source\\PSoC5\\I2C_UDB_M.c"
   1:.\Generated_Source\PSoC5/I2C_UDB_M.c **** /*******************************************************************************
   2:.\Generated_Source\PSoC5/I2C_UDB_M.c **** * File Name: I2C_UDB_M.c
   3:.\Generated_Source\PSoC5/I2C_UDB_M.c **** * Version 3.50
   4:.\Generated_Source\PSoC5/I2C_UDB_M.c **** *
   5:.\Generated_Source\PSoC5/I2C_UDB_M.c **** * Description:
   6:.\Generated_Source\PSoC5/I2C_UDB_M.c **** *  This file provides the source code of APIs for the I2C component.
   7:.\Generated_Source\PSoC5/I2C_UDB_M.c **** *  The actual protocol and operation code resides in the interrupt service
   8:.\Generated_Source\PSoC5/I2C_UDB_M.c **** *  routine file.
   9:.\Generated_Source\PSoC5/I2C_UDB_M.c **** *
  10:.\Generated_Source\PSoC5/I2C_UDB_M.c **** *******************************************************************************
  11:.\Generated_Source\PSoC5/I2C_UDB_M.c **** * Copyright 2008-2015, Cypress Semiconductor Corporation. All rights reserved.
  12:.\Generated_Source\PSoC5/I2C_UDB_M.c **** * You may use this file only in accordance with the license, terms, conditions,
  13:.\Generated_Source\PSoC5/I2C_UDB_M.c **** * disclaimers, and limitations in the end user license agreement accompanying
  14:.\Generated_Source\PSoC5/I2C_UDB_M.c **** * the software package with which this file was provided.
  15:.\Generated_Source\PSoC5/I2C_UDB_M.c **** *******************************************************************************/
  16:.\Generated_Source\PSoC5/I2C_UDB_M.c **** 
  17:.\Generated_Source\PSoC5/I2C_UDB_M.c **** #include "I2C_UDB_M_PVT.h"
  18:.\Generated_Source\PSoC5/I2C_UDB_M.c **** 
  19:.\Generated_Source\PSoC5/I2C_UDB_M.c **** 
  20:.\Generated_Source\PSoC5/I2C_UDB_M.c **** /**********************************
  21:.\Generated_Source\PSoC5/I2C_UDB_M.c **** *      System variables
  22:.\Generated_Source\PSoC5/I2C_UDB_M.c **** **********************************/
  23:.\Generated_Source\PSoC5/I2C_UDB_M.c **** 
  24:.\Generated_Source\PSoC5/I2C_UDB_M.c **** uint8 I2C_UDB_M_initVar = 0u; /* Defines if component was initialized */
  25:.\Generated_Source\PSoC5/I2C_UDB_M.c **** 
  26:.\Generated_Source\PSoC5/I2C_UDB_M.c **** volatile uint8 I2C_UDB_M_state;  /* Current state of I2C FSM */
  27:.\Generated_Source\PSoC5/I2C_UDB_M.c **** 
  28:.\Generated_Source\PSoC5/I2C_UDB_M.c **** 
  29:.\Generated_Source\PSoC5/I2C_UDB_M.c **** /*******************************************************************************
  30:.\Generated_Source\PSoC5/I2C_UDB_M.c **** * Function Name: I2C_UDB_M_Init
  31:.\Generated_Source\PSoC5/I2C_UDB_M.c **** ********************************************************************************
ARM GAS  C:\Users\ADMINI~1\AppData\Local\Temp\ccgXtoUF.s 			page 2


  32:.\Generated_Source\PSoC5/I2C_UDB_M.c **** *
  33:.\Generated_Source\PSoC5/I2C_UDB_M.c **** * Summary:
  34:.\Generated_Source\PSoC5/I2C_UDB_M.c **** *  Initializes I2C registers with initial values provided from customizer.
  35:.\Generated_Source\PSoC5/I2C_UDB_M.c **** *
  36:.\Generated_Source\PSoC5/I2C_UDB_M.c **** * Parameters:
  37:.\Generated_Source\PSoC5/I2C_UDB_M.c **** *  None.
  38:.\Generated_Source\PSoC5/I2C_UDB_M.c **** *
  39:.\Generated_Source\PSoC5/I2C_UDB_M.c **** * Return:
  40:.\Generated_Source\PSoC5/I2C_UDB_M.c **** *  None.
  41:.\Generated_Source\PSoC5/I2C_UDB_M.c **** *
  42:.\Generated_Source\PSoC5/I2C_UDB_M.c **** * Global variables:
  43:.\Generated_Source\PSoC5/I2C_UDB_M.c **** *  None.
  44:.\Generated_Source\PSoC5/I2C_UDB_M.c **** *
  45:.\Generated_Source\PSoC5/I2C_UDB_M.c **** * Reentrant:
  46:.\Generated_Source\PSoC5/I2C_UDB_M.c **** *  No.
  47:.\Generated_Source\PSoC5/I2C_UDB_M.c **** *
  48:.\Generated_Source\PSoC5/I2C_UDB_M.c **** *******************************************************************************/
  49:.\Generated_Source\PSoC5/I2C_UDB_M.c **** void I2C_UDB_M_Init(void) 
  50:.\Generated_Source\PSoC5/I2C_UDB_M.c **** {
  27              		.loc 1 50 0
  28              		.cfi_startproc
  29              		@ args = 0, pretend = 0, frame = 0
  30              		@ frame_needed = 0, uses_anonymous_args = 0
  31 0000 38B5     		push	{r3, r4, r5, lr}
  32              		.cfi_def_cfa_offset 16
  33              		.cfi_offset 3, -16
  34              		.cfi_offset 4, -12
  35              		.cfi_offset 5, -8
  36              		.cfi_offset 14, -4
  51:.\Generated_Source\PSoC5/I2C_UDB_M.c **** #if (I2C_UDB_M_FF_IMPLEMENTED)
  52:.\Generated_Source\PSoC5/I2C_UDB_M.c ****     /* Configure fixed function block */
  53:.\Generated_Source\PSoC5/I2C_UDB_M.c ****     I2C_UDB_M_CFG_REG  = I2C_UDB_M_DEFAULT_CFG;
  54:.\Generated_Source\PSoC5/I2C_UDB_M.c ****     I2C_UDB_M_XCFG_REG = I2C_UDB_M_DEFAULT_XCFG;
  55:.\Generated_Source\PSoC5/I2C_UDB_M.c ****     I2C_UDB_M_ADDR_REG = I2C_UDB_M_DEFAULT_ADDR;
  56:.\Generated_Source\PSoC5/I2C_UDB_M.c ****     I2C_UDB_M_CLKDIV1_REG = LO8(I2C_UDB_M_DEFAULT_DIVIDE_FACTOR);
  57:.\Generated_Source\PSoC5/I2C_UDB_M.c ****     I2C_UDB_M_CLKDIV2_REG = HI8(I2C_UDB_M_DEFAULT_DIVIDE_FACTOR);
  58:.\Generated_Source\PSoC5/I2C_UDB_M.c **** 
  59:.\Generated_Source\PSoC5/I2C_UDB_M.c **** #else
  60:.\Generated_Source\PSoC5/I2C_UDB_M.c ****     uint8 intState;
  61:.\Generated_Source\PSoC5/I2C_UDB_M.c **** 
  62:.\Generated_Source\PSoC5/I2C_UDB_M.c ****     /* Configure control and interrupt sources */
  63:.\Generated_Source\PSoC5/I2C_UDB_M.c ****     I2C_UDB_M_CFG_REG      = I2C_UDB_M_DEFAULT_CFG;
  37              		.loc 1 63 0
  38 0002 0024     		movs	r4, #0
  39 0004 134B     		ldr	r3, .L3
  40 0006 1C70     		strb	r4, [r3]
  64:.\Generated_Source\PSoC5/I2C_UDB_M.c ****     I2C_UDB_M_INT_MASK_REG = I2C_UDB_M_DEFAULT_INT_MASK;
  41              		.loc 1 64 0
  42 0008 0125     		movs	r5, #1
  43 000a 0F33     		adds	r3, r3, #15
  44 000c 1D70     		strb	r5, [r3]
  65:.\Generated_Source\PSoC5/I2C_UDB_M.c **** 
  66:.\Generated_Source\PSoC5/I2C_UDB_M.c ****     /* Enable interrupt generation in status */
  67:.\Generated_Source\PSoC5/I2C_UDB_M.c ****     intState = CyEnterCriticalSection();
  45              		.loc 1 67 0
  46 000e FFF7FEFF 		bl	CyEnterCriticalSection
  47              	.LVL0:
ARM GAS  C:\Users\ADMINI~1\AppData\Local\Temp\ccgXtoUF.s 			page 3


  68:.\Generated_Source\PSoC5/I2C_UDB_M.c ****     I2C_UDB_M_INT_ENABLE_REG |= I2C_UDB_M_INTR_ENABLE;
  48              		.loc 1 68 0
  49 0012 114A     		ldr	r2, .L3+4
  50 0014 1378     		ldrb	r3, [r2]	@ zero_extendqisi2
  51 0016 43F01003 		orr	r3, r3, #16
  52 001a 1370     		strb	r3, [r2]
  69:.\Generated_Source\PSoC5/I2C_UDB_M.c ****     CyExitCriticalSection(intState);
  53              		.loc 1 69 0
  54 001c FFF7FEFF 		bl	CyExitCriticalSection
  55              	.LVL1:
  70:.\Generated_Source\PSoC5/I2C_UDB_M.c **** 
  71:.\Generated_Source\PSoC5/I2C_UDB_M.c ****     /* Configure bit counter */
  72:.\Generated_Source\PSoC5/I2C_UDB_M.c ****     #if (I2C_UDB_M_MODE_SLAVE_ENABLED)
  73:.\Generated_Source\PSoC5/I2C_UDB_M.c ****         I2C_UDB_M_PERIOD_REG = I2C_UDB_M_DEFAULT_PERIOD;
  74:.\Generated_Source\PSoC5/I2C_UDB_M.c ****     #endif  /* (I2C_UDB_M_MODE_SLAVE_ENABLED) */
  75:.\Generated_Source\PSoC5/I2C_UDB_M.c **** 
  76:.\Generated_Source\PSoC5/I2C_UDB_M.c ****     /* Configure clock generator */
  77:.\Generated_Source\PSoC5/I2C_UDB_M.c ****     #if (I2C_UDB_M_MODE_MASTER_ENABLED)
  78:.\Generated_Source\PSoC5/I2C_UDB_M.c ****         I2C_UDB_M_MCLK_PRD_REG = I2C_UDB_M_DEFAULT_MCLK_PRD;
  56              		.loc 1 78 0
  57 0020 0F22     		movs	r2, #15
  58 0022 0E4B     		ldr	r3, .L3+8
  59 0024 1A70     		strb	r2, [r3]
  79:.\Generated_Source\PSoC5/I2C_UDB_M.c ****         I2C_UDB_M_MCLK_CMP_REG = I2C_UDB_M_DEFAULT_MCLK_CMP;
  60              		.loc 1 79 0
  61 0026 0822     		movs	r2, #8
  62 0028 1033     		adds	r3, r3, #16
  63 002a 1A70     		strb	r2, [r3]
  80:.\Generated_Source\PSoC5/I2C_UDB_M.c ****     #endif /* (I2C_UDB_M_MODE_MASTER_ENABLED) */
  81:.\Generated_Source\PSoC5/I2C_UDB_M.c **** #endif /* (I2C_UDB_M_FF_IMPLEMENTED) */
  82:.\Generated_Source\PSoC5/I2C_UDB_M.c **** 
  83:.\Generated_Source\PSoC5/I2C_UDB_M.c **** #if (I2C_UDB_M_TIMEOUT_ENABLED)
  84:.\Generated_Source\PSoC5/I2C_UDB_M.c ****     I2C_UDB_M_TimeoutInit();
  85:.\Generated_Source\PSoC5/I2C_UDB_M.c **** #endif /* (I2C_UDB_M_TIMEOUT_ENABLED) */
  86:.\Generated_Source\PSoC5/I2C_UDB_M.c **** 
  87:.\Generated_Source\PSoC5/I2C_UDB_M.c ****     /* Configure internal interrupt */
  88:.\Generated_Source\PSoC5/I2C_UDB_M.c ****     CyIntDisable    (I2C_UDB_M_ISR_NUMBER);
  64              		.loc 1 88 0
  65 002c 0C4B     		ldr	r3, .L3+12
  66 002e 1D60     		str	r5, [r3]
  89:.\Generated_Source\PSoC5/I2C_UDB_M.c ****     CyIntSetPriority(I2C_UDB_M_ISR_NUMBER, I2C_UDB_M_ISR_PRIORITY);
  67              		.loc 1 89 0
  68 0030 2046     		mov	r0, r4
  69 0032 0721     		movs	r1, #7
  70 0034 FFF7FEFF 		bl	CyIntSetPriority
  71              	.LVL2:
  90:.\Generated_Source\PSoC5/I2C_UDB_M.c ****     #if (I2C_UDB_M_INTERN_I2C_INTR_HANDLER)
  91:.\Generated_Source\PSoC5/I2C_UDB_M.c ****         (void) CyIntSetVector(I2C_UDB_M_ISR_NUMBER, &I2C_UDB_M_ISR);
  72              		.loc 1 91 0
  73 0038 2046     		mov	r0, r4
  74 003a 0A49     		ldr	r1, .L3+16
  75 003c FFF7FEFF 		bl	CyIntSetVector
  76              	.LVL3:
  92:.\Generated_Source\PSoC5/I2C_UDB_M.c ****     #endif /* (I2C_UDB_M_INTERN_I2C_INTR_HANDLER) */
  93:.\Generated_Source\PSoC5/I2C_UDB_M.c **** 
  94:.\Generated_Source\PSoC5/I2C_UDB_M.c ****     /* Set FSM to default state */
  95:.\Generated_Source\PSoC5/I2C_UDB_M.c ****     I2C_UDB_M_state = I2C_UDB_M_SM_IDLE;
ARM GAS  C:\Users\ADMINI~1\AppData\Local\Temp\ccgXtoUF.s 			page 4


  77              		.loc 1 95 0
  78 0040 1022     		movs	r2, #16
  79 0042 094B     		ldr	r3, .L3+20
  80 0044 1A70     		strb	r2, [r3]
  96:.\Generated_Source\PSoC5/I2C_UDB_M.c **** 
  97:.\Generated_Source\PSoC5/I2C_UDB_M.c **** #if (I2C_UDB_M_MODE_SLAVE_ENABLED)
  98:.\Generated_Source\PSoC5/I2C_UDB_M.c ****     /* Clear status and buffers index */
  99:.\Generated_Source\PSoC5/I2C_UDB_M.c ****     I2C_UDB_M_slStatus = 0u;
 100:.\Generated_Source\PSoC5/I2C_UDB_M.c ****     I2C_UDB_M_slRdBufIndex = 0u;
 101:.\Generated_Source\PSoC5/I2C_UDB_M.c ****     I2C_UDB_M_slWrBufIndex = 0u;
 102:.\Generated_Source\PSoC5/I2C_UDB_M.c **** 
 103:.\Generated_Source\PSoC5/I2C_UDB_M.c ****     /* Configure matched address */
 104:.\Generated_Source\PSoC5/I2C_UDB_M.c ****     I2C_UDB_M_SlaveSetAddress(I2C_UDB_M_DEFAULT_ADDR);
 105:.\Generated_Source\PSoC5/I2C_UDB_M.c **** #endif /* (I2C_UDB_M_MODE_SLAVE_ENABLED) */
 106:.\Generated_Source\PSoC5/I2C_UDB_M.c **** 
 107:.\Generated_Source\PSoC5/I2C_UDB_M.c **** #if (I2C_UDB_M_MODE_MASTER_ENABLED)
 108:.\Generated_Source\PSoC5/I2C_UDB_M.c ****     /* Clear status and buffers index */
 109:.\Generated_Source\PSoC5/I2C_UDB_M.c ****     I2C_UDB_M_mstrStatus = 0u;
  81              		.loc 1 109 0
  82 0046 094B     		ldr	r3, .L3+24
  83 0048 1C70     		strb	r4, [r3]
 110:.\Generated_Source\PSoC5/I2C_UDB_M.c ****     I2C_UDB_M_mstrRdBufIndex = 0u;
  84              		.loc 1 110 0
  85 004a 094B     		ldr	r3, .L3+28
  86 004c 1C70     		strb	r4, [r3]
 111:.\Generated_Source\PSoC5/I2C_UDB_M.c ****     I2C_UDB_M_mstrWrBufIndex = 0u;
  87              		.loc 1 111 0
  88 004e 094B     		ldr	r3, .L3+32
  89 0050 1C70     		strb	r4, [r3]
  90 0052 38BD     		pop	{r3, r4, r5, pc}
  91              	.L4:
  92              		.align	2
  93              	.L3:
  94 0054 73640040 		.word	1073767539
  95 0058 92640040 		.word	1073767570
  96 005c 26650040 		.word	1073767718
  97 0060 80E100E0 		.word	-536813184
  98 0064 00000000 		.word	I2C_UDB_M_ISR
  99 0068 00000000 		.word	I2C_UDB_M_state
 100 006c 00000000 		.word	I2C_UDB_M_mstrStatus
 101 0070 00000000 		.word	I2C_UDB_M_mstrRdBufIndex
 102 0074 00000000 		.word	I2C_UDB_M_mstrWrBufIndex
 103              		.cfi_endproc
 104              	.LFE0:
 105              		.size	I2C_UDB_M_Init, .-I2C_UDB_M_Init
 106              		.section	.text.I2C_UDB_M_Enable,"ax",%progbits
 107              		.align	2
 108              		.global	I2C_UDB_M_Enable
 109              		.thumb
 110              		.thumb_func
 111              		.type	I2C_UDB_M_Enable, %function
 112              	I2C_UDB_M_Enable:
 113              	.LFB1:
 112:.\Generated_Source\PSoC5/I2C_UDB_M.c **** #endif /* (I2C_UDB_M_MODE_MASTER_ENABLED) */
 113:.\Generated_Source\PSoC5/I2C_UDB_M.c **** }
 114:.\Generated_Source\PSoC5/I2C_UDB_M.c **** 
 115:.\Generated_Source\PSoC5/I2C_UDB_M.c **** 
ARM GAS  C:\Users\ADMINI~1\AppData\Local\Temp\ccgXtoUF.s 			page 5


 116:.\Generated_Source\PSoC5/I2C_UDB_M.c **** /*******************************************************************************
 117:.\Generated_Source\PSoC5/I2C_UDB_M.c **** * Function Name: I2C_UDB_M_Enable
 118:.\Generated_Source\PSoC5/I2C_UDB_M.c **** ********************************************************************************
 119:.\Generated_Source\PSoC5/I2C_UDB_M.c **** *
 120:.\Generated_Source\PSoC5/I2C_UDB_M.c **** * Summary:
 121:.\Generated_Source\PSoC5/I2C_UDB_M.c **** *  Enables I2C operations.
 122:.\Generated_Source\PSoC5/I2C_UDB_M.c **** *
 123:.\Generated_Source\PSoC5/I2C_UDB_M.c **** * Parameters:
 124:.\Generated_Source\PSoC5/I2C_UDB_M.c **** *  None.
 125:.\Generated_Source\PSoC5/I2C_UDB_M.c **** *
 126:.\Generated_Source\PSoC5/I2C_UDB_M.c **** * Return:
 127:.\Generated_Source\PSoC5/I2C_UDB_M.c **** *  None.
 128:.\Generated_Source\PSoC5/I2C_UDB_M.c **** *
 129:.\Generated_Source\PSoC5/I2C_UDB_M.c **** * Global variables:
 130:.\Generated_Source\PSoC5/I2C_UDB_M.c **** *  None.
 131:.\Generated_Source\PSoC5/I2C_UDB_M.c **** *
 132:.\Generated_Source\PSoC5/I2C_UDB_M.c **** *******************************************************************************/
 133:.\Generated_Source\PSoC5/I2C_UDB_M.c **** void I2C_UDB_M_Enable(void) 
 134:.\Generated_Source\PSoC5/I2C_UDB_M.c **** {
 114              		.loc 1 134 0
 115              		.cfi_startproc
 116              		@ args = 0, pretend = 0, frame = 0
 117              		@ frame_needed = 0, uses_anonymous_args = 0
 118              		@ link register save eliminated.
 135:.\Generated_Source\PSoC5/I2C_UDB_M.c **** #if (I2C_UDB_M_FF_IMPLEMENTED)
 136:.\Generated_Source\PSoC5/I2C_UDB_M.c ****     uint8 intState;
 137:.\Generated_Source\PSoC5/I2C_UDB_M.c **** 
 138:.\Generated_Source\PSoC5/I2C_UDB_M.c ****     /* Enable power to block */
 139:.\Generated_Source\PSoC5/I2C_UDB_M.c ****     intState = CyEnterCriticalSection();
 140:.\Generated_Source\PSoC5/I2C_UDB_M.c ****     I2C_UDB_M_ACT_PWRMGR_REG  |= I2C_UDB_M_ACT_PWR_EN;
 141:.\Generated_Source\PSoC5/I2C_UDB_M.c ****     I2C_UDB_M_STBY_PWRMGR_REG |= I2C_UDB_M_STBY_PWR_EN;
 142:.\Generated_Source\PSoC5/I2C_UDB_M.c ****     CyExitCriticalSection(intState);
 143:.\Generated_Source\PSoC5/I2C_UDB_M.c **** #else
 144:.\Generated_Source\PSoC5/I2C_UDB_M.c ****     #if (I2C_UDB_M_MODE_SLAVE_ENABLED)
 145:.\Generated_Source\PSoC5/I2C_UDB_M.c ****         /* Enable bit counter */
 146:.\Generated_Source\PSoC5/I2C_UDB_M.c ****         uint8 intState = CyEnterCriticalSection();
 147:.\Generated_Source\PSoC5/I2C_UDB_M.c ****         I2C_UDB_M_COUNTER_AUX_CTL_REG |= I2C_UDB_M_CNT7_ENABLE;
 148:.\Generated_Source\PSoC5/I2C_UDB_M.c ****         CyExitCriticalSection(intState);
 149:.\Generated_Source\PSoC5/I2C_UDB_M.c ****     #endif /* (I2C_UDB_M_MODE_SLAVE_ENABLED) */
 150:.\Generated_Source\PSoC5/I2C_UDB_M.c **** 
 151:.\Generated_Source\PSoC5/I2C_UDB_M.c ****     /* Enable slave or master bits */
 152:.\Generated_Source\PSoC5/I2C_UDB_M.c ****     I2C_UDB_M_CFG_REG |= I2C_UDB_M_ENABLE_MS;
 119              		.loc 1 152 0
 120 0000 024A     		ldr	r2, .L6
 121 0002 1378     		ldrb	r3, [r2]	@ zero_extendqisi2
 122 0004 43F00203 		orr	r3, r3, #2
 123 0008 1370     		strb	r3, [r2]
 124 000a 7047     		bx	lr
 125              	.L7:
 126              		.align	2
 127              	.L6:
 128 000c 73640040 		.word	1073767539
 129              		.cfi_endproc
 130              	.LFE1:
 131              		.size	I2C_UDB_M_Enable, .-I2C_UDB_M_Enable
 132              		.section	.text.I2C_UDB_M_Start,"ax",%progbits
 133              		.align	2
ARM GAS  C:\Users\ADMINI~1\AppData\Local\Temp\ccgXtoUF.s 			page 6


 134              		.global	I2C_UDB_M_Start
 135              		.thumb
 136              		.thumb_func
 137              		.type	I2C_UDB_M_Start, %function
 138              	I2C_UDB_M_Start:
 139              	.LFB2:
 153:.\Generated_Source\PSoC5/I2C_UDB_M.c **** #endif /* (I2C_UDB_M_FF_IMPLEMENTED) */
 154:.\Generated_Source\PSoC5/I2C_UDB_M.c **** 
 155:.\Generated_Source\PSoC5/I2C_UDB_M.c **** #if (I2C_UDB_M_TIMEOUT_ENABLED)
 156:.\Generated_Source\PSoC5/I2C_UDB_M.c ****     I2C_UDB_M_TimeoutEnable();
 157:.\Generated_Source\PSoC5/I2C_UDB_M.c **** #endif /* (I2C_UDB_M_TIMEOUT_ENABLED) */
 158:.\Generated_Source\PSoC5/I2C_UDB_M.c **** }
 159:.\Generated_Source\PSoC5/I2C_UDB_M.c **** 
 160:.\Generated_Source\PSoC5/I2C_UDB_M.c **** 
 161:.\Generated_Source\PSoC5/I2C_UDB_M.c **** /*******************************************************************************
 162:.\Generated_Source\PSoC5/I2C_UDB_M.c **** * Function Name: I2C_UDB_M_Start
 163:.\Generated_Source\PSoC5/I2C_UDB_M.c **** ********************************************************************************
 164:.\Generated_Source\PSoC5/I2C_UDB_M.c **** *
 165:.\Generated_Source\PSoC5/I2C_UDB_M.c **** * Summary:
 166:.\Generated_Source\PSoC5/I2C_UDB_M.c **** *  Starts the I2C hardware. Enables Active mode power template bits or clock
 167:.\Generated_Source\PSoC5/I2C_UDB_M.c **** *  gating as appropriate. It is required to be executed before I2C bus
 168:.\Generated_Source\PSoC5/I2C_UDB_M.c **** *  operation.
 169:.\Generated_Source\PSoC5/I2C_UDB_M.c **** *
 170:.\Generated_Source\PSoC5/I2C_UDB_M.c **** * Parameters:
 171:.\Generated_Source\PSoC5/I2C_UDB_M.c **** *  None.
 172:.\Generated_Source\PSoC5/I2C_UDB_M.c **** *
 173:.\Generated_Source\PSoC5/I2C_UDB_M.c **** * Return:
 174:.\Generated_Source\PSoC5/I2C_UDB_M.c **** *  None.
 175:.\Generated_Source\PSoC5/I2C_UDB_M.c **** *
 176:.\Generated_Source\PSoC5/I2C_UDB_M.c **** * Side Effects:
 177:.\Generated_Source\PSoC5/I2C_UDB_M.c **** *  This component automatically enables its interrupt.  If I2C is enabled !
 178:.\Generated_Source\PSoC5/I2C_UDB_M.c **** *  without the interrupt enabled, it can lock up the I2C bus.
 179:.\Generated_Source\PSoC5/I2C_UDB_M.c **** *
 180:.\Generated_Source\PSoC5/I2C_UDB_M.c **** * Global variables:
 181:.\Generated_Source\PSoC5/I2C_UDB_M.c **** *  I2C_UDB_M_initVar - This variable is used to check the initial
 182:.\Generated_Source\PSoC5/I2C_UDB_M.c **** *                             configuration, modified on the first
 183:.\Generated_Source\PSoC5/I2C_UDB_M.c **** *                             function call.
 184:.\Generated_Source\PSoC5/I2C_UDB_M.c **** *
 185:.\Generated_Source\PSoC5/I2C_UDB_M.c **** * Reentrant:
 186:.\Generated_Source\PSoC5/I2C_UDB_M.c **** *  No.
 187:.\Generated_Source\PSoC5/I2C_UDB_M.c **** *
 188:.\Generated_Source\PSoC5/I2C_UDB_M.c **** *******************************************************************************/
 189:.\Generated_Source\PSoC5/I2C_UDB_M.c **** void I2C_UDB_M_Start(void) 
 190:.\Generated_Source\PSoC5/I2C_UDB_M.c **** {
 140              		.loc 1 190 0
 141              		.cfi_startproc
 142              		@ args = 0, pretend = 0, frame = 0
 143              		@ frame_needed = 0, uses_anonymous_args = 0
 144 0000 08B5     		push	{r3, lr}
 145              		.cfi_def_cfa_offset 8
 146              		.cfi_offset 3, -8
 147              		.cfi_offset 14, -4
 191:.\Generated_Source\PSoC5/I2C_UDB_M.c ****     if (0u == I2C_UDB_M_initVar)
 148              		.loc 1 191 0
 149 0002 074B     		ldr	r3, .L11
 150 0004 1B78     		ldrb	r3, [r3]	@ zero_extendqisi2
 151 0006 23B9     		cbnz	r3, .L9
ARM GAS  C:\Users\ADMINI~1\AppData\Local\Temp\ccgXtoUF.s 			page 7


 192:.\Generated_Source\PSoC5/I2C_UDB_M.c ****     {
 193:.\Generated_Source\PSoC5/I2C_UDB_M.c ****         I2C_UDB_M_Init();
 152              		.loc 1 193 0
 153 0008 FFF7FEFF 		bl	I2C_UDB_M_Init
 154              	.LVL4:
 194:.\Generated_Source\PSoC5/I2C_UDB_M.c ****         I2C_UDB_M_initVar = 1u; /* Component initialized */
 155              		.loc 1 194 0
 156 000c 0122     		movs	r2, #1
 157 000e 044B     		ldr	r3, .L11
 158 0010 1A70     		strb	r2, [r3]
 159              	.L9:
 195:.\Generated_Source\PSoC5/I2C_UDB_M.c ****     }
 196:.\Generated_Source\PSoC5/I2C_UDB_M.c **** 
 197:.\Generated_Source\PSoC5/I2C_UDB_M.c ****     I2C_UDB_M_Enable();
 160              		.loc 1 197 0
 161 0012 FFF7FEFF 		bl	I2C_UDB_M_Enable
 162              	.LVL5:
 198:.\Generated_Source\PSoC5/I2C_UDB_M.c ****     I2C_UDB_M_EnableInt();
 163              		.loc 1 198 0
 164 0016 0122     		movs	r2, #1
 165 0018 024B     		ldr	r3, .L11+4
 166 001a 1A60     		str	r2, [r3]
 167 001c 08BD     		pop	{r3, pc}
 168              	.L12:
 169 001e 00BF     		.align	2
 170              	.L11:
 171 0020 00000000 		.word	.LANCHOR0
 172 0024 00E100E0 		.word	-536813312
 173              		.cfi_endproc
 174              	.LFE2:
 175              		.size	I2C_UDB_M_Start, .-I2C_UDB_M_Start
 176              		.section	.text.I2C_UDB_M_Stop,"ax",%progbits
 177              		.align	2
 178              		.global	I2C_UDB_M_Stop
 179              		.thumb
 180              		.thumb_func
 181              		.type	I2C_UDB_M_Stop, %function
 182              	I2C_UDB_M_Stop:
 183              	.LFB3:
 199:.\Generated_Source\PSoC5/I2C_UDB_M.c **** }
 200:.\Generated_Source\PSoC5/I2C_UDB_M.c **** 
 201:.\Generated_Source\PSoC5/I2C_UDB_M.c **** 
 202:.\Generated_Source\PSoC5/I2C_UDB_M.c **** /*******************************************************************************
 203:.\Generated_Source\PSoC5/I2C_UDB_M.c **** * Function Name: I2C_UDB_M_Stop
 204:.\Generated_Source\PSoC5/I2C_UDB_M.c **** ********************************************************************************
 205:.\Generated_Source\PSoC5/I2C_UDB_M.c **** *
 206:.\Generated_Source\PSoC5/I2C_UDB_M.c **** * Summary:
 207:.\Generated_Source\PSoC5/I2C_UDB_M.c **** *  Disables I2C hardware and disables I2C interrupt. Disables Active mode power
 208:.\Generated_Source\PSoC5/I2C_UDB_M.c **** *  template bits or clock gating as appropriate.
 209:.\Generated_Source\PSoC5/I2C_UDB_M.c **** *
 210:.\Generated_Source\PSoC5/I2C_UDB_M.c **** * Parameters:
 211:.\Generated_Source\PSoC5/I2C_UDB_M.c **** *  None.
 212:.\Generated_Source\PSoC5/I2C_UDB_M.c **** *
 213:.\Generated_Source\PSoC5/I2C_UDB_M.c **** * Return:
 214:.\Generated_Source\PSoC5/I2C_UDB_M.c **** *  None.
 215:.\Generated_Source\PSoC5/I2C_UDB_M.c **** *
 216:.\Generated_Source\PSoC5/I2C_UDB_M.c **** *******************************************************************************/
ARM GAS  C:\Users\ADMINI~1\AppData\Local\Temp\ccgXtoUF.s 			page 8


 217:.\Generated_Source\PSoC5/I2C_UDB_M.c **** void I2C_UDB_M_Stop(void) 
 218:.\Generated_Source\PSoC5/I2C_UDB_M.c **** {
 184              		.loc 1 218 0
 185              		.cfi_startproc
 186              		@ args = 0, pretend = 0, frame = 0
 187              		@ frame_needed = 0, uses_anonymous_args = 0
 188              		@ link register save eliminated.
 219:.\Generated_Source\PSoC5/I2C_UDB_M.c ****     I2C_UDB_M_DisableInt();
 189              		.loc 1 219 0
 190 0000 0122     		movs	r2, #1
 191 0002 0A4B     		ldr	r3, .L14
 192 0004 1A60     		str	r2, [r3]
 220:.\Generated_Source\PSoC5/I2C_UDB_M.c **** 
 221:.\Generated_Source\PSoC5/I2C_UDB_M.c **** #if (I2C_UDB_M_TIMEOUT_ENABLED)
 222:.\Generated_Source\PSoC5/I2C_UDB_M.c ****     I2C_UDB_M_TimeoutStop();
 223:.\Generated_Source\PSoC5/I2C_UDB_M.c **** #endif  /* End (I2C_UDB_M_TIMEOUT_ENABLED) */
 224:.\Generated_Source\PSoC5/I2C_UDB_M.c **** 
 225:.\Generated_Source\PSoC5/I2C_UDB_M.c **** #if (I2C_UDB_M_FF_IMPLEMENTED)
 226:.\Generated_Source\PSoC5/I2C_UDB_M.c ****     {
 227:.\Generated_Source\PSoC5/I2C_UDB_M.c ****         uint8 intState;
 228:.\Generated_Source\PSoC5/I2C_UDB_M.c ****         uint16 blockResetCycles;
 229:.\Generated_Source\PSoC5/I2C_UDB_M.c **** 
 230:.\Generated_Source\PSoC5/I2C_UDB_M.c ****         /* Store registers effected by block disable */
 231:.\Generated_Source\PSoC5/I2C_UDB_M.c ****         I2C_UDB_M_backup.addr    = I2C_UDB_M_ADDR_REG;
 232:.\Generated_Source\PSoC5/I2C_UDB_M.c ****         I2C_UDB_M_backup.clkDiv1 = I2C_UDB_M_CLKDIV1_REG;
 233:.\Generated_Source\PSoC5/I2C_UDB_M.c ****         I2C_UDB_M_backup.clkDiv2 = I2C_UDB_M_CLKDIV2_REG;
 234:.\Generated_Source\PSoC5/I2C_UDB_M.c **** 
 235:.\Generated_Source\PSoC5/I2C_UDB_M.c ****         /* Calculate number of cycles to reset block */
 236:.\Generated_Source\PSoC5/I2C_UDB_M.c ****         blockResetCycles = ((uint16) ((uint16) I2C_UDB_M_CLKDIV2_REG << 8u) | I2C_UDB_M_CLKDIV1_REG
 237:.\Generated_Source\PSoC5/I2C_UDB_M.c **** 
 238:.\Generated_Source\PSoC5/I2C_UDB_M.c ****         /* Disable block */
 239:.\Generated_Source\PSoC5/I2C_UDB_M.c ****         I2C_UDB_M_CFG_REG &= (uint8) ~I2C_UDB_M_CFG_EN_SLAVE;
 240:.\Generated_Source\PSoC5/I2C_UDB_M.c ****         /* Wait for block reset before disable power */
 241:.\Generated_Source\PSoC5/I2C_UDB_M.c ****         CyDelayCycles((uint32) blockResetCycles);
 242:.\Generated_Source\PSoC5/I2C_UDB_M.c **** 
 243:.\Generated_Source\PSoC5/I2C_UDB_M.c ****         /* Disable power to block */
 244:.\Generated_Source\PSoC5/I2C_UDB_M.c ****         intState = CyEnterCriticalSection();
 245:.\Generated_Source\PSoC5/I2C_UDB_M.c ****         I2C_UDB_M_ACT_PWRMGR_REG  &= (uint8) ~I2C_UDB_M_ACT_PWR_EN;
 246:.\Generated_Source\PSoC5/I2C_UDB_M.c ****         I2C_UDB_M_STBY_PWRMGR_REG &= (uint8) ~I2C_UDB_M_STBY_PWR_EN;
 247:.\Generated_Source\PSoC5/I2C_UDB_M.c ****         CyExitCriticalSection(intState);
 248:.\Generated_Source\PSoC5/I2C_UDB_M.c **** 
 249:.\Generated_Source\PSoC5/I2C_UDB_M.c ****         /* Enable block */
 250:.\Generated_Source\PSoC5/I2C_UDB_M.c ****         I2C_UDB_M_CFG_REG |= (uint8) I2C_UDB_M_ENABLE_MS;
 251:.\Generated_Source\PSoC5/I2C_UDB_M.c **** 
 252:.\Generated_Source\PSoC5/I2C_UDB_M.c ****         /* Restore registers effected by block disable. Ticket ID#198004 */
 253:.\Generated_Source\PSoC5/I2C_UDB_M.c ****         I2C_UDB_M_ADDR_REG    = I2C_UDB_M_backup.addr;
 254:.\Generated_Source\PSoC5/I2C_UDB_M.c ****         I2C_UDB_M_ADDR_REG    = I2C_UDB_M_backup.addr;
 255:.\Generated_Source\PSoC5/I2C_UDB_M.c ****         I2C_UDB_M_CLKDIV1_REG = I2C_UDB_M_backup.clkDiv1;
 256:.\Generated_Source\PSoC5/I2C_UDB_M.c ****         I2C_UDB_M_CLKDIV2_REG = I2C_UDB_M_backup.clkDiv2;
 257:.\Generated_Source\PSoC5/I2C_UDB_M.c ****     }
 258:.\Generated_Source\PSoC5/I2C_UDB_M.c **** #else
 259:.\Generated_Source\PSoC5/I2C_UDB_M.c **** 
 260:.\Generated_Source\PSoC5/I2C_UDB_M.c ****     /* Disable slave or master bits */
 261:.\Generated_Source\PSoC5/I2C_UDB_M.c ****     I2C_UDB_M_CFG_REG &= (uint8) ~I2C_UDB_M_ENABLE_MS;
 193              		.loc 1 261 0
 194 0006 0A49     		ldr	r1, .L14+4
 195 0008 0B78     		ldrb	r3, [r1]	@ zero_extendqisi2
ARM GAS  C:\Users\ADMINI~1\AppData\Local\Temp\ccgXtoUF.s 			page 9


 196 000a 03F0FD03 		and	r3, r3, #253
 197 000e 0B70     		strb	r3, [r1]
 262:.\Generated_Source\PSoC5/I2C_UDB_M.c **** 
 263:.\Generated_Source\PSoC5/I2C_UDB_M.c **** #if (I2C_UDB_M_MODE_SLAVE_ENABLED)
 264:.\Generated_Source\PSoC5/I2C_UDB_M.c ****     {
 265:.\Generated_Source\PSoC5/I2C_UDB_M.c ****         /* Disable bit counter */
 266:.\Generated_Source\PSoC5/I2C_UDB_M.c ****         uint8 intState = CyEnterCriticalSection();
 267:.\Generated_Source\PSoC5/I2C_UDB_M.c ****         I2C_UDB_M_COUNTER_AUX_CTL_REG &= (uint8) ~I2C_UDB_M_CNT7_ENABLE;
 268:.\Generated_Source\PSoC5/I2C_UDB_M.c ****         CyExitCriticalSection(intState);
 269:.\Generated_Source\PSoC5/I2C_UDB_M.c ****     }
 270:.\Generated_Source\PSoC5/I2C_UDB_M.c **** #endif /* (I2C_UDB_M_MODE_SLAVE_ENABLED) */
 271:.\Generated_Source\PSoC5/I2C_UDB_M.c **** 
 272:.\Generated_Source\PSoC5/I2C_UDB_M.c ****     /* Clear interrupt source register */
 273:.\Generated_Source\PSoC5/I2C_UDB_M.c ****     (void) I2C_UDB_M_CSR_REG;
 198              		.loc 1 273 0
 199 0010 084B     		ldr	r3, .L14+8
 200 0012 1B78     		ldrb	r3, [r3]	@ zero_extendqisi2
 274:.\Generated_Source\PSoC5/I2C_UDB_M.c **** #endif /* (I2C_UDB_M_FF_IMPLEMENTED) */
 275:.\Generated_Source\PSoC5/I2C_UDB_M.c **** 
 276:.\Generated_Source\PSoC5/I2C_UDB_M.c ****     /* Disable interrupt on stop (enabled by write transaction) */
 277:.\Generated_Source\PSoC5/I2C_UDB_M.c ****     I2C_UDB_M_DISABLE_INT_ON_STOP;
 201              		.loc 1 277 0
 202 0014 0F31     		adds	r1, r1, #15
 203 0016 0B78     		ldrb	r3, [r1]	@ zero_extendqisi2
 204 0018 03F0DF03 		and	r3, r3, #223
 205 001c 0B70     		strb	r3, [r1]
 278:.\Generated_Source\PSoC5/I2C_UDB_M.c ****     I2C_UDB_M_ClearPendingInt();
 206              		.loc 1 278 0
 207 001e 064B     		ldr	r3, .L14+12
 208 0020 1A60     		str	r2, [r3]
 279:.\Generated_Source\PSoC5/I2C_UDB_M.c **** 
 280:.\Generated_Source\PSoC5/I2C_UDB_M.c ****     /* Reset FSM to default state */
 281:.\Generated_Source\PSoC5/I2C_UDB_M.c ****     I2C_UDB_M_state = I2C_UDB_M_SM_IDLE;
 209              		.loc 1 281 0
 210 0022 1022     		movs	r2, #16
 211 0024 054B     		ldr	r3, .L14+16
 212 0026 1A70     		strb	r2, [r3]
 213 0028 7047     		bx	lr
 214              	.L15:
 215 002a 00BF     		.align	2
 216              	.L14:
 217 002c 80E100E0 		.word	-536813184
 218 0030 73640040 		.word	1073767539
 219 0034 62640040 		.word	1073767522
 220 0038 80E200E0 		.word	-536812928
 221 003c 00000000 		.word	I2C_UDB_M_state
 222              		.cfi_endproc
 223              	.LFE3:
 224              		.size	I2C_UDB_M_Stop, .-I2C_UDB_M_Stop
 225              		.comm	I2C_UDB_M_state,1,1
 226              		.global	I2C_UDB_M_initVar
 227              		.bss
 228              		.set	.LANCHOR0,. + 0
 229              		.type	I2C_UDB_M_initVar, %object
 230              		.size	I2C_UDB_M_initVar, 1
 231              	I2C_UDB_M_initVar:
 232 0000 00       		.space	1
ARM GAS  C:\Users\ADMINI~1\AppData\Local\Temp\ccgXtoUF.s 			page 10


 233              		.text
 234              	.Letext0:
 235              		.file 2 ".\\Generated_Source\\PSoC5\\cytypes.h"
 236              		.file 3 ".\\Generated_Source\\PSoC5\\I2C_UDB_M_PVT.h"
 237              		.file 4 ".\\Generated_Source\\PSoC5\\CyLib.h"
 238              		.section	.debug_info,"",%progbits
 239              	.Ldebug_info0:
 240 0000 06020000 		.4byte	0x206
 241 0004 0400     		.2byte	0x4
 242 0006 00000000 		.4byte	.Ldebug_abbrev0
 243 000a 04       		.byte	0x4
 244 000b 01       		.uleb128 0x1
 245 000c 0F010000 		.4byte	.LASF30
 246 0010 01       		.byte	0x1
 247 0011 B3010000 		.4byte	.LASF31
 248 0015 D3000000 		.4byte	.LASF32
 249 0019 00000000 		.4byte	.Ldebug_ranges0+0
 250 001d 00000000 		.4byte	0
 251 0021 00000000 		.4byte	.Ldebug_line0
 252 0025 02       		.uleb128 0x2
 253 0026 01       		.byte	0x1
 254 0027 06       		.byte	0x6
 255 0028 8E020000 		.4byte	.LASF0
 256 002c 02       		.uleb128 0x2
 257 002d 01       		.byte	0x1
 258 002e 08       		.byte	0x8
 259 002f 8C000000 		.4byte	.LASF1
 260 0033 02       		.uleb128 0x2
 261 0034 02       		.byte	0x2
 262 0035 05       		.byte	0x5
 263 0036 6A020000 		.4byte	.LASF2
 264 003a 02       		.uleb128 0x2
 265 003b 02       		.byte	0x2
 266 003c 07       		.byte	0x7
 267 003d 2E000000 		.4byte	.LASF3
 268 0041 02       		.uleb128 0x2
 269 0042 04       		.byte	0x4
 270 0043 05       		.byte	0x5
 271 0044 85020000 		.4byte	.LASF4
 272 0048 02       		.uleb128 0x2
 273 0049 04       		.byte	0x4
 274 004a 07       		.byte	0x7
 275 004b 9F000000 		.4byte	.LASF5
 276 004f 02       		.uleb128 0x2
 277 0050 08       		.byte	0x8
 278 0051 05       		.byte	0x5
 279 0052 2C020000 		.4byte	.LASF6
 280 0056 02       		.uleb128 0x2
 281 0057 08       		.byte	0x8
 282 0058 07       		.byte	0x7
 283 0059 66000000 		.4byte	.LASF7
 284 005d 03       		.uleb128 0x3
 285 005e 04       		.byte	0x4
 286 005f 05       		.byte	0x5
 287 0060 696E7400 		.ascii	"int\000"
 288 0064 02       		.uleb128 0x2
 289 0065 04       		.byte	0x4
ARM GAS  C:\Users\ADMINI~1\AppData\Local\Temp\ccgXtoUF.s 			page 11


 290 0066 07       		.byte	0x7
 291 0067 A6010000 		.4byte	.LASF8
 292 006b 04       		.uleb128 0x4
 293 006c B1000000 		.4byte	.LASF9
 294 0070 02       		.byte	0x2
 295 0071 9201     		.2byte	0x192
 296 0073 2C000000 		.4byte	0x2c
 297 0077 04       		.uleb128 0x4
 298 0078 08010000 		.4byte	.LASF10
 299 007c 02       		.byte	0x2
 300 007d 9401     		.2byte	0x194
 301 007f 48000000 		.4byte	0x48
 302 0083 02       		.uleb128 0x2
 303 0084 04       		.byte	0x4
 304 0085 04       		.byte	0x4
 305 0086 60000000 		.4byte	.LASF11
 306 008a 02       		.uleb128 0x2
 307 008b 08       		.byte	0x8
 308 008c 04       		.byte	0x4
 309 008d CC000000 		.4byte	.LASF12
 310 0091 02       		.uleb128 0x2
 311 0092 01       		.byte	0x1
 312 0093 08       		.byte	0x8
 313 0094 3A020000 		.4byte	.LASF13
 314 0098 04       		.uleb128 0x4
 315 0099 9A000000 		.4byte	.LASF14
 316 009d 02       		.byte	0x2
 317 009e 3C02     		.2byte	0x23c
 318 00a0 A4000000 		.4byte	0xa4
 319 00a4 05       		.uleb128 0x5
 320 00a5 6B000000 		.4byte	0x6b
 321 00a9 04       		.uleb128 0x4
 322 00aa 00000000 		.4byte	.LASF15
 323 00ae 02       		.byte	0x2
 324 00af 3E02     		.2byte	0x23e
 325 00b1 B5000000 		.4byte	0xb5
 326 00b5 05       		.uleb128 0x5
 327 00b6 77000000 		.4byte	0x77
 328 00ba 04       		.uleb128 0x4
 329 00bb 16020000 		.4byte	.LASF16
 330 00bf 02       		.byte	0x2
 331 00c0 4E02     		.2byte	0x24e
 332 00c2 C6000000 		.4byte	0xc6
 333 00c6 06       		.uleb128 0x6
 334 00c7 04       		.byte	0x4
 335 00c8 CC000000 		.4byte	0xcc
 336 00cc 07       		.uleb128 0x7
 337 00cd 02       		.uleb128 0x2
 338 00ce 04       		.byte	0x4
 339 00cf 07       		.byte	0x7
 340 00d0 23020000 		.4byte	.LASF17
 341 00d4 08       		.uleb128 0x8
 342 00d5 7D000000 		.4byte	.LASF18
 343 00d9 01       		.byte	0x1
 344 00da 31       		.byte	0x31
 345 00db 00000000 		.4byte	.LFB0
 346 00df 78000000 		.4byte	.LFE0-.LFB0
ARM GAS  C:\Users\ADMINI~1\AppData\Local\Temp\ccgXtoUF.s 			page 12


 347 00e3 01       		.uleb128 0x1
 348 00e4 9C       		.byte	0x9c
 349 00e5 34010000 		.4byte	0x134
 350 00e9 09       		.uleb128 0x9
 351 00ea 9D010000 		.4byte	.LASF33
 352 00ee 01       		.byte	0x1
 353 00ef 3C       		.byte	0x3c
 354 00f0 6B000000 		.4byte	0x6b
 355 00f4 00000000 		.4byte	.LLST0
 356 00f8 0A       		.uleb128 0xa
 357 00f9 12000000 		.4byte	.LVL0
 358 00fd C1010000 		.4byte	0x1c1
 359 0101 0A       		.uleb128 0xa
 360 0102 20000000 		.4byte	.LVL1
 361 0106 CC010000 		.4byte	0x1cc
 362 010a 0B       		.uleb128 0xb
 363 010b 38000000 		.4byte	.LVL2
 364 010f DD010000 		.4byte	0x1dd
 365 0113 23010000 		.4byte	0x123
 366 0117 0C       		.uleb128 0xc
 367 0118 01       		.uleb128 0x1
 368 0119 51       		.byte	0x51
 369 011a 01       		.uleb128 0x1
 370 011b 37       		.byte	0x37
 371 011c 0C       		.uleb128 0xc
 372 011d 01       		.uleb128 0x1
 373 011e 50       		.byte	0x50
 374 011f 02       		.uleb128 0x2
 375 0120 74       		.byte	0x74
 376 0121 00       		.sleb128 0
 377 0122 00       		.byte	0
 378 0123 0D       		.uleb128 0xd
 379 0124 40000000 		.4byte	.LVL3
 380 0128 F3010000 		.4byte	0x1f3
 381 012c 0C       		.uleb128 0xc
 382 012d 01       		.uleb128 0x1
 383 012e 50       		.byte	0x50
 384 012f 02       		.uleb128 0x2
 385 0130 74       		.byte	0x74
 386 0131 00       		.sleb128 0
 387 0132 00       		.byte	0
 388 0133 00       		.byte	0
 389 0134 0E       		.uleb128 0xe
 390 0135 74020000 		.4byte	.LASF20
 391 0139 01       		.byte	0x1
 392 013a 85       		.byte	0x85
 393 013b 00000000 		.4byte	.LFB1
 394 013f 10000000 		.4byte	.LFE1-.LFB1
 395 0143 01       		.uleb128 0x1
 396 0144 9C       		.byte	0x9c
 397 0145 08       		.uleb128 0x8
 398 0146 F8000000 		.4byte	.LASF19
 399 014a 01       		.byte	0x1
 400 014b BD       		.byte	0xbd
 401 014c 00000000 		.4byte	.LFB2
 402 0150 28000000 		.4byte	.LFE2-.LFB2
 403 0154 01       		.uleb128 0x1
ARM GAS  C:\Users\ADMINI~1\AppData\Local\Temp\ccgXtoUF.s 			page 13


 404 0155 9C       		.byte	0x9c
 405 0156 6D010000 		.4byte	0x16d
 406 015a 0A       		.uleb128 0xa
 407 015b 0C000000 		.4byte	.LVL4
 408 015f D4000000 		.4byte	0xd4
 409 0163 0A       		.uleb128 0xa
 410 0164 16000000 		.4byte	.LVL5
 411 0168 34010000 		.4byte	0x134
 412 016c 00       		.byte	0
 413 016d 0E       		.uleb128 0xe
 414 016e 41000000 		.4byte	.LASF21
 415 0172 01       		.byte	0x1
 416 0173 D9       		.byte	0xd9
 417 0174 00000000 		.4byte	.LFB3
 418 0178 40000000 		.4byte	.LFE3-.LFB3
 419 017c 01       		.uleb128 0x1
 420 017d 9C       		.byte	0x9c
 421 017e 0F       		.uleb128 0xf
 422 017f 58020000 		.4byte	.LASF22
 423 0183 01       		.byte	0x1
 424 0184 18       		.byte	0x18
 425 0185 6B000000 		.4byte	0x6b
 426 0189 05       		.uleb128 0x5
 427 018a 03       		.byte	0x3
 428 018b 00000000 		.4byte	I2C_UDB_M_initVar
 429 018f 0F       		.uleb128 0xf
 430 0190 50000000 		.4byte	.LASF23
 431 0194 01       		.byte	0x1
 432 0195 1A       		.byte	0x1a
 433 0196 A4000000 		.4byte	0xa4
 434 019a 05       		.uleb128 0x5
 435 019b 03       		.byte	0x3
 436 019c 00000000 		.4byte	I2C_UDB_M_state
 437 01a0 10       		.uleb128 0x10
 438 01a1 B7000000 		.4byte	.LASF24
 439 01a5 03       		.byte	0x3
 440 01a6 27       		.byte	0x27
 441 01a7 A4000000 		.4byte	0xa4
 442 01ab 10       		.uleb128 0x10
 443 01ac 15000000 		.4byte	.LASF25
 444 01b0 03       		.byte	0x3
 445 01b1 2D       		.byte	0x2d
 446 01b2 A4000000 		.4byte	0xa4
 447 01b6 10       		.uleb128 0x10
 448 01b7 3F020000 		.4byte	.LASF26
 449 01bb 03       		.byte	0x3
 450 01bc 32       		.byte	0x32
 451 01bd A4000000 		.4byte	0xa4
 452 01c1 11       		.uleb128 0x11
 453 01c2 FF010000 		.4byte	.LASF34
 454 01c6 04       		.byte	0x4
 455 01c7 7D       		.byte	0x7d
 456 01c8 6B000000 		.4byte	0x6b
 457 01cc 12       		.uleb128 0x12
 458 01cd D8010000 		.4byte	.LASF27
 459 01d1 04       		.byte	0x4
 460 01d2 7E       		.byte	0x7e
ARM GAS  C:\Users\ADMINI~1\AppData\Local\Temp\ccgXtoUF.s 			page 14


 461 01d3 DD010000 		.4byte	0x1dd
 462 01d7 13       		.uleb128 0x13
 463 01d8 6B000000 		.4byte	0x6b
 464 01dc 00       		.byte	0
 465 01dd 12       		.uleb128 0x12
 466 01de EE010000 		.4byte	.LASF28
 467 01e2 04       		.byte	0x4
 468 01e3 8B       		.byte	0x8b
 469 01e4 F3010000 		.4byte	0x1f3
 470 01e8 13       		.uleb128 0x13
 471 01e9 6B000000 		.4byte	0x6b
 472 01ed 13       		.uleb128 0x13
 473 01ee 6B000000 		.4byte	0x6b
 474 01f2 00       		.byte	0
 475 01f3 14       		.uleb128 0x14
 476 01f4 06000000 		.4byte	.LASF29
 477 01f8 04       		.byte	0x4
 478 01f9 88       		.byte	0x88
 479 01fa BA000000 		.4byte	0xba
 480 01fe 13       		.uleb128 0x13
 481 01ff 6B000000 		.4byte	0x6b
 482 0203 13       		.uleb128 0x13
 483 0204 BA000000 		.4byte	0xba
 484 0208 00       		.byte	0
 485 0209 00       		.byte	0
 486              		.section	.debug_abbrev,"",%progbits
 487              	.Ldebug_abbrev0:
 488 0000 01       		.uleb128 0x1
 489 0001 11       		.uleb128 0x11
 490 0002 01       		.byte	0x1
 491 0003 25       		.uleb128 0x25
 492 0004 0E       		.uleb128 0xe
 493 0005 13       		.uleb128 0x13
 494 0006 0B       		.uleb128 0xb
 495 0007 03       		.uleb128 0x3
 496 0008 0E       		.uleb128 0xe
 497 0009 1B       		.uleb128 0x1b
 498 000a 0E       		.uleb128 0xe
 499 000b 55       		.uleb128 0x55
 500 000c 17       		.uleb128 0x17
 501 000d 11       		.uleb128 0x11
 502 000e 01       		.uleb128 0x1
 503 000f 10       		.uleb128 0x10
 504 0010 17       		.uleb128 0x17
 505 0011 00       		.byte	0
 506 0012 00       		.byte	0
 507 0013 02       		.uleb128 0x2
 508 0014 24       		.uleb128 0x24
 509 0015 00       		.byte	0
 510 0016 0B       		.uleb128 0xb
 511 0017 0B       		.uleb128 0xb
 512 0018 3E       		.uleb128 0x3e
 513 0019 0B       		.uleb128 0xb
 514 001a 03       		.uleb128 0x3
 515 001b 0E       		.uleb128 0xe
 516 001c 00       		.byte	0
 517 001d 00       		.byte	0
ARM GAS  C:\Users\ADMINI~1\AppData\Local\Temp\ccgXtoUF.s 			page 15


 518 001e 03       		.uleb128 0x3
 519 001f 24       		.uleb128 0x24
 520 0020 00       		.byte	0
 521 0021 0B       		.uleb128 0xb
 522 0022 0B       		.uleb128 0xb
 523 0023 3E       		.uleb128 0x3e
 524 0024 0B       		.uleb128 0xb
 525 0025 03       		.uleb128 0x3
 526 0026 08       		.uleb128 0x8
 527 0027 00       		.byte	0
 528 0028 00       		.byte	0
 529 0029 04       		.uleb128 0x4
 530 002a 16       		.uleb128 0x16
 531 002b 00       		.byte	0
 532 002c 03       		.uleb128 0x3
 533 002d 0E       		.uleb128 0xe
 534 002e 3A       		.uleb128 0x3a
 535 002f 0B       		.uleb128 0xb
 536 0030 3B       		.uleb128 0x3b
 537 0031 05       		.uleb128 0x5
 538 0032 49       		.uleb128 0x49
 539 0033 13       		.uleb128 0x13
 540 0034 00       		.byte	0
 541 0035 00       		.byte	0
 542 0036 05       		.uleb128 0x5
 543 0037 35       		.uleb128 0x35
 544 0038 00       		.byte	0
 545 0039 49       		.uleb128 0x49
 546 003a 13       		.uleb128 0x13
 547 003b 00       		.byte	0
 548 003c 00       		.byte	0
 549 003d 06       		.uleb128 0x6
 550 003e 0F       		.uleb128 0xf
 551 003f 00       		.byte	0
 552 0040 0B       		.uleb128 0xb
 553 0041 0B       		.uleb128 0xb
 554 0042 49       		.uleb128 0x49
 555 0043 13       		.uleb128 0x13
 556 0044 00       		.byte	0
 557 0045 00       		.byte	0
 558 0046 07       		.uleb128 0x7
 559 0047 15       		.uleb128 0x15
 560 0048 00       		.byte	0
 561 0049 27       		.uleb128 0x27
 562 004a 19       		.uleb128 0x19
 563 004b 00       		.byte	0
 564 004c 00       		.byte	0
 565 004d 08       		.uleb128 0x8
 566 004e 2E       		.uleb128 0x2e
 567 004f 01       		.byte	0x1
 568 0050 3F       		.uleb128 0x3f
 569 0051 19       		.uleb128 0x19
 570 0052 03       		.uleb128 0x3
 571 0053 0E       		.uleb128 0xe
 572 0054 3A       		.uleb128 0x3a
 573 0055 0B       		.uleb128 0xb
 574 0056 3B       		.uleb128 0x3b
ARM GAS  C:\Users\ADMINI~1\AppData\Local\Temp\ccgXtoUF.s 			page 16


 575 0057 0B       		.uleb128 0xb
 576 0058 27       		.uleb128 0x27
 577 0059 19       		.uleb128 0x19
 578 005a 11       		.uleb128 0x11
 579 005b 01       		.uleb128 0x1
 580 005c 12       		.uleb128 0x12
 581 005d 06       		.uleb128 0x6
 582 005e 40       		.uleb128 0x40
 583 005f 18       		.uleb128 0x18
 584 0060 9742     		.uleb128 0x2117
 585 0062 19       		.uleb128 0x19
 586 0063 01       		.uleb128 0x1
 587 0064 13       		.uleb128 0x13
 588 0065 00       		.byte	0
 589 0066 00       		.byte	0
 590 0067 09       		.uleb128 0x9
 591 0068 34       		.uleb128 0x34
 592 0069 00       		.byte	0
 593 006a 03       		.uleb128 0x3
 594 006b 0E       		.uleb128 0xe
 595 006c 3A       		.uleb128 0x3a
 596 006d 0B       		.uleb128 0xb
 597 006e 3B       		.uleb128 0x3b
 598 006f 0B       		.uleb128 0xb
 599 0070 49       		.uleb128 0x49
 600 0071 13       		.uleb128 0x13
 601 0072 02       		.uleb128 0x2
 602 0073 17       		.uleb128 0x17
 603 0074 00       		.byte	0
 604 0075 00       		.byte	0
 605 0076 0A       		.uleb128 0xa
 606 0077 898201   		.uleb128 0x4109
 607 007a 00       		.byte	0
 608 007b 11       		.uleb128 0x11
 609 007c 01       		.uleb128 0x1
 610 007d 31       		.uleb128 0x31
 611 007e 13       		.uleb128 0x13
 612 007f 00       		.byte	0
 613 0080 00       		.byte	0
 614 0081 0B       		.uleb128 0xb
 615 0082 898201   		.uleb128 0x4109
 616 0085 01       		.byte	0x1
 617 0086 11       		.uleb128 0x11
 618 0087 01       		.uleb128 0x1
 619 0088 31       		.uleb128 0x31
 620 0089 13       		.uleb128 0x13
 621 008a 01       		.uleb128 0x1
 622 008b 13       		.uleb128 0x13
 623 008c 00       		.byte	0
 624 008d 00       		.byte	0
 625 008e 0C       		.uleb128 0xc
 626 008f 8A8201   		.uleb128 0x410a
 627 0092 00       		.byte	0
 628 0093 02       		.uleb128 0x2
 629 0094 18       		.uleb128 0x18
 630 0095 9142     		.uleb128 0x2111
 631 0097 18       		.uleb128 0x18
ARM GAS  C:\Users\ADMINI~1\AppData\Local\Temp\ccgXtoUF.s 			page 17


 632 0098 00       		.byte	0
 633 0099 00       		.byte	0
 634 009a 0D       		.uleb128 0xd
 635 009b 898201   		.uleb128 0x4109
 636 009e 01       		.byte	0x1
 637 009f 11       		.uleb128 0x11
 638 00a0 01       		.uleb128 0x1
 639 00a1 31       		.uleb128 0x31
 640 00a2 13       		.uleb128 0x13
 641 00a3 00       		.byte	0
 642 00a4 00       		.byte	0
 643 00a5 0E       		.uleb128 0xe
 644 00a6 2E       		.uleb128 0x2e
 645 00a7 00       		.byte	0
 646 00a8 3F       		.uleb128 0x3f
 647 00a9 19       		.uleb128 0x19
 648 00aa 03       		.uleb128 0x3
 649 00ab 0E       		.uleb128 0xe
 650 00ac 3A       		.uleb128 0x3a
 651 00ad 0B       		.uleb128 0xb
 652 00ae 3B       		.uleb128 0x3b
 653 00af 0B       		.uleb128 0xb
 654 00b0 27       		.uleb128 0x27
 655 00b1 19       		.uleb128 0x19
 656 00b2 11       		.uleb128 0x11
 657 00b3 01       		.uleb128 0x1
 658 00b4 12       		.uleb128 0x12
 659 00b5 06       		.uleb128 0x6
 660 00b6 40       		.uleb128 0x40
 661 00b7 18       		.uleb128 0x18
 662 00b8 9742     		.uleb128 0x2117
 663 00ba 19       		.uleb128 0x19
 664 00bb 00       		.byte	0
 665 00bc 00       		.byte	0
 666 00bd 0F       		.uleb128 0xf
 667 00be 34       		.uleb128 0x34
 668 00bf 00       		.byte	0
 669 00c0 03       		.uleb128 0x3
 670 00c1 0E       		.uleb128 0xe
 671 00c2 3A       		.uleb128 0x3a
 672 00c3 0B       		.uleb128 0xb
 673 00c4 3B       		.uleb128 0x3b
 674 00c5 0B       		.uleb128 0xb
 675 00c6 49       		.uleb128 0x49
 676 00c7 13       		.uleb128 0x13
 677 00c8 3F       		.uleb128 0x3f
 678 00c9 19       		.uleb128 0x19
 679 00ca 02       		.uleb128 0x2
 680 00cb 18       		.uleb128 0x18
 681 00cc 00       		.byte	0
 682 00cd 00       		.byte	0
 683 00ce 10       		.uleb128 0x10
 684 00cf 34       		.uleb128 0x34
 685 00d0 00       		.byte	0
 686 00d1 03       		.uleb128 0x3
 687 00d2 0E       		.uleb128 0xe
 688 00d3 3A       		.uleb128 0x3a
ARM GAS  C:\Users\ADMINI~1\AppData\Local\Temp\ccgXtoUF.s 			page 18


 689 00d4 0B       		.uleb128 0xb
 690 00d5 3B       		.uleb128 0x3b
 691 00d6 0B       		.uleb128 0xb
 692 00d7 49       		.uleb128 0x49
 693 00d8 13       		.uleb128 0x13
 694 00d9 3F       		.uleb128 0x3f
 695 00da 19       		.uleb128 0x19
 696 00db 3C       		.uleb128 0x3c
 697 00dc 19       		.uleb128 0x19
 698 00dd 00       		.byte	0
 699 00de 00       		.byte	0
 700 00df 11       		.uleb128 0x11
 701 00e0 2E       		.uleb128 0x2e
 702 00e1 00       		.byte	0
 703 00e2 3F       		.uleb128 0x3f
 704 00e3 19       		.uleb128 0x19
 705 00e4 03       		.uleb128 0x3
 706 00e5 0E       		.uleb128 0xe
 707 00e6 3A       		.uleb128 0x3a
 708 00e7 0B       		.uleb128 0xb
 709 00e8 3B       		.uleb128 0x3b
 710 00e9 0B       		.uleb128 0xb
 711 00ea 27       		.uleb128 0x27
 712 00eb 19       		.uleb128 0x19
 713 00ec 49       		.uleb128 0x49
 714 00ed 13       		.uleb128 0x13
 715 00ee 3C       		.uleb128 0x3c
 716 00ef 19       		.uleb128 0x19
 717 00f0 00       		.byte	0
 718 00f1 00       		.byte	0
 719 00f2 12       		.uleb128 0x12
 720 00f3 2E       		.uleb128 0x2e
 721 00f4 01       		.byte	0x1
 722 00f5 3F       		.uleb128 0x3f
 723 00f6 19       		.uleb128 0x19
 724 00f7 03       		.uleb128 0x3
 725 00f8 0E       		.uleb128 0xe
 726 00f9 3A       		.uleb128 0x3a
 727 00fa 0B       		.uleb128 0xb
 728 00fb 3B       		.uleb128 0x3b
 729 00fc 0B       		.uleb128 0xb
 730 00fd 27       		.uleb128 0x27
 731 00fe 19       		.uleb128 0x19
 732 00ff 3C       		.uleb128 0x3c
 733 0100 19       		.uleb128 0x19
 734 0101 01       		.uleb128 0x1
 735 0102 13       		.uleb128 0x13
 736 0103 00       		.byte	0
 737 0104 00       		.byte	0
 738 0105 13       		.uleb128 0x13
 739 0106 05       		.uleb128 0x5
 740 0107 00       		.byte	0
 741 0108 49       		.uleb128 0x49
 742 0109 13       		.uleb128 0x13
 743 010a 00       		.byte	0
 744 010b 00       		.byte	0
 745 010c 14       		.uleb128 0x14
ARM GAS  C:\Users\ADMINI~1\AppData\Local\Temp\ccgXtoUF.s 			page 19


 746 010d 2E       		.uleb128 0x2e
 747 010e 01       		.byte	0x1
 748 010f 3F       		.uleb128 0x3f
 749 0110 19       		.uleb128 0x19
 750 0111 03       		.uleb128 0x3
 751 0112 0E       		.uleb128 0xe
 752 0113 3A       		.uleb128 0x3a
 753 0114 0B       		.uleb128 0xb
 754 0115 3B       		.uleb128 0x3b
 755 0116 0B       		.uleb128 0xb
 756 0117 27       		.uleb128 0x27
 757 0118 19       		.uleb128 0x19
 758 0119 49       		.uleb128 0x49
 759 011a 13       		.uleb128 0x13
 760 011b 3C       		.uleb128 0x3c
 761 011c 19       		.uleb128 0x19
 762 011d 00       		.byte	0
 763 011e 00       		.byte	0
 764 011f 00       		.byte	0
 765              		.section	.debug_loc,"",%progbits
 766              	.Ldebug_loc0:
 767              	.LLST0:
 768 0000 12000000 		.4byte	.LVL0
 769 0004 1F000000 		.4byte	.LVL1-1
 770 0008 0100     		.2byte	0x1
 771 000a 50       		.byte	0x50
 772 000b 00000000 		.4byte	0
 773 000f 00000000 		.4byte	0
 774              		.section	.debug_aranges,"",%progbits
 775 0000 34000000 		.4byte	0x34
 776 0004 0200     		.2byte	0x2
 777 0006 00000000 		.4byte	.Ldebug_info0
 778 000a 04       		.byte	0x4
 779 000b 00       		.byte	0
 780 000c 0000     		.2byte	0
 781 000e 0000     		.2byte	0
 782 0010 00000000 		.4byte	.LFB0
 783 0014 78000000 		.4byte	.LFE0-.LFB0
 784 0018 00000000 		.4byte	.LFB1
 785 001c 10000000 		.4byte	.LFE1-.LFB1
 786 0020 00000000 		.4byte	.LFB2
 787 0024 28000000 		.4byte	.LFE2-.LFB2
 788 0028 00000000 		.4byte	.LFB3
 789 002c 40000000 		.4byte	.LFE3-.LFB3
 790 0030 00000000 		.4byte	0
 791 0034 00000000 		.4byte	0
 792              		.section	.debug_ranges,"",%progbits
 793              	.Ldebug_ranges0:
 794 0000 00000000 		.4byte	.LFB0
 795 0004 78000000 		.4byte	.LFE0
 796 0008 00000000 		.4byte	.LFB1
 797 000c 10000000 		.4byte	.LFE1
 798 0010 00000000 		.4byte	.LFB2
 799 0014 28000000 		.4byte	.LFE2
 800 0018 00000000 		.4byte	.LFB3
 801 001c 40000000 		.4byte	.LFE3
 802 0020 00000000 		.4byte	0
ARM GAS  C:\Users\ADMINI~1\AppData\Local\Temp\ccgXtoUF.s 			page 20


 803 0024 00000000 		.4byte	0
 804              		.section	.debug_line,"",%progbits
 805              	.Ldebug_line0:
 806 0000 D3000000 		.section	.debug_str,"MS",%progbits,1
 806      02006600 
 806      00000201 
 806      FB0E0D00 
 806      01010101 
 807              	.LASF15:
 808 0000 72656733 		.ascii	"reg32\000"
 808      3200
 809              	.LASF29:
 810 0006 4379496E 		.ascii	"CyIntSetVector\000"
 810      74536574 
 810      56656374 
 810      6F7200
 811              	.LASF25:
 812 0015 4932435F 		.ascii	"I2C_UDB_M_mstrRdBufIndex\000"
 812      5544425F 
 812      4D5F6D73 
 812      74725264 
 812      42756649 
 813              	.LASF3:
 814 002e 73686F72 		.ascii	"short unsigned int\000"
 814      7420756E 
 814      7369676E 
 814      65642069 
 814      6E7400
 815              	.LASF21:
 816 0041 4932435F 		.ascii	"I2C_UDB_M_Stop\000"
 816      5544425F 
 816      4D5F5374 
 816      6F7000
 817              	.LASF23:
 818 0050 4932435F 		.ascii	"I2C_UDB_M_state\000"
 818      5544425F 
 818      4D5F7374 
 818      61746500 
 819              	.LASF11:
 820 0060 666C6F61 		.ascii	"float\000"
 820      7400
 821              	.LASF7:
 822 0066 6C6F6E67 		.ascii	"long long unsigned int\000"
 822      206C6F6E 
 822      6720756E 
 822      7369676E 
 822      65642069 
 823              	.LASF18:
 824 007d 4932435F 		.ascii	"I2C_UDB_M_Init\000"
 824      5544425F 
 824      4D5F496E 
 824      697400
 825              	.LASF1:
 826 008c 756E7369 		.ascii	"unsigned char\000"
 826      676E6564 
 826      20636861 
 826      7200
ARM GAS  C:\Users\ADMINI~1\AppData\Local\Temp\ccgXtoUF.s 			page 21


 827              	.LASF14:
 828 009a 72656738 		.ascii	"reg8\000"
 828      00
 829              	.LASF5:
 830 009f 6C6F6E67 		.ascii	"long unsigned int\000"
 830      20756E73 
 830      69676E65 
 830      6420696E 
 830      7400
 831              	.LASF9:
 832 00b1 75696E74 		.ascii	"uint8\000"
 832      3800
 833              	.LASF24:
 834 00b7 4932435F 		.ascii	"I2C_UDB_M_mstrStatus\000"
 834      5544425F 
 834      4D5F6D73 
 834      74725374 
 834      61747573 
 835              	.LASF12:
 836 00cc 646F7562 		.ascii	"double\000"
 836      6C6500
 837              	.LASF32:
 838 00d3 443A5C73 		.ascii	"D:\\sjh\\UAV_Control\\UAV_Control.cydsn\000"
 838      6A685C55 
 838      41565F43 
 838      6F6E7472 
 838      6F6C5C55 
 839              	.LASF19:
 840 00f8 4932435F 		.ascii	"I2C_UDB_M_Start\000"
 840      5544425F 
 840      4D5F5374 
 840      61727400 
 841              	.LASF10:
 842 0108 75696E74 		.ascii	"uint32\000"
 842      333200
 843              	.LASF30:
 844 010f 474E5520 		.ascii	"GNU C 4.9.3 20150303 (release) [ARM/embedded-4_9-br"
 844      4320342E 
 844      392E3320 
 844      32303135 
 844      30333033 
 845 0142 616E6368 		.ascii	"anch revision 221220] -mcpu=cortex-m3 -mthumb -g -O"
 845      20726576 
 845      6973696F 
 845      6E203232 
 845      31323230 
 846 0175 67202D66 		.ascii	"g -ffunction-sections -ffat-lto-objects\000"
 846      66756E63 
 846      74696F6E 
 846      2D736563 
 846      74696F6E 
 847              	.LASF33:
 848 019d 696E7453 		.ascii	"intState\000"
 848      74617465 
 848      00
 849              	.LASF8:
 850 01a6 756E7369 		.ascii	"unsigned int\000"
ARM GAS  C:\Users\ADMINI~1\AppData\Local\Temp\ccgXtoUF.s 			page 22


 850      676E6564 
 850      20696E74 
 850      00
 851              	.LASF31:
 852 01b3 2E5C4765 		.ascii	".\\Generated_Source\\PSoC5\\I2C_UDB_M.c\000"
 852      6E657261 
 852      7465645F 
 852      536F7572 
 852      63655C50 
 853              	.LASF27:
 854 01d8 43794578 		.ascii	"CyExitCriticalSection\000"
 854      69744372 
 854      69746963 
 854      616C5365 
 854      6374696F 
 855              	.LASF28:
 856 01ee 4379496E 		.ascii	"CyIntSetPriority\000"
 856      74536574 
 856      5072696F 
 856      72697479 
 856      00
 857              	.LASF34:
 858 01ff 4379456E 		.ascii	"CyEnterCriticalSection\000"
 858      74657243 
 858      72697469 
 858      63616C53 
 858      65637469 
 859              	.LASF16:
 860 0216 63796973 		.ascii	"cyisraddress\000"
 860      72616464 
 860      72657373 
 860      00
 861              	.LASF17:
 862 0223 73697A65 		.ascii	"sizetype\000"
 862      74797065 
 862      00
 863              	.LASF6:
 864 022c 6C6F6E67 		.ascii	"long long int\000"
 864      206C6F6E 
 864      6720696E 
 864      7400
 865              	.LASF13:
 866 023a 63686172 		.ascii	"char\000"
 866      00
 867              	.LASF26:
 868 023f 4932435F 		.ascii	"I2C_UDB_M_mstrWrBufIndex\000"
 868      5544425F 
 868      4D5F6D73 
 868      74725772 
 868      42756649 
 869              	.LASF22:
 870 0258 4932435F 		.ascii	"I2C_UDB_M_initVar\000"
 870      5544425F 
 870      4D5F696E 
 870      69745661 
 870      7200
 871              	.LASF2:
ARM GAS  C:\Users\ADMINI~1\AppData\Local\Temp\ccgXtoUF.s 			page 23


 872 026a 73686F72 		.ascii	"short int\000"
 872      7420696E 
 872      7400
 873              	.LASF20:
 874 0274 4932435F 		.ascii	"I2C_UDB_M_Enable\000"
 874      5544425F 
 874      4D5F456E 
 874      61626C65 
 874      00
 875              	.LASF4:
 876 0285 6C6F6E67 		.ascii	"long int\000"
 876      20696E74 
 876      00
 877              	.LASF0:
 878 028e 7369676E 		.ascii	"signed char\000"
 878      65642063 
 878      68617200 
 879              		.ident	"GCC: (GNU Tools for ARM Embedded Processors) 4.9.3 20150303 (release) [ARM/embedded-4_9-br
